Loading climacommon/2025_05_15
  Loading requirement: climaauth/2025_05_15 openmpi/4.1.5-mpitrampoline
    julia/1.11.5 cuda/julia-pref
Using Python 3.14.2 environment at: .calkit/venvs/main/.venv
2026-01-15 05:37:52 - Running benchmark for date: 2026-01-01
2026-01-15 05:37:52 - Git revs:
2026-01-15 05:37:52 -   ClimaCoupler.jl: 475da2c6ce6702a4bc23fae27daad9bd3cc3ef84
2026-01-15 05:37:52 -   ClimaAtmos.jl: 655745badd72a470d8a4430f48ddf93a8d8c4f81
2026-01-15 05:37:52 -   ClimaCore.jl: 89a5004a710346b7918270eb86f38e38ddee1ebe
2026-01-15 05:37:52 -   ClimaTimesteppers.jl: 47a52f332cb8cc2898d90a1c5b2b760ae0b6fbab
2026-01-15 05:37:52 -   Thermodynamics.jl: 609ecb405b823f2241f697ca10777ce16584623e
2026-01-15 05:37:52 -   RRTMGP.jl: 90eadd1744d321a9e3fc600ef613ac2e4c42209a
2026-01-15 05:37:52 - Copying ClimaCoupler at rev: 475da2c6ce6702a4bc23fae27daad9bd3cc3ef84
2026-01-15 05:37:52 - Instantiating ClimaEarth environment at: runs/amip/2026-01-01/ClimaCoupler.jl/experiments/ClimaEarth
┌ Warning: The project dependencies or compat requirements have changed since the manifest was last resolved.
│ It is recommended to `Pkg.resolve()` or consider `Pkg.update()` if necessary.
└ @ Pkg.API /clima/software/julia/julia-1.11.5/share/julia/stdlib/v1.11/Pkg/src/API.jl:1206
Precompiling project...
  11679.1 ms  ✓ ClimaLand
   8335.3 ms  ✓ ClimaLand → FluxnetSimulationsExt
  24112.6 ms  ✓ ClimaAtmos
   7348.1 ms  ✓ ClimaCoupler
  20413.3 ms  ✓ ClimaLand → LandSimulationVisualizationExt
  5 dependencies successfully precompiled in 40 seconds. 643 already precompiled.
2026-01-15 05:38:44 - Adding package: ClimaAtmos.jl at rev: 655745badd72a470d8a4430f48ddf93a8d8c4f81
   Resolving package versions...
    Updating `~/calkit/clima-perf/runs/amip/2026-01-01/ClimaCoupler.jl/experiments/ClimaEarth/Project.toml`
  [b2c96348] ~ ClimaAtmos v0.33.0 ⇒ v0.33.0 `https://github.com/CliMA/ClimaAtmos.jl#655745b`
  [d414da3d] ↑ ClimaCore v0.14.44 ⇒ v0.14.45
  [08f4d4ce] ↑ ClimaLand v1.2.1 ⇒ v1.3.0
  [5c42b081] ↑ ClimaParams v1.0.7 ⇒ v1.0.9
  [90137ffa] ↑ StaticArrays v1.9.15 ⇒ v1.9.16
  [49b00bb7] ↑ SurfaceFluxes v0.14.1 ⇒ v0.14.2
  [b60c26fb] ↑ Thermodynamics v0.15.2 ⇒ v0.15.4
    Updating `~/calkit/clima-perf/runs/amip/2026-01-01/ClimaCoupler.jl/experiments/ClimaEarth/Manifest-v1.11.toml`
  [47edcb42] ↑ ADTypes v1.20.0 ⇒ v1.21.0
  [dce04be8] + ArgCheck v2.5.0
  [aae01518] ↑ BandedMatrices v1.10.2 ⇒ v1.11.0
  [198e06fe] + BangBang v0.4.6
  [9718e550] + Baselet v0.1.1
  [082447d4] + ChainRules v1.72.6
  [0b6fb165] ↑ ChunkCodecCore v1.0.0 ⇒ v1.0.1
  [b2c96348] ~ ClimaAtmos v0.33.0 ⇒ v0.33.0 `https://github.com/CliMA/ClimaAtmos.jl#655745b`
  [d414da3d] ↑ ClimaCore v0.14.44 ⇒ v0.14.45
  [08f4d4ce] ↑ ClimaLand v1.2.1 ⇒ v1.3.0
  [5c42b081] ↑ ClimaParams v1.0.7 ⇒ v1.0.9
  [6a9e3e04] ↑ CloudMicrophysics v0.29.0 ⇒ v0.29.1
  [38540f10] ↑ CommonSolve v0.2.4 ⇒ v0.2.6
  [6add18c4] + ContextVariablesX v0.1.3
  [244e2a9f] + DefineSingletons v0.1.2
  [a0c0ee7d] ↑ DifferentiationInterface v0.7.12 ⇒ v0.7.14
  [31c24e10] ↑ Distributions v0.25.122 ⇒ v0.25.123
  [f151be2c] ↑ EnzymeCore v0.8.17 ⇒ v0.8.18
  [cc61a311] + FLoops v0.2.2
  [b9860ae5] + FLoopsBase v0.1.1
  [a4df4552] ↑ FastPower v1.2.0 ⇒ v1.3.0
  [587475ba] + Flux v0.16.7
  [f6369f11] ↑ ForwardDiff v1.3.0 ⇒ v1.3.1
  [d9f16b24] + Functors v0.5.2
  [0c68f7d7] ↑ GPUArrays v11.3.1 ⇒ v11.3.4
  [3251bfac] ↑ GeometryOps v0.1.31 ⇒ v0.1.33
  [05efe853] ↑ GeometryOpsCore v0.1.7 ⇒ v0.1.8
  [7869d1d1] + IRTools v0.4.15
  [22cec73e] + InitialValues v0.3.1
  [682c06a0] ↑ JSON v1.3.0 ⇒ v1.4.0
  [b14d175d] + JuliaVariables v0.2.4
  [c2834f40] + MLCore v1.0.0
  [7e8f7934] + MLDataDevices v1.17.1
  [d8e11817] + MLStyle v0.4.17
  [f1d291b0] + MLUtils v0.4.8
  [128add7d] + MicroCollections v0.2.0
  [872c559c] + NNlib v0.9.33
  [5da4648a] ↑ NVTX v1.0.1 ⇒ v1.0.3
  [71a1bf82] + NameResolution v0.1.5
  [0b1bfda6] + OneHotArrays v0.2.10
  [3bd65402] + Optimisers v0.4.7
  [90014a1f] ↑ PDMats v0.11.36 ⇒ v0.11.37
  [21216c6a] ↑ Preferences v1.5.0 ⇒ v1.5.1
  [8162dcfd] + PrettyPrint v0.2.0
  [33c8b6b6] + ProgressLogging v0.1.6
  [c946c3f1] ↑ SCS v2.4.0 ⇒ v2.6.0
  [c0aeaf25] ↑ SciMLOperators v1.14.0 ⇒ v1.14.1
  [431bcebd] ↑ SciMLPublic v1.0.0 ⇒ v1.0.1
  [53ae85a6] ↑ SciMLStructures v1.7.0 ⇒ v1.10.0
  [91c51154] ↑ SentinelArrays v1.4.8 ⇒ v1.4.9
  [605ecd9f] + ShowCases v0.1.0
  [73760f76] ↑ SignedDistanceFields v0.4.0 ⇒ v0.4.1
  [dc90abb0] + SparseInverseSubset v0.1.2
  [171d559e] + SplittablesBase v0.1.15
  [90137ffa] ↑ StaticArrays v1.9.15 ⇒ v1.9.16
  [2913bbd2] ↑ StatsBase v0.34.9 ⇒ v0.34.10
  [ec057cc2] ↑ StructUtils v2.6.0 ⇒ v2.6.2
  [49b00bb7] ↑ SurfaceFluxes v0.14.1 ⇒ v0.14.2
  [b60c26fb] ↑ Thermodynamics v0.15.2 ⇒ v0.15.4
  [28d57a85] + Transducers v0.4.85
  [efce3f68] ↑ WoodburyMatrices v1.0.0 ⇒ v1.1.0
  [e88e6eb3] + Zygote v0.7.10
  [700de1a5] + ZygoteRules v0.2.7
⌅ [68821587] ↑ Arpack_jll v3.5.1+1 ⇒ v3.5.2+0
  [4ee394cb] ↑ CUDA_Driver_jll v13.0.2+0 ⇒ v13.1.0+2
  [905a6f67] ↑ Imath_jll v3.1.11+0 ⇒ v3.2.2+0
  [aacddb02] ↑ JpegTurbo_jll v3.1.3+0 ⇒ v3.1.4+0
  [ad6e5548] ↑ LibTracyClient_jll v0.9.1+6 ⇒ v0.13.1+0
  [18a262bb] ↑ OpenEXR_jll v3.2.4+0 ⇒ v3.4.4+0
  [91d4177d] ↑ Opus_jll v1.5.2+0 ⇒ v1.6.0+0
  [f4f2fc5b] ↑ SCS_jll v300.200.900+0 ⇒ v300.200.1100+0
  [76ed43ae] ↑ SQLite_jll v3.48.0+0 ⇒ v3.51.2+0
  [ffd25f8a] ↑ XZ_jll v5.8.1+0 ⇒ v5.8.2+0
  [c4b69c83] + dlfcn_win32_jll v1.4.2+0
  [b53b4c65] ↑ libpng_jll v1.6.53+0 ⇒ v1.6.54+0
        Info Packages marked with ⌅ have new versions available but compatibility constraints restrict them from upgrading. To see why use `status --outdated -m`
Precompiling project...
   6624.5 ms  ✓ ClimaTimeSteppers
   8058.8 ms  ✓ RRTMGP → RRTMGPCUDAExt
  13580.2 ms  ✓ ClimaTimeSteppers → ClimaTimeSteppersBenchmarkToolsExt
  15028.9 ms  ✓ ClimaLand
   8295.3 ms  ✓ ClimaLand → FluxnetSimulationsExt
  29566.2 ms  ✓ ClimaAtmos
  20285.9 ms  ✓ ClimaLand → LandSimulationVisualizationExt
   7610.9 ms  ✓ ClimaCoupler
  8 dependencies successfully precompiled in 54 seconds. 708 already precompiled.
  2 dependencies had output during precompilation:
┌ ClimaTimeSteppers → ClimaTimeSteppersBenchmarkToolsExt
│  ┌ Warning: CUDA runtime library `libcublasLt.so.13` was loaded from a system path, `/usr/local/cuda/lib64/libcublasLt.so.13`.
│  │ This may cause errors.
│  │ 
│  │ If you're running under a profiler, this situation is expected. Otherwise,
│  │ ensure that your library path environment variable (e.g., `PATH` on Windows
│  │ or `LD_LIBRARY_PATH` on Linux) does not include CUDA library paths.
│  │ 
│  │ In any other case, please file an issue.
│  └ @ CUDA ~/.julia/packages/CUDA/TPbi4/src/initialization.jl:218
│  ┌ Warning: CUDA runtime library `libnvJitLink.so.13` was loaded from a system path, `/usr/local/cuda/lib64/libnvJitLink.so.13`.
│  │ This may cause errors.
│  │ 
│  │ If you're running under a profiler, this situation is expected. Otherwise,
│  │ ensure that your library path environment variable (e.g., `PATH` on Windows
│  │ or `LD_LIBRARY_PATH` on Linux) does not include CUDA library paths.
│  │ 
│  │ In any other case, please file an issue.
│  └ @ CUDA ~/.julia/packages/CUDA/TPbi4/src/initialization.jl:218
│  ┌ Warning: CUDA runtime library `libcusparse.so.12` was loaded from a system path, `/usr/local/cuda/lib64/libcusparse.so.12`.
│  │ This may cause errors.
│  │ 
│  │ If you're running under a profiler, this situation is expected. Otherwise,
│  │ ensure that your library path environment variable (e.g., `PATH` on Windows
│  │ or `LD_LIBRARY_PATH` on Linux) does not include CUDA library paths.
│  │ 
│  │ In any other case, please file an issue.
│  └ @ CUDA ~/.julia/packages/CUDA/TPbi4/src/initialization.jl:218
└  
┌ RRTMGP → RRTMGPCUDAExt
│  ┌ Warning: CUDA runtime library `libcublasLt.so.13` was loaded from a system path, `/usr/local/cuda/lib64/libcublasLt.so.13`.
│  │ This may cause errors.
│  │ 
│  │ If you're running under a profiler, this situation is expected. Otherwise,
│  │ ensure that your library path environment variable (e.g., `PATH` on Windows
│  │ or `LD_LIBRARY_PATH` on Linux) does not include CUDA library paths.
│  │ 
│  │ In any other case, please file an issue.
│  └ @ CUDA ~/.julia/packages/CUDA/TPbi4/src/initialization.jl:218
│  ┌ Warning: CUDA runtime library `libnvJitLink.so.13` was loaded from a system path, `/usr/local/cuda/lib64/libnvJitLink.so.13`.
│  │ This may cause errors.
│  │ 
│  │ If you're running under a profiler, this situation is expected. Otherwise,
│  │ ensure that your library path environment variable (e.g., `PATH` on Windows
│  │ or `LD_LIBRARY_PATH` on Linux) does not include CUDA library paths.
│  │ 
│  │ In any other case, please file an issue.
│  └ @ CUDA ~/.julia/packages/CUDA/TPbi4/src/initialization.jl:218
│  ┌ Warning: CUDA runtime library `libcusparse.so.12` was loaded from a system path, `/usr/local/cuda/lib64/libcusparse.so.12`.
│  │ This may cause errors.
│  │ 
│  │ If you're running under a profiler, this situation is expected. Otherwise,
│  │ ensure that your library path environment variable (e.g., `PATH` on Windows
│  │ or `LD_LIBRARY_PATH` on Linux) does not include CUDA library paths.
│  │ 
│  │ In any other case, please file an issue.
│  └ @ CUDA ~/.julia/packages/CUDA/TPbi4/src/initialization.jl:218
└  
2026-01-15 05:40:04 - Adding package: ClimaCore.jl at rev: 89a5004a710346b7918270eb86f38e38ddee1ebe
   Resolving package versions...
    Updating `~/calkit/clima-perf/runs/amip/2026-01-01/ClimaCoupler.jl/experiments/ClimaEarth/Project.toml`
  [d414da3d] ~ ClimaCore v0.14.45 ⇒ v0.14.45 `https://github.com/CliMA/ClimaCore.jl#89a5004`
    Updating `~/calkit/clima-perf/runs/amip/2026-01-01/ClimaCoupler.jl/experiments/ClimaEarth/Manifest-v1.11.toml`
  [d414da3d] ~ ClimaCore v0.14.45 ⇒ v0.14.45 `https://github.com/CliMA/ClimaCore.jl#89a5004`
2026-01-15 05:40:34 - Adding package: ClimaTimesteppers.jl at rev: 47a52f332cb8cc2898d90a1c5b2b760ae0b6fbab
   Resolving package versions...
    Updating `~/calkit/clima-perf/runs/amip/2026-01-01/ClimaCoupler.jl/experiments/ClimaEarth/Project.toml`
  [595c0a79] ~ ClimaTimeSteppers v0.8.5 ⇒ v0.8.5 `https://github.com/CliMA/ClimaTimesteppers.jl#47a52f3`
    Updating `~/calkit/clima-perf/runs/amip/2026-01-01/ClimaCoupler.jl/experiments/ClimaEarth/Manifest-v1.11.toml`
  [595c0a79] ~ ClimaTimeSteppers v0.8.5 ⇒ v0.8.5 `https://github.com/CliMA/ClimaTimesteppers.jl#47a52f3`
Precompiling project...
  11590.2 ms  ✓ ClimaLand
   7800.2 ms  ✓ ClimaLand → FluxnetSimulationsExt
  25745.1 ms  ✓ ClimaAtmos
  19997.7 ms  ✓ ClimaLand → LandSimulationVisualizationExt
   7613.2 ms  ✓ ClimaCoupler
  5 dependencies successfully precompiled in 39 seconds. 711 already precompiled.
2026-01-15 05:41:37 - Adding package: Thermodynamics.jl at rev: 609ecb405b823f2241f697ca10777ce16584623e
   Resolving package versions...
    Updating `~/calkit/clima-perf/runs/amip/2026-01-01/ClimaCoupler.jl/experiments/ClimaEarth/Project.toml`
  [b60c26fb] ~ Thermodynamics v0.15.4 ⇒ v0.15.2 `https://github.com/CliMA/Thermodynamics.jl#609ecb4`
    Updating `~/calkit/clima-perf/runs/amip/2026-01-01/ClimaCoupler.jl/experiments/ClimaEarth/Manifest-v1.11.toml`
  [b60c26fb] ~ Thermodynamics v0.15.4 ⇒ v0.15.2 `https://github.com/CliMA/Thermodynamics.jl#609ecb4`
Precompiling project...
  15841.1 ms  ✓ ClimaAtmos
   5667.2 ms  ✓ ClimaCoupler
  2 dependencies successfully precompiled in 27 seconds. 714 already precompiled.
2026-01-15 05:42:27 - Adding package: RRTMGP.jl at rev: 90eadd1744d321a9e3fc600ef613ac2e4c42209a
   Resolving package versions...
    Updating `~/calkit/clima-perf/runs/amip/2026-01-01/ClimaCoupler.jl/experiments/ClimaEarth/Project.toml`
  [a01a1ee8] + RRTMGP v0.21.6 `https://github.com/CliMA/RRTMGP.jl#90eadd1`
    Updating `~/calkit/clima-perf/runs/amip/2026-01-01/ClimaCoupler.jl/experiments/ClimaEarth/Manifest-v1.11.toml`
  [a01a1ee8] ~ RRTMGP v0.21.6 ⇒ v0.21.6 `https://github.com/CliMA/RRTMGP.jl#90eadd1`
Precompiling project...
   1955.4 ms  ✓ RRTMGP → CreateParametersExt
   2263.1 ms  ✓ RRTMGP → RRTMGPNCDatasetsExt
   8091.3 ms  ✓ RRTMGP → RRTMGPCUDAExt
  17562.8 ms  ✓ ClimaAtmos
   5687.7 ms  ✓ ClimaCoupler
  5 dependencies successfully precompiled in 31 seconds. 711 already precompiled.
  1 dependency had output during precompilation:
┌ RRTMGP → RRTMGPCUDAExt
│  ┌ Warning: CUDA runtime library `libcublasLt.so.13` was loaded from a system path, `/usr/local/cuda/lib64/libcublasLt.so.13`.
│  │ This may cause errors.
│  │ 
│  │ If you're running under a profiler, this situation is expected. Otherwise,
│  │ ensure that your library path environment variable (e.g., `PATH` on Windows
│  │ or `LD_LIBRARY_PATH` on Linux) does not include CUDA library paths.
│  │ 
│  │ In any other case, please file an issue.
│  └ @ CUDA ~/.julia/packages/CUDA/TPbi4/src/initialization.jl:218
│  ┌ Warning: CUDA runtime library `libnvJitLink.so.13` was loaded from a system path, `/usr/local/cuda/lib64/libnvJitLink.so.13`.
│  │ This may cause errors.
│  │ 
│  │ If you're running under a profiler, this situation is expected. Otherwise,
│  │ ensure that your library path environment variable (e.g., `PATH` on Windows
│  │ or `LD_LIBRARY_PATH` on Linux) does not include CUDA library paths.
│  │ 
│  │ In any other case, please file an issue.
│  └ @ CUDA ~/.julia/packages/CUDA/TPbi4/src/initialization.jl:218
│  ┌ Warning: CUDA runtime library `libcusparse.so.12` was loaded from a system path, `/usr/local/cuda/lib64/libcusparse.so.12`.
│  │ This may cause errors.
│  │ 
│  │ If you're running under a profiler, this situation is expected. Otherwise,
│  │ ensure that your library path environment variable (e.g., `PATH` on Windows
│  │ or `LD_LIBRARY_PATH` on Linux) does not include CUDA library paths.
│  │ 
│  │ In any other case, please file an issue.
│  └ @ CUDA ~/.julia/packages/CUDA/TPbi4/src/initialization.jl:218
└  
2026-01-15 05:43:22 - Resolving environment
  No Changes to `~/calkit/clima-perf/runs/amip/2026-01-01/ClimaCoupler.jl/experiments/ClimaEarth/Project.toml`
  No Changes to `~/calkit/clima-perf/runs/amip/2026-01-01/ClimaCoupler.jl/experiments/ClimaEarth/Manifest-v1.11.toml`
2026-01-15 05:43:35 - Adding MPI package
   Resolving package versions...
    Updating `~/calkit/clima-perf/runs/amip/2026-01-01/ClimaCoupler.jl/experiments/ClimaEarth/Project.toml`
  [da04e1cc] + MPI v0.20.23
  No Changes to `~/calkit/clima-perf/runs/amip/2026-01-01/ClimaCoupler.jl/experiments/ClimaEarth/Manifest-v1.11.toml`
2026-01-15 05:44:06 - Precompiling packages
Status `~/calkit/clima-perf/runs/amip/2026-01-01/ClimaCoupler.jl/experiments/ClimaEarth/Project.toml`
  [c7e460c6] ArgParse v1.2.0
⌃ [052768ef] CUDA v5.8.5
⌃ [13f3f980] CairoMakie v0.12.18
  [29b5916a] ClimaAnalysis v0.5.20
  [b2c96348] ClimaAtmos v0.33.0 `https://github.com/CliMA/ClimaAtmos.jl#655745b`
⌅ [4347a170] ClimaCalibrate v0.1.4
  [3a4d1b5c] ClimaComms v0.6.10
  [d414da3d] ClimaCore v0.14.45 `https://github.com/CliMA/ClimaCore.jl#89a5004`
  [908f55d8] ClimaCoreMakie v0.4.6
  [4ade58fe] ClimaCoupler v0.1.2 `../..`
⌅ [1ecacbb8] ClimaDiagnostics v0.2.15
  [08f4d4ce] ClimaLand v1.3.0
⌃ [0376089a] ClimaOcean v0.8.7
  [5c42b081] ClimaParams v1.0.9
⌃ [6ba0ff68] ClimaSeaIce v0.3.10
  [595c0a79] ClimaTimeSteppers v0.8.5 `https://github.com/CliMA/ClimaTimesteppers.jl#47a52f3`
  [b3f4f4ca] ClimaUtilities v0.1.27
  [aa8a2aa5] EnsembleKalmanProcesses v2.6.0
⌃ [db073c08] GeoMakie v0.7.12
⌅ [e98cc03f] Insolation v0.10.2
⌅ [a98d9a8b] Interpolations v0.15.1
  [033835bb] JLD2 v0.6.3
  [63c18a36] KernelAbstractions v0.9.39
  [da04e1cc] MPI v0.20.23
⌅ [ee78f7c6] Makie v0.21.18
  [85f8d34a] NCDatasets v0.14.10
⌅ [9e8cae18] Oceananigans v0.100.7
⌅ [08abe8d2] PrettyTables v2.4.0
  [a01a1ee8] RRTMGP v0.21.6 `https://github.com/CliMA/RRTMGP.jl#90eadd1`
  [1bc83da4] SafeTestsets v0.1.0
⌅ [0bca4576] SciMLBase v2.112.0
  [90137ffa] StaticArrays v1.9.16
  [49b00bb7] SurfaceFluxes v0.14.2
  [b60c26fb] Thermodynamics v0.15.2 `https://github.com/CliMA/Thermodynamics.jl#609ecb4`
  [ddb6d928] YAML v0.4.16
⌃ [9c32591e] Poppler_jll v24.6.0+0
Info Packages marked with ⌃ and ⌅ have new versions available. Those with ⌃ may be upgradable, but those with ⌅ are restricted by compatibility constraints from upgrading. To see why use `status --outdated`
2026-01-15 05:44:25 - Environment setup complete
2026-01-15 05:44:25 - Copying ClimaCoupler configs
2026-01-15 05:44:25 -   ./repos/ClimaCoupler.jl/config/benchmark_configs/amip_progedmf_1m_land_he16.yml -> runs/amip/2026-01-01/ClimaCoupler.jl/config/benchmark_configs/amip_progedmf_1m_land_he16.yml
2026-01-15 05:44:25 -   ./repos/ClimaCoupler.jl/config/atmos_configs/climaatmos_progedmf_1m.yml -> runs/amip/2026-01-01/ClimaCoupler.jl/config/atmos_configs/climaatmos_progedmf_1m.yml
2026-01-15 05:44:25 - Copying ClimaCoupler TOML file
2026-01-15 05:44:25 - Starting benchmark
┌ Warning: CUDA runtime library `libcublasLt.so.13` was loaded from a system path, `/usr/local/cuda/lib64/libcublasLt.so.13`.
│ This may cause errors.
│ 
│ If you're running under a profiler, this situation is expected. Otherwise,
│ ensure that your library path environment variable (e.g., `PATH` on Windows
│ or `LD_LIBRARY_PATH` on Linux) does not include CUDA library paths.
│ 
│ In any other case, please file an issue.
└ @ CUDA ~/.julia/packages/CUDA/TPbi4/src/initialization.jl:218
┌ Warning: CUDA runtime library `libnvJitLink.so.13` was loaded from a system path, `/usr/local/cuda/lib64/libnvJitLink.so.13`.
│ This may cause errors.
│ 
│ If you're running under a profiler, this situation is expected. Otherwise,
│ ensure that your library path environment variable (e.g., `PATH` on Windows
│ or `LD_LIBRARY_PATH` on Linux) does not include CUDA library paths.
│ 
│ In any other case, please file an issue.
└ @ CUDA ~/.julia/packages/CUDA/TPbi4/src/initialization.jl:218
┌ Warning: CUDA runtime library `libcusparse.so.12` was loaded from a system path, `/usr/local/cuda/lib64/libcusparse.so.12`.
│ This may cause errors.
│ 
│ If you're running under a profiler, this situation is expected. Otherwise,
│ ensure that your library path environment variable (e.g., `PATH` on Windows
│ or `LD_LIBRARY_PATH` on Linux) does not include CUDA library paths.
│ 
│ In any other case, please file an issue.
└ @ CUDA ~/.julia/packages/CUDA/TPbi4/src/initialization.jl:218
┌ Warning: You are using Julia v1.11 or later!"
│ Oceananigans is currently tested on Julia v1.10."
│ If you find issues with Julia v1.11 or later,"
│ please report at https://github.com/CliMA/Oceananigans.jl/issues/new
└ @ Oceananigans ~/.julia/packages/Oceananigans/A56vm/src/Oceananigans.jl:125
[ Info: Using Atmos configuration from ClimaCoupler in config/atmos_configs/climaatmos_progedmf_1m.yml
[ Info: Setting up single-process ClimaCoupler run on device: CUDADevice.
[ Info: Dict{Any, Any}("sleve_eta" => 0.7, "surface_thermo_state_type" => "GCMSurfaceThermoState", "use_coupler_diagnostics" => true, "era5_diurnal_warming" => nothing, "dt" => "30secs", "prognostic_tke" => true, "use_newton_rtol" => false, "netcdf_output_at_levels" => true, "output_dir_style" => "ActiveLink", "external_forcing" => nothing, "device" => "auto", "t_end" => "1200secs", "c_amd" => 0.29, "y_elem" => 6, "z_stretch" => true, "extra_atmos_diagnostics" => Dict{Any, Any}[], "forcing" => nothing, "edmfx_nh_pressure" => true, "era5_initial_condition_dir" => nothing, "conservation_softfail" => false, "check_steady_state" => false, "restart_cache" => true, "update_jacobian_every" => "solve", "test_dycore_consistency" => false, "add_isothermal_boundary_layer" => true, "use_itime" => true, "moist" => "nonequil", "rad" => "allskywithclear", "share_surface_space" => true, "cloud_model" => "quadrature", "initial_condition" => "DecayingProfile", "krylov_rtol" => 0.1, "eisenstat_walker_forcing_alpha" => 2.0, "dt_cloud_fraction" => "1hours", "surface_setup" => "PrescribedSurface", "jvp_step_adjustment" => 1.0, "insolation" => "timevarying", "log_progress" => true, "site_latitude" => 17.0, "h_elem" => 16, "implicit_sgs_nh_pressure" => true, "coupler_toml" => ["/home/pbachant/calkit/clima-perf/runs/amip/2026-01-01/ClimaCoupler.jl/toml/amip_progedmf_1m.toml"], "netcdf_interpolation_num_points" => nothing, "coupler_output_dir" => "experiments/ClimaEarth/output", "z_max" => 60000.0, "moisture_fixer" => false, "apply_limiter" => false, "precip_model" => "1M", "atmos_log_progress" => false, "surface_temperature" => "ZonallySymmetric", "debug_jacobian" => false, "edmfx_filter" => true, "job_id" => "gpu_amip_progedmf_1M_land_he16", "log_to_file" => false, "orographic_gravity_wave" => nothing, "dt_rad" => "600secs", "edmfx_upwinding" => "first_order", "tracer_upwinding" => "vanleer_limiter", "nh_poly" => 3, "edmfx_sgs_diffusive_flux" => true, "y_max" => 300000.0, "non_orographic_gravity_wave" => false, "print_config_dict" => true, "save_cache" => true, "topography_damping_factor" => 5, "config" => "sphere", "reproducibility_test" => false, "component_dt_dict" => Dict("dt_atmos" => 30.0, "dt_land" => 30.0, "dt_seaice" => 30.0, "dt_ocean" => 30.0), "check_conservation" => false, "rmse_check" => false, "land_spun_up_ic" => true, "auto_jacobian_padding_bands" => nothing, "implicit_diffusion" => true, "z_elem" => 63, "implicit_sgs_entr_detr" => true, "use_auto_jacobian" => false, "disable_surface_flux_tendency" => false, "cfsite_number" => "site23", "turbconv" => "prognostic_edmfx", "x_elem" => 6, "idealized_clouds" => false, "edmfx_mse_q_tot_upwinding" => "first_order", "check_nan_every" => 1024, "ice_model" => "prescribed", "subsidence" => nothing, "use_dynamic_krylov_rtol" => false, "reproducible_restart" => false, "toml" => ["toml/longrun_aquaplanet_diagedmf.toml"], "mesh_warp_type" => "SLEVE", "edmfx_detr_model" => "Generalized", "external_forcing_file" => nothing, "cloud_nn_architecture" => "arch_2layers_8nodes.jld2", "topo_smoothing" => true, "hyperdiff" => "CAM_SE", "output_dir" => nothing, "constant_horizontal_diffusion" => false, "scm_coriolis" => nothing, "bubble" => false, "ode_algo" => "ARS343", "max_newton_iters_ode" => 3, "start_date" => "20100101", "time_varying_trace_gases" => ["CO2", "O3"], "use_dense_jacobian" => false, "implicit_noneq_cloud_formation" => false, "scalar_hyperdiffusion_coefficient" => 0.929738, "prognostic_surface" => "false", "detect_restart_file" => false, "edmfx_vertical_diffusion" => true, "restart_file" => nothing, "unique_seed" => false, "rayleigh_sponge" => true, "edmfx_tracer_upwinding" => "first_order", "divergence_damping_factor" => 5.0, "edmfx_entr_model" => "Generalized", "energy_check" => false, "land_model" => "integrated", "use_land_diagnostics" => true, "idealized_h2o" => false, "perturb_initstate" => true, "implicit_sgs_advection" => true, "edmfx_scale_blending" => "SmoothMinimum", "discrete_hydrostatic_balance" => false, "t_start" => "0secs", "dz_bottom" => 30.0, "dt_save_state_to_disk" => "30days", "restart_t" => nothing, "advection_test" => false, "dt_cpl" => "30secs", "checkpoint_dt" => "366days", "topography" => "Earth", "aerosol_radiation" => true, "reference_job_id" => nothing, "perf_summary" => false, "vorticity_hyperdiffusion_coefficient" => 0.1857, "implicit_sgs_mass_flux" => true, "call_cloud_diagnostics_per_stage" => false, "viscous_sponge" => true, "strict_params" => true, "config_file" => "runs/amip/2026-01-01/ClimaCoupler.jl/config/benchmark_configs/amip_progedmf_1m_land_he16.yml", "bucket_initial_condition" => "", "approximate_linear_solve_iters" => 2, "smagorinsky_lilly" => nothing, "enable_diagnostics" => true, "site_longitude" => -149.0, "evolving_ocean" => true, "implicit_sgs_vertdiff" => true, "prescribe_clouds_in_radiation" => false, "albedo_model" => "CouplerAlbedo", "FLOAT_TYPE" => "Float32", "deep_atmosphere" => true, "split_ode" => true, "amd_les" => false, "updraft_number" => 1, "restart_dir" => nothing, "detect_restart_files" => false, "ls_adv" => nothing, "energy_q_tot_upwinding" => "vanleer_limiter", "prescribed_aerosols" => ["CB1", "CB2", "DST01", "DST02", "DST03", "DST04", "DST05", "OC1", "OC2", "SO4", "SSLT01", "SSLT02", "SSLT03", "SSLT04", "SSLT05"], "dt_nogw" => "1800secs", "output_default_diagnostics" => true, "edmfx_sgs_mass_flux" => true, "x_max" => 300000.0, "radiation_reset_rng_seed" => true, "newton_rtol" => 1.0e-5, "atmos_config_file" => "config/atmos_configs/climaatmos_progedmf_1m.yml", "edmfx_sgsflux_upwinding" => "none", "mode_name" => "amip", "land_temperature_anomaly" => "aquaplanet", "bucket_albedo_type" => "map_static", "vert_diff" => "false", "use_krylov_method" => false, "sleve_s" => 10.0, "prescribed_flow" => nothing)
[ Info: Output directories experiments/ClimaEarth/output/gpu_amip_progedmf_1M_land_he16/output_0008
[ Info: Coupler artifacts directory experiments/ClimaEarth/output/gpu_amip_progedmf_1M_land_he16/artifacts
[ Info: Coupler checkpoint directory experiments/ClimaEarth/output/gpu_amip_progedmf_1M_land_he16/checkpoints
[ Info: Overwriting Atmos parameters from input TOML file(s): ["/home/pbachant/calkit/clima-perf/runs/amip/2026-01-01/ClimaCoupler.jl/toml/amip_progedmf_1m.toml"]
┌ Warning: The configuration passed to ClimaAtmos contains unused keys: share_surface_space, use_coupler_diagnostics, bucket_initial_condition, energy_check, use_land_diagnostics, land_model, edmfx_upwinding, atmos_config_file, mode_name, land_temperature_anomaly, evolving_ocean, bucket_albedo_type, save_cache, print_config_dict, extra_atmos_diagnostics, ice_model, coupler_toml, restart_t, coupler_output_dir, dt_cpl, checkpoint_dt, component_dt_dict, atmos_log_progress, conservation_softfail, restart_dir, restart_cache, detect_restart_files, rmse_check, land_spun_up_ic, config_file, unique_seed
└ @ ClimaAtmos ~/.julia/packages/ClimaAtmos/xjXEi/src/solver/yaml_helper.jl:89
[ Info: Random seed set to 1234
┌ Warning: Removing experiments/ClimaEarth/output/gpu_amip_progedmf_1M_land_he16/output_0008/clima_atmos
└ @ ClimaUtilities.OutputPathGenerator ~/.julia/packages/ClimaUtilities/5ClV5/src/OutputPathGenerator.jl:157
[ Info: Running on CUDADevice
[ Info: Setting up single-process ClimaAtmos run
┌ Info: Time info:
│   dt = "30secs"
│   t_start = "0secs"
│   t_end = "1200secs"
└   floor_n_steps = 40
┌ Info: numerics 
│        `energy_q_tot_upwinding`::`Val{:vanleer_limiter}`
│              `tracer_upwinding`::`Val{:vanleer_limiter}`
│     `edmfx_mse_q_tot_upwinding`::`Val{:first_order}`
│       `edmfx_sgsflux_upwinding`::`Val{:none}`
│        `edmfx_tracer_upwinding`::`Val{:first_order}`
│       `test_dycore_consistency`::`Nothing`
│          `reproducible_restart`::`Nothing`
│                       `limiter`::`Nothing`
│                     `diff_mode`::`ClimaAtmos.Implicit`
└                     `hyperdiff`::`ClimaAtmos.ClimaHyperdiffusion{Float32}`
┌ Info: AtmosModel: 
│ 
│                             `water`::`ClimaAtmos.AtmosWater{ClimaAtmos.NonEquilMoistModel, ClimaAtmos.Microphysics1Moment, ClimaAtmos.QuadratureCloud{ClimaAtmos.SGSQuadrature{3, StaticArraysCore.SVector{3, Float32}, StaticArraysCore.SVector{3, Float32}}}, ClimaAtmos.Explicit, Nothing}`
│                         `scm_setup`::`ClimaAtmos.SCMSetup{Nothing, Nothing, Nothing, Bool, Nothing}`
│                         `radiation`::`ClimaAtmos.AtmosRadiation{ClimaAtmos.RRTMGPInterface.AllSkyRadiationWithClearSkyDiagnostics{ClimaAtmos.InteractiveCloudInRadiation}, ClimaAtmos.TimeVaryingInsolation}`
│                          `turbconv`::`ClimaAtmos.AtmosTurbconv{ClimaAtmos.EDMFXModel{ClimaAtmos.InvZEntrainment, ClimaAtmos.BuoyancyVelocityDetrainment, Val{true}, Val{true}, Val{true}, Val{true}, Val{true}, ClimaAtmos.SmoothMinimumBlending}, ClimaAtmos.PrognosticEDMFX{1, true, Float32}, ClimaAtmos.Implicit, ClimaAtmos.Implicit, ClimaAtmos.Implicit, ClimaAtmos.Implicit, ClimaAtmos.Implicit, Nothing, Nothing, Nothing}`
│                   `prescribed_flow`::`Nothing`
│                      `gravity_wave`::`ClimaAtmos.AtmosGravityWave{Nothing, Nothing}`
│                `vertical_diffusion`::`Nothing`
│                            `sponge`::`ClimaAtmos.AtmosSponge{ClimaAtmos.ViscousSponge{Float32}, ClimaAtmos.RayleighSponge{Float32}}`
│                           `surface`::`ClimaAtmos.AtmosSurface{ClimaAtmos.ZonallySymmetricSST, ClimaAtmos.PrescribedSST, ClimaAtmos.CouplerAlbedo}`
└                          `numerics`::`ClimaAtmos.AtmosNumerics{Val{:vanleer_limiter}, Val{:vanleer_limiter}, Val{:first_order}, Val{:none}, Val{:first_order}, Nothing, Nothing, Nothing, ClimaAtmos.Implicit, ClimaAtmos.ClimaHyperdiffusion{Float32}}`
[ Info: Remapping Earth orography from ETOPO2022 data onto horizontal space
[ Info: SLEVE mesh warp (eta=0.7, s=10.0)
┌ Info: Simulation info
│   job_id = "gpu_amip_progedmf_1M_land_he16"
└   output_dir = "experiments/ClimaEarth/output/gpu_amip_progedmf_1M_land_he16/output_0008/clima_atmos"
┌ Info: Simulation Grid: ExtrudedFiniteDifferenceGrid:
│   horizontal:
│     context: SingletonCommsContext using CUDADevice
│     mesh: 16×16×6-element EquiangularCubedSphere of SphereDomain: radius = 6.371e6
│     quadrature: 4-point Gauss-Legendre-Lobatto quadrature
│   vertical:
└     mesh: 63-element IntervalMesh of IntervalDomain: z ∈ [0.0,60000.0] (:bottom, :top)
[ Info: Allocating Y: 6.957 s (12405742 allocations: 592.07 MiB)
[ Info: using deep atmosphere
[ Info: Allocating cache (p): 165.515 s (406768946 allocations: 22.61 GiB)
[ Info: Using ODE config: `ClimaTimeSteppers.ARS343`
[ Info: ode_configuration: 448.917 ms (748561 allocations: 37.02 MiB)
[ Info: Checking NaNs in the state every 1024 steps
[ Info: get_callbacks: 448.749 ms (724192 allocations: 36.85 MiB)
[ Info: Saving accumulated diagnostics to disk with frequency: 1 hour
[ Info: DictWriter: String[]
[ Info: HDF5Writer: String[]
[ Info: NetCDFWriter: ["orog_inst", "ts_1h_min", "ts_1h_max"]
[ Info: initializing diagnostics: 5.537 s (14599890 allocations: 754.33 MiB)
[ Info: Prepared SciMLBase.CallbackSet callbacks: 10.878 ms (561 allocations: 27.46 KiB)
[ Info: n_steps_per_cycle_per_cb (non diagnostics): Real[1024, 1, 120//1, 20//1]
[ Info: n_steps_per_cycle (non diagnostics): 15360//1
┌ Info: Jacobian algorithm: ManualSparseJacobian(
│   topography_flag = ClimaAtmos.UseDerivative(),
│   diffusion_flag = ClimaAtmos.UseDerivative(),
│   sgs_advection_flag = ClimaAtmos.UseDerivative(),
│   sgs_entr_detr_flag = ClimaAtmos.UseDerivative(),
│   sgs_mass_flux_flag = ClimaAtmos.UseDerivative(),
│   sgs_nh_pressure_flag = ClimaAtmos.UseDerivative(),
│   sgs_vertdiff_flag = ClimaAtmos.UseDerivative(),
│   approximate_solve_iters = 2,
└ )
[ Info: Define ode function: 5.936 s (8852782 allocations: 320.83 MiB)
┌ Warning: Setting surface albedo to 0.38 at the beginning of the simulation
└ @ Main ~/calkit/clima-perf/runs/amip/2026-01-01/ClimaCoupler.jl/experiments/ClimaEarth/components/atmosphere/climaatmos.jl:109
[ Info: init integrator: 88.032 s (100892346 allocations: 6.2 GiB)
[ Info: Added diagnostics: 8.65 s (12783743 allocations: 619.36 MiB)
[ Info: AMIPMode
[ Info: AMIP/CMIP boundary conditions - do not expect energy conservation
ERROR: LoadError: type NamedTuple has no field soilco2
Stacktrace:
 [1] getproperty
   @ ~/.julia/packages/ClimaCore/iKGAo/src/Fields/fieldvector.jl:89 [inlined]
 [2] ClimaLandSimulation(::Type{…}; dt::ITime{…}, tspan::Tuple{…}, start_date::Dates.DateTime, output_dir::String, area_fraction::ClimaCore.Fields.Field{…}, nelements::Tuple{…}, depth::Float32, dz_tuple::Tuple{…}, shared_surface_space::ClimaCore.Spaces.SpectralElementSpace2D{…}, land_spun_up_ic::Bool, saveat::Vector{…}, surface_elevation::ClimaCore.Fields.Field{…}, atmos_h::ClimaCore.Fields.Field{…}, land_temperature_anomaly::String, use_land_diagnostics::Bool, coupled_param_dict::ClimaParams.ParamDict{…}, land_ic_path::Nothing)
   @ Main ~/calkit/clima-perf/runs/amip/2026-01-01/ClimaCoupler.jl/experiments/ClimaEarth/components/land/climaland_integrated.jl:173
 [3] CoupledSimulation(config_dict::Dict{Any, Any})
   @ Main ~/calkit/clima-perf/runs/amip/2026-01-01/ClimaCoupler.jl/experiments/ClimaEarth/setup_run.jl:331
 [4] CoupledSimulation(config_file::String)
   @ Main ~/calkit/clima-perf/runs/amip/2026-01-01/ClimaCoupler.jl/experiments/ClimaEarth/setup_run.jl:109
 [5] top-level scope
   @ ~/calkit/clima-perf/runs/amip/2026-01-01/ClimaCoupler.jl/experiments/ClimaEarth/run_amip.jl:46
in expression starting at /home/pbachant/calkit/clima-perf/runs/amip/2026-01-01/ClimaCoupler.jl/experiments/ClimaEarth/run_amip.jl:46
Traceback (most recent call last):
  File "/home/pbachant/calkit/clima-perf/scripts/run.py", line 209, in <module>
    main()
    ~~~~^^
  File "/home/pbachant/calkit/clima-perf/scripts/run.py", line 204, in main
    subprocess.run(cmd, check=True)
    ~~~~~~~~~~~~~~^^^^^^^^^^^^^^^^^
  File "/home/pbachant/.local/share/uv/python/cpython-3.14.2-linux-x86_64-gnu/lib/python3.14/subprocess.py", line 577, in run
    raise CalledProcessError(retcode, process.args,
                             output=stdout, stderr=stderr)
subprocess.CalledProcessError: Command '['julia', '--project=runs/amip/2026-01-01/ClimaCoupler.jl/experiments/ClimaEarth', 'runs/amip/2026-01-01/ClimaCoupler.jl/experiments/ClimaEarth/run_amip.jl', '--config_file', 'runs/amip/2026-01-01/ClimaCoupler.jl/config/benchmark_configs/amip_progedmf_1m_land_he16.yml', '--job_id', 'gpu_amip_progedmf_1M_land_he16']' returned non-zero exit status 1.
Error: Failed to run in uv-venv
