Loading climacommon/2025_05_15
  Loading requirement: climaauth/2025_05_15 openmpi/4.1.5-mpitrampoline
    julia/1.11.5 cuda/julia-pref
Using Python 3.14.2 environment at: .calkit/venvs/main/.venv
2026-01-14 14:59:25 - Running benchmark for date: 2025-12-06
2026-01-14 14:59:25 - Git revs:
2026-01-14 14:59:25 -   ClimaCoupler.jl: a3c91e9289168c4cbd088dca860007b4095dc05d
2026-01-14 14:59:25 -   ClimaAtmos.jl: 2402427010833577016866ca0e07a468e2459086
2026-01-14 14:59:25 -   ClimaCore.jl: 24d68380f01f502044ddb210f9c7b313e24fbc05
2026-01-14 14:59:25 -   ClimaTimesteppers.jl: 47a52f332cb8cc2898d90a1c5b2b760ae0b6fbab
2026-01-14 14:59:25 -   Thermodynamics.jl: ffb684607e1abbd0ae694cc9f44116466fccfd7f
2026-01-14 14:59:25 -   RRTMGP.jl: 90eadd1744d321a9e3fc600ef613ac2e4c42209a
2026-01-14 14:59:25 - Copying ClimaCoupler at rev: a3c91e9289168c4cbd088dca860007b4095dc05d
2026-01-14 14:59:25 - Instantiating ClimaEarth environment at: runs/amip/2025-12-06/ClimaCoupler.jl/experiments/ClimaEarth
Precompiling project...
   7687.0 ms  ✓ Thermodynamics
   3998.0 ms  ✓ Thermodynamics → CreateParametersExt
   9514.9 ms  ✓ ClimaTimeSteppers
   5131.5 ms  ✓ SurfaceFluxes
  15631.2 ms  ✓ ClimaCore
   3639.9 ms  ✓ SurfaceFluxes → CreateParametersExt
   6672.0 ms  ✓ CloudMicrophysics
  13717.7 ms  ✓ ClimaCore → KrylovExt
  13156.6 ms  ✓ ClimaUtilities → ClimaUtilitiesClimaCoreExt
  30080.7 ms  ✓ ClimaTimeSteppers → ClimaTimeSteppersBenchmarkToolsExt
  31508.3 ms  ✓ ClimaCore → ClimaCoreCUDAExt
  23981.7 ms  ✓ ClimaUtilities → ClimaUtilitiesClimaCoreNCDatasetsExt
  25623.5 ms  ✓ ClimaUtilities → ClimaUtilitiesClimaCoreInterpolationsExt
  28271.3 ms  ✓ ClimaCoupler
  29355.6 ms  ✓ ClimaDiagnostics
  46265.3 ms  ✓ ClimaCoreMakie
  78912.8 ms  ✓ ClimaOcean
  28489.8 ms  ✓ ClimaLand
   9859.2 ms  ✓ ClimaLand → FluxnetSimulationsExt
  41523.9 ms  ✓ ClimaAtmos
  20367.4 ms  ✓ ClimaLand → LandSimulationVisualizationExt
  21 dependencies successfully precompiled in 124 seconds. 626 already precompiled.
  3 dependencies had output during precompilation:
┌ ClimaOcean
│  ┌ Warning: You are using Julia v1.11 or later!"
│  │ Oceananigans is currently tested on Julia v1.10."
│  │ If you find issues with Julia v1.11 or later,"
│  │ please report at https://github.com/CliMA/Oceananigans.jl/issues/new
│  └ @ Oceananigans ~/.julia/packages/Oceananigans/A56vm/src/Oceananigans.jl:125
│  ┌ Warning: CUDA runtime library `libcublasLt.so.13` was loaded from a system path, `/usr/local/cuda/lib64/libcublasLt.so.13`.
│  │ This may cause errors.
│  │ 
│  │ If you're running under a profiler, this situation is expected. Otherwise,
│  │ ensure that your library path environment variable (e.g., `PATH` on Windows
│  │ or `LD_LIBRARY_PATH` on Linux) does not include CUDA library paths.
│  │ 
│  │ In any other case, please file an issue.
│  └ @ CUDA ~/.julia/packages/CUDA/TPbi4/src/initialization.jl:218
│  ┌ Warning: CUDA runtime library `libnvJitLink.so.13` was loaded from a system path, `/usr/local/cuda/lib64/libnvJitLink.so.13`.
│  │ This may cause errors.
│  │ 
│  │ If you're running under a profiler, this situation is expected. Otherwise,
│  │ ensure that your library path environment variable (e.g., `PATH` on Windows
│  │ or `LD_LIBRARY_PATH` on Linux) does not include CUDA library paths.
│  │ 
│  │ In any other case, please file an issue.
│  └ @ CUDA ~/.julia/packages/CUDA/TPbi4/src/initialization.jl:218
│  ┌ Warning: CUDA runtime library `libcusparse.so.12` was loaded from a system path, `/usr/local/cuda/lib64/libcusparse.so.12`.
│  │ This may cause errors.
│  │ 
│  │ If you're running under a profiler, this situation is expected. Otherwise,
│  │ ensure that your library path environment variable (e.g., `PATH` on Windows
│  │ or `LD_LIBRARY_PATH` on Linux) does not include CUDA library paths.
│  │ 
│  │ In any other case, please file an issue.
│  └ @ CUDA ~/.julia/packages/CUDA/TPbi4/src/initialization.jl:218
└  
┌ ClimaTimeSteppers → ClimaTimeSteppersBenchmarkToolsExt
│  ┌ Warning: CUDA runtime library `libcublasLt.so.13` was loaded from a system path, `/usr/local/cuda/lib64/libcublasLt.so.13`.
│  │ This may cause errors.
│  │ 
│  │ If you're running under a profiler, this situation is expected. Otherwise,
│  │ ensure that your library path environment variable (e.g., `PATH` on Windows
│  │ or `LD_LIBRARY_PATH` on Linux) does not include CUDA library paths.
│  │ 
│  │ In any other case, please file an issue.
│  └ @ CUDA ~/.julia/packages/CUDA/TPbi4/src/initialization.jl:218
│  ┌ Warning: CUDA runtime library `libnvJitLink.so.13` was loaded from a system path, `/usr/local/cuda/lib64/libnvJitLink.so.13`.
│  │ This may cause errors.
│  │ 
│  │ If you're running under a profiler, this situation is expected. Otherwise,
│  │ ensure that your library path environment variable (e.g., `PATH` on Windows
│  │ or `LD_LIBRARY_PATH` on Linux) does not include CUDA library paths.
│  │ 
│  │ In any other case, please file an issue.
│  └ @ CUDA ~/.julia/packages/CUDA/TPbi4/src/initialization.jl:218
│  ┌ Warning: CUDA runtime library `libcusparse.so.12` was loaded from a system path, `/usr/local/cuda/lib64/libcusparse.so.12`.
│  │ This may cause errors.
│  │ 
│  │ If you're running under a profiler, this situation is expected. Otherwise,
│  │ ensure that your library path environment variable (e.g., `PATH` on Windows
│  │ or `LD_LIBRARY_PATH` on Linux) does not include CUDA library paths.
│  │ 
│  │ In any other case, please file an issue.
│  └ @ CUDA ~/.julia/packages/CUDA/TPbi4/src/initialization.jl:218
└  
┌ ClimaCore → ClimaCoreCUDAExt
│  ┌ Warning: CUDA runtime library `libcublasLt.so.13` was loaded from a system path, `/usr/local/cuda/lib64/libcublasLt.so.13`.
│  │ This may cause errors.
│  │ 
│  │ If you're running under a profiler, this situation is expected. Otherwise,
│  │ ensure that your library path environment variable (e.g., `PATH` on Windows
│  │ or `LD_LIBRARY_PATH` on Linux) does not include CUDA library paths.
│  │ 
│  │ In any other case, please file an issue.
│  └ @ CUDA ~/.julia/packages/CUDA/TPbi4/src/initialization.jl:218
│  ┌ Warning: CUDA runtime library `libnvJitLink.so.13` was loaded from a system path, `/usr/local/cuda/lib64/libnvJitLink.so.13`.
│  │ This may cause errors.
│  │ 
│  │ If you're running under a profiler, this situation is expected. Otherwise,
│  │ ensure that your library path environment variable (e.g., `PATH` on Windows
│  │ or `LD_LIBRARY_PATH` on Linux) does not include CUDA library paths.
│  │ 
│  │ In any other case, please file an issue.
│  └ @ CUDA ~/.julia/packages/CUDA/TPbi4/src/initialization.jl:218
│  ┌ Warning: CUDA runtime library `libcusparse.so.12` was loaded from a system path, `/usr/local/cuda/lib64/libcusparse.so.12`.
│  │ This may cause errors.
│  │ 
│  │ If you're running under a profiler, this situation is expected. Otherwise,
│  │ ensure that your library path environment variable (e.g., `PATH` on Windows
│  │ or `LD_LIBRARY_PATH` on Linux) does not include CUDA library paths.
│  │ 
│  │ In any other case, please file an issue.
│  └ @ CUDA ~/.julia/packages/CUDA/TPbi4/src/initialization.jl:218
└  
2026-01-14 15:01:41 - Adding package: ClimaAtmos.jl at rev: 2402427010833577016866ca0e07a468e2459086
   Resolving package versions...
    Updating `~/calkit/clima-perf/runs/amip/2025-12-06/ClimaCoupler.jl/experiments/ClimaEarth/Project.toml`
  [b2c96348] ~ ClimaAtmos v0.31.9 ⇒ v0.31.9 `https://github.com/CliMA/ClimaAtmos.jl#2402427`
    Updating `~/calkit/clima-perf/runs/amip/2025-12-06/ClimaCoupler.jl/experiments/ClimaEarth/Manifest-v1.11.toml`
  [b2c96348] ~ ClimaAtmos v0.31.9 ⇒ v0.31.9 `https://github.com/CliMA/ClimaAtmos.jl#2402427`
Precompiling project...
  16127.9 ms  ✓ ClimaAtmos
  1 dependency successfully precompiled in 24 seconds. 646 already precompiled.
2026-01-14 15:02:31 - Adding package: ClimaCore.jl at rev: 24d68380f01f502044ddb210f9c7b313e24fbc05
   Resolving package versions...
    Updating `~/calkit/clima-perf/runs/amip/2025-12-06/ClimaCoupler.jl/experiments/ClimaEarth/Project.toml`
  [d414da3d] ~ ClimaCore v0.14.42 ⇒ v0.14.43 `https://github.com/CliMA/ClimaCore.jl#24d6838`
    Updating `~/calkit/clima-perf/runs/amip/2025-12-06/ClimaCoupler.jl/experiments/ClimaEarth/Manifest-v1.11.toml`
  [d414da3d] ~ ClimaCore v0.14.42 ⇒ v0.14.43 `https://github.com/CliMA/ClimaCore.jl#24d6838`
Precompiling project...
   9281.7 ms  ✓ ClimaCore
   6549.5 ms  ✓ ClimaCore → KrylovExt
   6274.6 ms  ✓ ClimaUtilities → ClimaUtilitiesClimaCoreExt
  17376.7 ms  ✓ ClimaUtilities → ClimaUtilitiesClimaCoreInterpolationsExt
  17314.8 ms  ✓ ClimaUtilities → ClimaUtilitiesClimaCoreNCDatasetsExt
  19785.8 ms  ✓ ClimaCoupler
  20261.0 ms  ✓ ClimaDiagnostics
  27345.0 ms  ✓ ClimaCore → ClimaCoreCUDAExt
  33644.9 ms  ✓ ClimaCoreMakie
  14119.7 ms  ✓ ClimaLand
   9251.0 ms  ✓ ClimaLand → FluxnetSimulationsExt
  27524.2 ms  ✓ ClimaAtmos
  20005.8 ms  ✓ ClimaLand → LandSimulationVisualizationExt
  13 dependencies successfully precompiled in 77 seconds. 634 already precompiled.
  1 dependency had output during precompilation:
┌ ClimaCore → ClimaCoreCUDAExt
│  ┌ Warning: CUDA runtime library `libcublasLt.so.13` was loaded from a system path, `/usr/local/cuda/lib64/libcublasLt.so.13`.
│  │ This may cause errors.
│  │ 
│  │ If you're running under a profiler, this situation is expected. Otherwise,
│  │ ensure that your library path environment variable (e.g., `PATH` on Windows
│  │ or `LD_LIBRARY_PATH` on Linux) does not include CUDA library paths.
│  │ 
│  │ In any other case, please file an issue.
│  └ @ CUDA ~/.julia/packages/CUDA/TPbi4/src/initialization.jl:218
│  ┌ Warning: CUDA runtime library `libnvJitLink.so.13` was loaded from a system path, `/usr/local/cuda/lib64/libnvJitLink.so.13`.
│  │ This may cause errors.
│  │ 
│  │ If you're running under a profiler, this situation is expected. Otherwise,
│  │ ensure that your library path environment variable (e.g., `PATH` on Windows
│  │ or `LD_LIBRARY_PATH` on Linux) does not include CUDA library paths.
│  │ 
│  │ In any other case, please file an issue.
│  └ @ CUDA ~/.julia/packages/CUDA/TPbi4/src/initialization.jl:218
│  ┌ Warning: CUDA runtime library `libcusparse.so.12` was loaded from a system path, `/usr/local/cuda/lib64/libcusparse.so.12`.
│  │ This may cause errors.
│  │ 
│  │ If you're running under a profiler, this situation is expected. Otherwise,
│  │ ensure that your library path environment variable (e.g., `PATH` on Windows
│  │ or `LD_LIBRARY_PATH` on Linux) does not include CUDA library paths.
│  │ 
│  │ In any other case, please file an issue.
│  └ @ CUDA ~/.julia/packages/CUDA/TPbi4/src/initialization.jl:218
└  
2026-01-14 15:04:13 - Adding package: ClimaTimesteppers.jl at rev: 47a52f332cb8cc2898d90a1c5b2b760ae0b6fbab
   Resolving package versions...
    Updating `~/calkit/clima-perf/runs/amip/2025-12-06/ClimaCoupler.jl/experiments/ClimaEarth/Project.toml`
  [595c0a79] ~ ClimaTimeSteppers v0.8.5 ⇒ v0.8.5 `https://github.com/CliMA/ClimaTimesteppers.jl#47a52f3`
    Updating `~/calkit/clima-perf/runs/amip/2025-12-06/ClimaCoupler.jl/experiments/ClimaEarth/Manifest-v1.11.toml`
  [595c0a79] ~ ClimaTimeSteppers v0.8.5 ⇒ v0.8.5 `https://github.com/CliMA/ClimaTimesteppers.jl#47a52f3`
Precompiling project...
   3990.7 ms  ✓ ClimaTimeSteppers
  15080.7 ms  ✓ ClimaTimeSteppers → ClimaTimeSteppersBenchmarkToolsExt
  17120.6 ms  ✓ ClimaLand
   8058.4 ms  ✓ ClimaLand → FluxnetSimulationsExt
  28615.5 ms  ✓ ClimaAtmos
  18087.7 ms  ✓ ClimaLand → LandSimulationVisualizationExt
  6 dependencies successfully precompiled in 48 seconds. 641 already precompiled.
  1 dependency had output during precompilation:
┌ ClimaTimeSteppers → ClimaTimeSteppersBenchmarkToolsExt
│  ┌ Warning: CUDA runtime library `libcublasLt.so.13` was loaded from a system path, `/usr/local/cuda/lib64/libcublasLt.so.13`.
│  │ This may cause errors.
│  │ 
│  │ If you're running under a profiler, this situation is expected. Otherwise,
│  │ ensure that your library path environment variable (e.g., `PATH` on Windows
│  │ or `LD_LIBRARY_PATH` on Linux) does not include CUDA library paths.
│  │ 
│  │ In any other case, please file an issue.
│  └ @ CUDA ~/.julia/packages/CUDA/TPbi4/src/initialization.jl:218
│  ┌ Warning: CUDA runtime library `libnvJitLink.so.13` was loaded from a system path, `/usr/local/cuda/lib64/libnvJitLink.so.13`.
│  │ This may cause errors.
│  │ 
│  │ If you're running under a profiler, this situation is expected. Otherwise,
│  │ ensure that your library path environment variable (e.g., `PATH` on Windows
│  │ or `LD_LIBRARY_PATH` on Linux) does not include CUDA library paths.
│  │ 
│  │ In any other case, please file an issue.
│  └ @ CUDA ~/.julia/packages/CUDA/TPbi4/src/initialization.jl:218
│  ┌ Warning: CUDA runtime library `libcusparse.so.12` was loaded from a system path, `/usr/local/cuda/lib64/libcusparse.so.12`.
│  │ This may cause errors.
│  │ 
│  │ If you're running under a profiler, this situation is expected. Otherwise,
│  │ ensure that your library path environment variable (e.g., `PATH` on Windows
│  │ or `LD_LIBRARY_PATH` on Linux) does not include CUDA library paths.
│  │ 
│  │ In any other case, please file an issue.
│  └ @ CUDA ~/.julia/packages/CUDA/TPbi4/src/initialization.jl:218
└  
2026-01-14 15:05:25 - Adding package: Thermodynamics.jl at rev: ffb684607e1abbd0ae694cc9f44116466fccfd7f
   Resolving package versions...
    Updating `~/calkit/clima-perf/runs/amip/2025-12-06/ClimaCoupler.jl/experiments/ClimaEarth/Project.toml`
  [b60c26fb] ~ Thermodynamics v0.15.0 ⇒ v0.15.1 `https://github.com/CliMA/Thermodynamics.jl#ffb6846`
    Updating `~/calkit/clima-perf/runs/amip/2025-12-06/ClimaCoupler.jl/experiments/ClimaEarth/Manifest-v1.11.toml`
  [b60c26fb] ~ Thermodynamics v0.15.0 ⇒ v0.15.1 `https://github.com/CliMA/Thermodynamics.jl#ffb6846`
Precompiling project...
   2890.4 ms  ✓ Thermodynamics
   1686.3 ms  ✓ Thermodynamics → CreateParametersExt
   2013.2 ms  ✓ SurfaceFluxes
   1853.7 ms  ✓ SurfaceFluxes → CreateParametersExt
   5617.3 ms  ✓ CloudMicrophysics
  12336.9 ms  ✓ ClimaCoupler
  22682.6 ms  ✓ ClimaLand
  33125.8 ms  ✓ ClimaAtmos
  54407.8 ms  ✓ ClimaOcean
  27882.2 ms  ✓ ClimaLand → FluxnetSimulationsExt
  35583.4 ms  ✓ ClimaLand → LandSimulationVisualizationExt
  11 dependencies successfully precompiled in 73 seconds. 636 already precompiled.
  1 dependency had output during precompilation:
┌ ClimaOcean
│  ┌ Warning: You are using Julia v1.11 or later!"
│  │ Oceananigans is currently tested on Julia v1.10."
│  │ If you find issues with Julia v1.11 or later,"
│  │ please report at https://github.com/CliMA/Oceananigans.jl/issues/new
│  └ @ Oceananigans ~/.julia/packages/Oceananigans/A56vm/src/Oceananigans.jl:125
│  ┌ Warning: CUDA runtime library `libcublasLt.so.13` was loaded from a system path, `/usr/local/cuda/lib64/libcublasLt.so.13`.
│  │ This may cause errors.
│  │ 
│  │ If you're running under a profiler, this situation is expected. Otherwise,
│  │ ensure that your library path environment variable (e.g., `PATH` on Windows
│  │ or `LD_LIBRARY_PATH` on Linux) does not include CUDA library paths.
│  │ 
│  │ In any other case, please file an issue.
│  └ @ CUDA ~/.julia/packages/CUDA/TPbi4/src/initialization.jl:218
│  ┌ Warning: CUDA runtime library `libnvJitLink.so.13` was loaded from a system path, `/usr/local/cuda/lib64/libnvJitLink.so.13`.
│  │ This may cause errors.
│  │ 
│  │ If you're running under a profiler, this situation is expected. Otherwise,
│  │ ensure that your library path environment variable (e.g., `PATH` on Windows
│  │ or `LD_LIBRARY_PATH` on Linux) does not include CUDA library paths.
│  │ 
│  │ In any other case, please file an issue.
│  └ @ CUDA ~/.julia/packages/CUDA/TPbi4/src/initialization.jl:218
│  ┌ Warning: CUDA runtime library `libcusparse.so.12` was loaded from a system path, `/usr/local/cuda/lib64/libcusparse.so.12`.
│  │ This may cause errors.
│  │ 
│  │ If you're running under a profiler, this situation is expected. Otherwise,
│  │ ensure that your library path environment variable (e.g., `PATH` on Windows
│  │ or `LD_LIBRARY_PATH` on Linux) does not include CUDA library paths.
│  │ 
│  │ In any other case, please file an issue.
│  └ @ CUDA ~/.julia/packages/CUDA/TPbi4/src/initialization.jl:218
└  
2026-01-14 15:07:03 - Adding package: RRTMGP.jl at rev: 90eadd1744d321a9e3fc600ef613ac2e4c42209a
   Resolving package versions...
    Updating `~/calkit/clima-perf/runs/amip/2025-12-06/ClimaCoupler.jl/experiments/ClimaEarth/Project.toml`
  [a01a1ee8] + RRTMGP v0.21.6 `https://github.com/CliMA/RRTMGP.jl#90eadd1`
    Updating `~/calkit/clima-perf/runs/amip/2025-12-06/ClimaCoupler.jl/experiments/ClimaEarth/Manifest-v1.11.toml`
  [a01a1ee8] ~ RRTMGP v0.21.6 ⇒ v0.21.6 `https://github.com/CliMA/RRTMGP.jl#90eadd1`
Precompiling project...
  15669.3 ms  ✓ ClimaAtmos
  1 dependency successfully precompiled in 24 seconds. 646 already precompiled.
2026-01-14 15:07:51 - Resolving environment
  No Changes to `~/calkit/clima-perf/runs/amip/2025-12-06/ClimaCoupler.jl/experiments/ClimaEarth/Project.toml`
  No Changes to `~/calkit/clima-perf/runs/amip/2025-12-06/ClimaCoupler.jl/experiments/ClimaEarth/Manifest-v1.11.toml`
2026-01-14 15:08:05 - Adding MPI package
   Resolving package versions...
    Updating `~/calkit/clima-perf/runs/amip/2025-12-06/ClimaCoupler.jl/experiments/ClimaEarth/Project.toml`
  [da04e1cc] + MPI v0.20.23
  No Changes to `~/calkit/clima-perf/runs/amip/2025-12-06/ClimaCoupler.jl/experiments/ClimaEarth/Manifest-v1.11.toml`
2026-01-14 15:08:38 - Precompiling packages
Status `~/calkit/clima-perf/runs/amip/2025-12-06/ClimaCoupler.jl/experiments/ClimaEarth/Project.toml`
  [c7e460c6] ArgParse v1.2.0
⌃ [052768ef] CUDA v5.8.5
⌃ [13f3f980] CairoMakie v0.12.18
  [29b5916a] ClimaAnalysis v0.5.20
  [b2c96348] ClimaAtmos v0.31.9 `https://github.com/CliMA/ClimaAtmos.jl#2402427`
⌅ [4347a170] ClimaCalibrate v0.1.4
  [3a4d1b5c] ClimaComms v0.6.10
  [d414da3d] ClimaCore v0.14.43 `https://github.com/CliMA/ClimaCore.jl#24d6838`
  [908f55d8] ClimaCoreMakie v0.4.6
  [4ade58fe] ClimaCoupler v0.1.2 `../..`
⌅ [1ecacbb8] ClimaDiagnostics v0.2.15
⌃ [08f4d4ce] ClimaLand v1.1.0
⌃ [0376089a] ClimaOcean v0.8.7
⌃ [5c42b081] ClimaParams v1.0.3
⌃ [6ba0ff68] ClimaSeaIce v0.3.10
  [595c0a79] ClimaTimeSteppers v0.8.5 `https://github.com/CliMA/ClimaTimesteppers.jl#47a52f3`
  [b3f4f4ca] ClimaUtilities v0.1.27
  [aa8a2aa5] EnsembleKalmanProcesses v2.6.0
⌃ [db073c08] GeoMakie v0.7.12
⌅ [e98cc03f] Insolation v0.10.2
⌅ [a98d9a8b] Interpolations v0.15.1
  [033835bb] JLD2 v0.6.3
  [63c18a36] KernelAbstractions v0.9.39
  [da04e1cc] MPI v0.20.23
⌅ [ee78f7c6] Makie v0.21.18
  [85f8d34a] NCDatasets v0.14.10
⌅ [9e8cae18] Oceananigans v0.100.7
⌅ [08abe8d2] PrettyTables v2.4.0
  [a01a1ee8] RRTMGP v0.21.6 `https://github.com/CliMA/RRTMGP.jl#90eadd1`
  [1bc83da4] SafeTestsets v0.1.0
⌅ [0bca4576] SciMLBase v2.112.0
⌃ [90137ffa] StaticArrays v1.9.15
⌅ [49b00bb7] SurfaceFluxes v0.13.1
  [b60c26fb] Thermodynamics v0.15.1 `https://github.com/CliMA/Thermodynamics.jl#ffb6846`
  [ddb6d928] YAML v0.4.16
⌃ [9c32591e] Poppler_jll v24.6.0+0
Info Packages marked with ⌃ and ⌅ have new versions available. Those with ⌃ may be upgradable, but those with ⌅ are restricted by compatibility constraints from upgrading. To see why use `status --outdated`
2026-01-14 15:09:00 - Environment setup complete
2026-01-14 15:09:00 - Copying ClimaCoupler configs
2026-01-14 15:09:00 -   ./repos/ClimaCoupler.jl/config/benchmark_configs/amip_progedmf_1m_land_he16.yml -> runs/amip/2025-12-06/ClimaCoupler.jl/config/benchmark_configs/amip_progedmf_1m_land_he16.yml
2026-01-14 15:09:00 -   ./repos/ClimaCoupler.jl/config/atmos_configs/climaatmos_progedmf_1m.yml -> runs/amip/2025-12-06/ClimaCoupler.jl/config/atmos_configs/climaatmos_progedmf_1m.yml
2026-01-14 15:09:00 - Copying ClimaCoupler TOML file
2026-01-14 15:09:00 - Starting benchmark
┌ Warning: CUDA runtime library `libcublasLt.so.13` was loaded from a system path, `/usr/local/cuda/lib64/libcublasLt.so.13`.
│ This may cause errors.
│ 
│ If you're running under a profiler, this situation is expected. Otherwise,
│ ensure that your library path environment variable (e.g., `PATH` on Windows
│ or `LD_LIBRARY_PATH` on Linux) does not include CUDA library paths.
│ 
│ In any other case, please file an issue.
└ @ CUDA ~/.julia/packages/CUDA/TPbi4/src/initialization.jl:218
┌ Warning: CUDA runtime library `libnvJitLink.so.13` was loaded from a system path, `/usr/local/cuda/lib64/libnvJitLink.so.13`.
│ This may cause errors.
│ 
│ If you're running under a profiler, this situation is expected. Otherwise,
│ ensure that your library path environment variable (e.g., `PATH` on Windows
│ or `LD_LIBRARY_PATH` on Linux) does not include CUDA library paths.
│ 
│ In any other case, please file an issue.
└ @ CUDA ~/.julia/packages/CUDA/TPbi4/src/initialization.jl:218
┌ Warning: CUDA runtime library `libcusparse.so.12` was loaded from a system path, `/usr/local/cuda/lib64/libcusparse.so.12`.
│ This may cause errors.
│ 
│ If you're running under a profiler, this situation is expected. Otherwise,
│ ensure that your library path environment variable (e.g., `PATH` on Windows
│ or `LD_LIBRARY_PATH` on Linux) does not include CUDA library paths.
│ 
│ In any other case, please file an issue.
└ @ CUDA ~/.julia/packages/CUDA/TPbi4/src/initialization.jl:218
┌ Warning: You are using Julia v1.11 or later!"
│ Oceananigans is currently tested on Julia v1.10."
│ If you find issues with Julia v1.11 or later,"
│ please report at https://github.com/CliMA/Oceananigans.jl/issues/new
└ @ Oceananigans ~/.julia/packages/Oceananigans/A56vm/src/Oceananigans.jl:125
[ Info: Using Atmos configuration from ClimaCoupler in config/atmos_configs/climaatmos_progedmf_1m.yml
[ Info: Setting up single-process ClimaCoupler run on device: CUDADevice.
[ Info: Dict{Any, Any}("sleve_eta" => 0.7, "surface_thermo_state_type" => "GCMSurfaceThermoState", "use_coupler_diagnostics" => true, "era5_diurnal_warming" => nothing, "dt" => "30secs", "prognostic_tke" => true, "use_newton_rtol" => false, "netcdf_output_at_levels" => true, "output_dir_style" => "ActiveLink", "external_forcing" => nothing, "device" => "auto", "t_end" => "1200secs", "c_amd" => 0.29, "y_elem" => 6, "z_stretch" => true, "extra_atmos_diagnostics" => Dict{Any, Any}[], "forcing" => nothing, "edmfx_nh_pressure" => true, "era5_initial_condition_dir" => nothing, "conservation_softfail" => false, "check_steady_state" => false, "restart_cache" => true, "update_jacobian_every" => "solve", "test_dycore_consistency" => false, "add_isothermal_boundary_layer" => true, "use_itime" => true, "moist" => "nonequil", "rad" => "allskywithclear", "share_surface_space" => true, "cloud_model" => "quadrature", "initial_condition" => "DecayingProfile", "krylov_rtol" => 0.1, "eisenstat_walker_forcing_alpha" => 2.0, "dt_cloud_fraction" => "1hours", "surface_setup" => "PrescribedSurface", "jvp_step_adjustment" => 1.0, "insolation" => "timevarying", "log_progress" => true, "site_latitude" => 17.0, "h_elem" => 16, "implicit_sgs_nh_pressure" => true, "coupler_toml" => ["/home/pbachant/calkit/clima-perf/runs/amip/2025-12-06/ClimaCoupler.jl/toml/amip_progedmf_1m.toml"], "netcdf_interpolation_num_points" => nothing, "coupler_output_dir" => "experiments/ClimaEarth/output", "z_max" => 60000.0, "moisture_fixer" => false, "apply_limiter" => false, "precip_model" => "1M", "atmos_log_progress" => false, "surface_temperature" => "ZonallySymmetric", "debug_jacobian" => false, "edmfx_filter" => true, "job_id" => "gpu_amip_progedmf_1M_land_he16", "log_to_file" => false, "orographic_gravity_wave" => nothing, "dt_rad" => "600secs", "edmfx_upwinding" => "first_order", "tracer_upwinding" => "vanleer_limiter", "nh_poly" => 3, "edmfx_sgs_diffusive_flux" => true, "y_max" => 300000.0, "non_orographic_gravity_wave" => false, "print_config_dict" => true, "save_cache" => true, "topography_damping_factor" => 5, "config" => "sphere", "reproducibility_test" => false, "component_dt_dict" => Dict("dt_atmos" => 30.0, "dt_land" => 30.0, "dt_seaice" => 30.0, "dt_ocean" => 30.0), "check_conservation" => false, "rmse_check" => false, "land_spun_up_ic" => true, "auto_jacobian_padding_bands" => nothing, "implicit_diffusion" => true, "z_elem" => 63, "implicit_sgs_entr_detr" => true, "use_auto_jacobian" => false, "disable_surface_flux_tendency" => false, "cfsite_number" => "site23", "turbconv" => "prognostic_edmfx", "x_elem" => 6, "idealized_clouds" => false, "edmfx_mse_q_tot_upwinding" => "first_order", "check_nan_every" => 1024, "ice_model" => "prescribed", "subsidence" => nothing, "use_dynamic_krylov_rtol" => false, "toml" => ["toml/longrun_aquaplanet_diagedmf.toml"], "mesh_warp_type" => "SLEVE", "edmfx_detr_model" => "Generalized", "external_forcing_file" => nothing, "topo_smoothing" => true, "hyperdiff" => "CAM_SE", "output_dir" => nothing, "scm_coriolis" => nothing, "bubble" => false, "co2_model" => nothing, "ode_algo" => "ARS343", "max_newton_iters_ode" => 3, "start_date" => "20100101", "time_varying_trace_gases" => ["CO2", "O3"], "use_dense_jacobian" => false, "implicit_noneq_cloud_formation" => false, "scalar_hyperdiffusion_coefficient" => 0.929738, "prognostic_surface" => "false", "detect_restart_file" => false, "edmfx_vertical_diffusion" => true, "restart_file" => nothing, "unique_seed" => false, "rayleigh_sponge" => true, "edmfx_tracer_upwinding" => "first_order", "divergence_damping_factor" => 5.0, "edmfx_entr_model" => "Generalized", "energy_check" => false, "land_model" => "integrated", "use_land_diagnostics" => true, "idealized_h2o" => false, "perturb_initstate" => true, "implicit_sgs_advection" => true, "edmfx_scale_blending" => "SmoothMinimum", "discrete_hydrostatic_balance" => false, "t_start" => "0secs", "dz_bottom" => 30.0, "dt_save_state_to_disk" => "30days", "restart_t" => nothing, "advection_test" => false, "dt_cpl" => "30secs", "checkpoint_dt" => "366days", "topography" => "Earth", "aerosol_radiation" => true, "reference_job_id" => nothing, "perf_summary" => false, "vorticity_hyperdiffusion_coefficient" => 0.1857, "implicit_sgs_mass_flux" => true, "call_cloud_diagnostics_per_stage" => false, "viscous_sponge" => true, "strict_params" => true, "config_file" => "runs/amip/2025-12-06/ClimaCoupler.jl/config/benchmark_configs/amip_progedmf_1m_land_he16.yml", "bucket_initial_condition" => "", "approximate_linear_solve_iters" => 2, "smagorinsky_lilly" => nothing, "enable_diagnostics" => true, "site_longitude" => -149.0, "evolving_ocean" => true, "implicit_sgs_vertdiff" => true, "prescribe_clouds_in_radiation" => false, "albedo_model" => "CouplerAlbedo", "FLOAT_TYPE" => "Float32", "deep_atmosphere" => true, "split_ode" => true, "amd_les" => false, "prescribe_ozone" => false, "updraft_number" => 1, "restart_dir" => nothing, "detect_restart_files" => false, "ls_adv" => nothing, "energy_q_tot_upwinding" => "vanleer_limiter", "prescribed_aerosols" => ["CB1", "CB2", "DST01", "DST02", "DST03", "DST04", "DST05", "OC1", "OC2", "SO4", "SSLT01", "SSLT02", "SSLT03", "SSLT04", "SSLT05"], "dt_nogw" => "1800secs", "output_default_diagnostics" => true, "edmfx_sgs_mass_flux" => true, "x_max" => 300000.0, "radiation_reset_rng_seed" => true, "newton_rtol" => 1.0e-5, "atmos_config_file" => "config/atmos_configs/climaatmos_progedmf_1m.yml", "edmfx_sgsflux_upwinding" => "none", "mode_name" => "amip", "land_temperature_anomaly" => "aquaplanet", "bucket_albedo_type" => "map_static", "vert_diff" => "false", "use_krylov_method" => false, "sleve_s" => 10.0)
[ Info: Output directories experiments/ClimaEarth/output/gpu_amip_progedmf_1M_land_he16/output_0002
[ Info: Coupler artifacts directory experiments/ClimaEarth/output/gpu_amip_progedmf_1M_land_he16/artifacts
[ Info: Coupler checkpoint directory experiments/ClimaEarth/output/gpu_amip_progedmf_1M_land_he16/checkpoints
[ Info: Overwriting Atmos parameters from input TOML file(s): ["/home/pbachant/calkit/clima-perf/runs/amip/2025-12-06/ClimaCoupler.jl/toml/amip_progedmf_1m.toml"]
┌ Warning: The configuration passed to ClimaAtmos contains unused keys: share_surface_space, use_coupler_diagnostics, bucket_initial_condition, energy_check, use_land_diagnostics, land_model, edmfx_upwinding, atmos_config_file, mode_name, land_temperature_anomaly, evolving_ocean, bucket_albedo_type, save_cache, print_config_dict, extra_atmos_diagnostics, ice_model, coupler_toml, time_varying_trace_gases, restart_t, coupler_output_dir, dt_cpl, checkpoint_dt, component_dt_dict, atmos_log_progress, conservation_softfail, restart_dir, restart_cache, detect_restart_files, rmse_check, land_spun_up_ic, config_file, unique_seed
└ @ ClimaAtmos ~/.julia/packages/ClimaAtmos/ZaJGj/src/solver/yaml_helper.jl:89
[ Info: Random seed set to 1234
┌ Warning: Removing experiments/ClimaEarth/output/gpu_amip_progedmf_1M_land_he16/output_0002/clima_atmos
└ @ ClimaUtilities.OutputPathGenerator ~/.julia/packages/ClimaUtilities/5ClV5/src/OutputPathGenerator.jl:157
[ Info: Running on CUDADevice
[ Info: Setting up single-process ClimaAtmos run
┌ Info: Time info:
│   dt = "30secs"
│   t_start = "0secs"
│   t_end = "1200secs"
└   floor_n_steps = 40
┌ Warning: co2_model set to nothing with an RRTMGP model. Resetting to FixedCO2
└ @ ClimaAtmos ~/.julia/packages/ClimaAtmos/ZaJGj/src/solver/type_getters.jl:62
┌ Info: numerics 
│        `energy_q_tot_upwinding`::`Val{:vanleer_limiter}`
│              `tracer_upwinding`::`Val{:vanleer_limiter}`
│     `edmfx_mse_q_tot_upwinding`::`Val{:first_order}`
│       `edmfx_sgsflux_upwinding`::`Val{:none}`
│        `edmfx_tracer_upwinding`::`Val{:first_order}`
│       `test_dycore_consistency`::`Nothing`
│                       `limiter`::`Nothing`
│                     `diff_mode`::`ClimaAtmos.Implicit`
└                     `hyperdiff`::`ClimaAtmos.ClimaHyperdiffusion{Float32}`
┌ Info: AtmosModel: 
│ 
│                             `water`::`ClimaAtmos.AtmosWater{ClimaAtmos.NonEquilMoistModel, ClimaAtmos.Microphysics1Moment, ClimaAtmos.QuadratureCloud{ClimaAtmos.SGSQuadrature{3, StaticArraysCore.SVector{3, Float32}, StaticArraysCore.SVector{3, Float32}}}, ClimaAtmos.Explicit, Nothing}`
│                         `scm_setup`::`ClimaAtmos.SCMSetup{Nothing, Nothing, Nothing, Bool, Nothing}`
│                         `radiation`::`ClimaAtmos.AtmosRadiation{ClimaAtmos.RRTMGPInterface.AllSkyRadiationWithClearSkyDiagnostics{ClimaAtmos.InteractiveCloudInRadiation}, ClimaAtmos.IdealizedOzone, ClimaAtmos.FixedCO2{Float64}, ClimaAtmos.TimeVaryingInsolation}`
│                          `turbconv`::`ClimaAtmos.AtmosTurbconv{ClimaAtmos.EDMFXModel{ClimaAtmos.InvZEntrainment, ClimaAtmos.BuoyancyVelocityDetrainment, Val{true}, Val{true}, Val{true}, Val{true}, Val{true}, ClimaAtmos.SmoothMinimumBlending}, ClimaAtmos.PrognosticEDMFX{1, true, Float32}, ClimaAtmos.Implicit, ClimaAtmos.Implicit, ClimaAtmos.Implicit, ClimaAtmos.Implicit, ClimaAtmos.Implicit, Nothing, Nothing}`
│                      `gravity_wave`::`ClimaAtmos.AtmosGravityWave{Nothing, Nothing}`
│                `vertical_diffusion`::`Nothing`
│                            `sponge`::`ClimaAtmos.AtmosSponge{ClimaAtmos.ViscousSponge{Float32}, ClimaAtmos.RayleighSponge{Float32}}`
│                           `surface`::`ClimaAtmos.AtmosSurface{ClimaAtmos.ZonallySymmetricSST, ClimaAtmos.PrescribedSST, ClimaAtmos.CouplerAlbedo}`
└                          `numerics`::`ClimaAtmos.AtmosNumerics{Val{:vanleer_limiter}, Val{:vanleer_limiter}, Val{:first_order}, Val{:none}, Val{:first_order}, Nothing, Nothing, ClimaAtmos.Implicit, ClimaAtmos.ClimaHyperdiffusion{Float32}}`
┌ Info: Simulation info
│   job_id = "gpu_amip_progedmf_1M_land_he16"
└   output_dir = "experiments/ClimaEarth/output/gpu_amip_progedmf_1M_land_he16/output_0002/clima_atmos"
┌ Info: z heights
│   z_mesh.faces =
│    64-element Vector{ClimaCore.Geometry.ZPoint{Float32}}:
│     ZPoint(0.0)
│     ZPoint(30.000004)
│     ZPoint(62.974285)
│     ZPoint(99.21583)
│     ⋮
│     ZPoint(54285.29)
│     ZPoint(57136.2)
└     ZPoint(60000.0)
[ Info: Remapping Earth orography from ETOPO2022 data onto horizontal space
[ Info: SLEVE mesh warp
┌ Info: Resolution stats: 
│   Nq = 4
│   h_elem = 16
│   z_elem = 63
│   ncols = 24576
└   ndofs_total = 1548288
[ Info: Allocating Y: 7.561 s (12435329 allocations: 593.21 MiB)
[ Info: using deep atmosphere
[ Info: Allocating cache (p): 190.18 s (410198103 allocations: 22.74 GiB)
[ Info: Using ODE config: `ClimaTimeSteppers.ARS343`
[ Info: ode_configuration: 578.82 ms (748588 allocations: 36.77 MiB)
[ Info: Checking NaNs in the state every 1024 steps
[ Info: get_callbacks: 541.243 ms (724105 allocations: 36.83 MiB)
[ Info: Saving accumulated diagnostics to disk with frequency: 1 hour
[ Info: DictWriter: String[]
[ Info: HDF5Writer: String[]
[ Info: NetCDFWriter: ["orog_inst", "ts_1h_min", "ts_1h_max"]
[ Info: initializing diagnostics: 6.674 s (14446457 allocations: 747.53 MiB)
[ Info: Prepared SciMLBase.CallbackSet callbacks: 13.264 ms (561 allocations: 27.46 KiB)
[ Info: n_steps_per_cycle_per_cb (non diagnostics): Real[1024, 1, 120//1, 20//1]
[ Info: n_steps_per_cycle (non diagnostics): 15360//1
┌ Info: Jacobian algorithm: ManualSparseJacobian(
│   topography_flag = ClimaAtmos.UseDerivative(),
│   diffusion_flag = ClimaAtmos.UseDerivative(),
│   sgs_advection_flag = ClimaAtmos.UseDerivative(),
│   sgs_entr_detr_flag = ClimaAtmos.UseDerivative(),
│   sgs_mass_flux_flag = ClimaAtmos.UseDerivative(),
│   sgs_nh_pressure_flag = ClimaAtmos.UseDerivative(),
│   sgs_vertdiff_flag = ClimaAtmos.UseDerivative(),
│   approximate_solve_iters = 2,
└ )
[ Info: Define ode function: 5.157 s (6525708 allocations: 241.56 MiB)
┌ Warning: Setting surface albedo to 0.38 at the beginning of the simulation
└ @ Main ~/calkit/clima-perf/runs/amip/2025-12-06/ClimaCoupler.jl/experiments/ClimaEarth/components/atmosphere/climaatmos.jl:110
[ Info: init integrator: 84.481 s (86817191 allocations: 5.5 GiB)
[ Info: Added diagnostics: 8.96 s (12991509 allocations: 629.63 MiB)
[ Info: AMIPMode
[ Info: AMIP/CMIP boundary conditions - do not expect energy conservation
┌ Info: ClimaLand: using land IC file
└   ic_path = "/net/sampo/data1/ClimaArtifacts/artifacts/soil_ic_2008_50m/soil_ic_2008_50m.nc"
┌ Info: PrescribedOcean: using SST file
└   sst_data = "/net/sampo/data1/ClimaArtifacts/artifacts/historical_sst_sic/MODEL.SST.HAD187001-198110.OI198111-202206.nc"
┌ Info: PrescribedIce: using SIC file
└   sic_data = "/net/sampo/data1/ClimaArtifacts/artifacts/historical_sst_sic/MODEL.ICE.HAD187001-198110.OI198111-202206.nc"
[ Info: Component models initialized: (:atmos_sim, :ice_sim, :land_sim, :ocean_sim)
[ Info: Using default coupler diagnostics
┌ Warning: `update_field!` is not extended for the `liquid_precipitation` field of PrescribedIceSimulation: skipping update.
└ @ ClimaCoupler.Interfacer ~/calkit/clima-perf/runs/amip/2025-12-06/ClimaCoupler.jl/src/Interfacer.jl:326
┌ Warning: Setting surface albedo to 0.38 at the beginning of the simulation
└ @ Main ~/calkit/clima-perf/runs/amip/2025-12-06/ClimaCoupler.jl/experiments/ClimaEarth/components/atmosphere/climaatmos.jl:110
[ Info: Memory in use: 11.578 GiB
[ Info: Starting coupling loop
┌ Info: Progress
│   simulation_time = "2 minutes"
│   n_steps_completed = 4
│   wall_time_per_step = "0 seconds"
│   wall_time_total = "0 seconds"
│   wall_time_remaining = "0 seconds"
│   wall_time_spent = "0 seconds"
│   percent_complete = "10.0%"
│   estimated_sypd = "Inf"
│   date_now = 2026-01-14T15:50:16.097
└   estimated_finish_date = 2026-01-14T15:50:16.096
┌ Info: Progress
│   simulation_time = "3 minutes"
│   n_steps_completed = 6
│   wall_time_per_step = "1 second, 103 milliseconds"
│   wall_time_total = "44 seconds, 141 milliseconds"
│   wall_time_remaining = "37 seconds, 520 milliseconds"
│   wall_time_spent = "6 seconds, 621 milliseconds"
│   percent_complete = "15.0%"
│   estimated_sypd = "0.074"
│   date_now = 2026-01-14T15:50:18.450
└   estimated_finish_date = 2026-01-14T15:50:56.450
┌ Info: Progress
│   simulation_time = "4 minutes"
│   n_steps_completed = 8
│   wall_time_per_step = "1 second, 116 milliseconds"
│   wall_time_total = "44 seconds, 650 milliseconds"
│   wall_time_remaining = "35 seconds, 720 milliseconds"
│   wall_time_spent = "8 seconds, 930 milliseconds"
│   percent_complete = "20.0%"
│   estimated_sypd = "0.074"
│   date_now = 2026-01-14T15:50:20.565
└   estimated_finish_date = 2026-01-14T15:50:56.565
┌ Info: Progress
│   simulation_time = "5 minutes"
│   n_steps_completed = 10
│   wall_time_per_step = "1 second, 103 milliseconds"
│   wall_time_total = "44 seconds, 156 milliseconds"
│   wall_time_remaining = "33 seconds, 117 milliseconds"
│   wall_time_spent = "11 seconds, 39 milliseconds"
│   percent_complete = "25.0%"
│   estimated_sypd = "0.074"
│   date_now = 2026-01-14T15:50:22.674
└   estimated_finish_date = 2026-01-14T15:50:56.674
┌ Info: Progress
│   simulation_time = "6 minutes"
│   n_steps_completed = 12
│   wall_time_per_step = "1 second, 95 milliseconds"
│   wall_time_total = "43 seconds, 831 milliseconds"
│   wall_time_remaining = "30 seconds, 682 milliseconds"
│   wall_time_spent = "13 seconds, 149 milliseconds"
│   percent_complete = "30.0%"
│   estimated_sypd = "0.075"
│   date_now = 2026-01-14T15:50:24.785
└   estimated_finish_date = 2026-01-14T15:50:55.785
┌ Info: Progress
│   simulation_time = "7 minutes"
│   n_steps_completed = 14
│   wall_time_per_step = "1 second, 90 milliseconds"
│   wall_time_total = "43 seconds, 603 milliseconds"
│   wall_time_remaining = "28 seconds, 342 milliseconds"
│   wall_time_spent = "15 seconds, 261 milliseconds"
│   percent_complete = "35.0%"
│   estimated_sypd = "0.075"
│   date_now = 2026-01-14T15:50:26.896
└   estimated_finish_date = 2026-01-14T15:50:55.896
┌ Info: Progress
│   simulation_time = "8 minutes"
│   n_steps_completed = 16
│   wall_time_per_step = "1 second, 85 milliseconds"
│   wall_time_total = "43 seconds, 439 milliseconds"
│   wall_time_remaining = "26 seconds, 63 milliseconds"
│   wall_time_spent = "17 seconds, 375 milliseconds"
│   percent_complete = "40.0%"
│   estimated_sypd = "0.076"
│   date_now = 2026-01-14T15:50:29.011
└   estimated_finish_date = 2026-01-14T15:50:56.011
┌ Info: Progress
│   simulation_time = "9 minutes"
│   n_steps_completed = 18
│   wall_time_per_step = "1 second, 82 milliseconds"
│   wall_time_total = "43 seconds, 308 milliseconds"
│   wall_time_remaining = "23 seconds, 819 milliseconds"
│   wall_time_spent = "19 seconds, 488 milliseconds"
│   percent_complete = "45.0%"
│   estimated_sypd = "0.076"
│   date_now = 2026-01-14T15:50:31.124
└   estimated_finish_date = 2026-01-14T15:50:55.124
┌ Info: Progress
│   simulation_time = "10 minutes"
│   n_steps_completed = 20
│   wall_time_per_step = "1 second, 174 milliseconds"
│   wall_time_total = "46 seconds, 961 milliseconds"
│   wall_time_remaining = "23 seconds, 480 milliseconds"
│   wall_time_spent = "23 seconds, 480 milliseconds"
│   percent_complete = "50.0%"
│   estimated_sypd = "0.07"
│   date_now = 2026-01-14T15:50:35.116
└   estimated_finish_date = 2026-01-14T15:50:59.116
┌ Info: Progress
│   simulation_time = "11 minutes"
│   n_steps_completed = 22
│   wall_time_per_step = "1 second, 163 milliseconds"
│   wall_time_total = "46 seconds, 541 milliseconds"
│   wall_time_remaining = "20 seconds, 943 milliseconds"
│   wall_time_spent = "25 seconds, 597 milliseconds"
│   percent_complete = "55.0%"
│   estimated_sypd = "0.071"
│   date_now = 2026-01-14T15:50:37.233
└   estimated_finish_date = 2026-01-14T15:50:58.233
┌ Info: Progress
│   simulation_time = "12 minutes"
│   n_steps_completed = 24
│   wall_time_per_step = "1 second, 154 milliseconds"
│   wall_time_total = "46 seconds, 188 milliseconds"
│   wall_time_remaining = "18 seconds, 475 milliseconds"
│   wall_time_spent = "27 seconds, 713 milliseconds"
│   percent_complete = "60.0%"
│   estimated_sypd = "0.071"
│   date_now = 2026-01-14T15:50:39.348
└   estimated_finish_date = 2026-01-14T15:50:58.348
┌ Info: Progress
│   simulation_time = "13 minutes"
│   n_steps_completed = 26
│   wall_time_per_step = "1 second, 147 milliseconds"
│   wall_time_total = "45 seconds, 892 milliseconds"
│   wall_time_remaining = "16 seconds, 62 milliseconds"
│   wall_time_spent = "29 seconds, 830 milliseconds"
│   percent_complete = "65.0%"
│   estimated_sypd = "0.072"
│   date_now = 2026-01-14T15:50:41.465
└   estimated_finish_date = 2026-01-14T15:50:58.465
┌ Info: Progress
│   simulation_time = "14 minutes"
│   n_steps_completed = 28
│   wall_time_per_step = "1 second, 141 milliseconds"
│   wall_time_total = "45 seconds, 640 milliseconds"
│   wall_time_remaining = "13 seconds, 692 milliseconds"
│   wall_time_spent = "31 seconds, 948 milliseconds"
│   percent_complete = "70.0%"
│   estimated_sypd = "0.072"
│   date_now = 2026-01-14T15:50:43.583
└   estimated_finish_date = 2026-01-14T15:50:57.583
┌ Info: Progress
│   simulation_time = "15 minutes"
│   n_steps_completed = 30
│   wall_time_per_step = "1 second, 135 milliseconds"
│   wall_time_total = "45 seconds, 425 milliseconds"
│   wall_time_remaining = "11 seconds, 356 milliseconds"
│   wall_time_spent = "34 seconds, 69 milliseconds"
│   percent_complete = "75.0%"
│   estimated_sypd = "0.072"
│   date_now = 2026-01-14T15:50:45.704
└   estimated_finish_date = 2026-01-14T15:50:57.704
┌ Info: Progress
│   simulation_time = "16 minutes"
│   n_steps_completed = 32
│   wall_time_per_step = "1 second, 130 milliseconds"
│   wall_time_total = "45 seconds, 232 milliseconds"
│   wall_time_remaining = "9 seconds, 46 milliseconds"
│   wall_time_spent = "36 seconds, 185 milliseconds"
│   percent_complete = "80.0%"
│   estimated_sypd = "0.073"
│   date_now = 2026-01-14T15:50:47.821
└   estimated_finish_date = 2026-01-14T15:50:57.821
┌ Info: Progress
│   simulation_time = "17 minutes"
│   n_steps_completed = 34
│   wall_time_per_step = "1 second, 126 milliseconds"
│   wall_time_total = "45 seconds, 63 milliseconds"
│   wall_time_remaining = "6 seconds, 759 milliseconds"
│   wall_time_spent = "38 seconds, 304 milliseconds"
│   percent_complete = "85.0%"
│   estimated_sypd = "0.073"
│   date_now = 2026-01-14T15:50:49.939
└   estimated_finish_date = 2026-01-14T15:50:56.939
┌ Info: Progress
│   simulation_time = "18 minutes"
│   n_steps_completed = 36
│   wall_time_per_step = "1 second, 122 milliseconds"
│   wall_time_total = "44 seconds, 915 milliseconds"
│   wall_time_remaining = "4 seconds, 491 milliseconds"
│   wall_time_spent = "40 seconds, 423 milliseconds"
│   percent_complete = "90.0%"
│   estimated_sypd = "0.073"
│   date_now = 2026-01-14T15:50:52.059
└   estimated_finish_date = 2026-01-14T15:50:57.059
┌ Info: Progress
│   simulation_time = "19 minutes"
│   n_steps_completed = 38
│   wall_time_per_step = "1 second, 119 milliseconds"
│   wall_time_total = "44 seconds, 782 milliseconds"
│   wall_time_remaining = "2 seconds, 239 milliseconds"
│   wall_time_spent = "42 seconds, 543 milliseconds"
│   percent_complete = "95.0%"
│   estimated_sypd = "0.073"
│   date_now = 2026-01-14T15:50:54.178
└   estimated_finish_date = 2026-01-14T15:50:57.178
┌ Info: Progress
│   simulation_time = "20 minutes"
│   n_steps_completed = 40
│   wall_time_per_step = "1 second, 163 milliseconds"
│   wall_time_total = "46 seconds, 546 milliseconds"
│   wall_time_remaining = "0 seconds"
│   wall_time_spent = "46 seconds, 546 milliseconds"
│   percent_complete = "100.0%"
│   estimated_sypd = "0.071"
│   date_now = 2026-01-14T15:50:58.181
└   estimated_finish_date = 2026-01-14T15:50:58.181
[ Info: Simulation took 44.274155 seconds
[ Info: SYPD: 0.07420629415874036
[ Info: Walltime per coupling step: 1.1068538
[ Info: Using Atmos configuration from ClimaCoupler in config/atmos_configs/climaatmos_progedmf_1m.yml
[ Info: Using Atmos configuration from ClimaCoupler in config/atmos_configs/climaatmos_progedmf_1m.yml
[ Info: Plotting diagnostics for coupler, atmos, land, and ocean
[ Info: plotting debug in experiments/ClimaEarth/output/gpu_amip_progedmf_1M_land_he16/artifacts
┌ Warning: `shading = false` is not valid. Use `Makie.automatic`, `NoShading`, `FastShading` or `MultiLightShading`. Defaulting to `NoShading`.
└ @ Makie ~/.julia/packages/Makie/Y3ABD/src/lighting.jl:243
┌ Warning: `shading = false` is not valid. Use `Makie.automatic`, `NoShading`, `FastShading` or `MultiLightShading`. Defaulting to `NoShading`.
└ @ Makie ~/.julia/packages/Makie/Y3ABD/src/lighting.jl:243
┌ Warning: `shading = false` is not valid. Use `Makie.automatic`, `NoShading`, `FastShading` or `MultiLightShading`. Defaulting to `NoShading`.
└ @ Makie ~/.julia/packages/Makie/Y3ABD/src/lighting.jl:243
┌ Warning: `shading = false` is not valid. Use `Makie.automatic`, `NoShading`, `FastShading` or `MultiLightShading`. Defaulting to `NoShading`.
└ @ Makie ~/.julia/packages/Makie/Y3ABD/src/lighting.jl:243
┌ Warning: No strict ticks found
└ @ PlotUtils ~/.julia/packages/PlotUtils/HX80C/src/ticks.jl:194
┌ Warning: No strict ticks found
└ @ PlotUtils ~/.julia/packages/PlotUtils/HX80C/src/ticks.jl:194
┌ Warning: No strict ticks found
└ @ PlotUtils ~/.julia/packages/PlotUtils/HX80C/src/ticks.jl:194
┌ Warning: No strict ticks found
└ @ PlotUtils ~/.julia/packages/PlotUtils/HX80C/src/ticks.jl:194
┌ Warning: `shading = false` is not valid. Use `Makie.automatic`, `NoShading`, `FastShading` or `MultiLightShading`. Defaulting to `NoShading`.
└ @ Makie ~/.julia/packages/Makie/Y3ABD/src/lighting.jl:243
┌ Warning: No strict ticks found
└ @ PlotUtils ~/.julia/packages/PlotUtils/HX80C/src/ticks.jl:194
┌ Warning: No strict ticks found
└ @ PlotUtils ~/.julia/packages/PlotUtils/HX80C/src/ticks.jl:194
┌ Warning: No strict ticks found
└ @ PlotUtils ~/.julia/packages/PlotUtils/HX80C/src/ticks.jl:194
┌ Warning: No strict ticks found
└ @ PlotUtils ~/.julia/packages/PlotUtils/HX80C/src/ticks.jl:194
┌ Warning: No strict ticks found
└ @ PlotUtils ~/.julia/packages/PlotUtils/HX80C/src/ticks.jl:194
┌ Warning: No strict ticks found
└ @ PlotUtils ~/.julia/packages/PlotUtils/HX80C/src/ticks.jl:194
┌ Warning: No strict ticks found
└ @ PlotUtils ~/.julia/packages/PlotUtils/HX80C/src/ticks.jl:194
┌ Warning: No strict ticks found
└ @ PlotUtils ~/.julia/packages/PlotUtils/HX80C/src/ticks.jl:194
┌ Warning: No strict ticks found
└ @ PlotUtils ~/.julia/packages/PlotUtils/HX80C/src/ticks.jl:194
┌ Warning: No strict ticks found
└ @ PlotUtils ~/.julia/packages/PlotUtils/HX80C/src/ticks.jl:194
┌ Warning: No strict ticks found
└ @ PlotUtils ~/.julia/packages/PlotUtils/HX80C/src/ticks.jl:194
┌ Warning: `shading = false` is not valid. Use `Makie.automatic`, `NoShading`, `FastShading` or `MultiLightShading`. Defaulting to `NoShading`.
└ @ Makie ~/.julia/packages/Makie/Y3ABD/src/lighting.jl:243
┌ Warning: `shading = false` is not valid. Use `Makie.automatic`, `NoShading`, `FastShading` or `MultiLightShading`. Defaulting to `NoShading`.
└ @ Makie ~/.julia/packages/Makie/Y3ABD/src/lighting.jl:243
┌ Warning: `shading = false` is not valid. Use `Makie.automatic`, `NoShading`, `FastShading` or `MultiLightShading`. Defaulting to `NoShading`.
└ @ Makie ~/.julia/packages/Makie/Y3ABD/src/lighting.jl:243
┌ Warning: `shading = false` is not valid. Use `Makie.automatic`, `NoShading`, `FastShading` or `MultiLightShading`. Defaulting to `NoShading`.
└ @ Makie ~/.julia/packages/Makie/Y3ABD/src/lighting.jl:243
┌ Warning: `shading = false` is not valid. Use `Makie.automatic`, `NoShading`, `FastShading` or `MultiLightShading`. Defaulting to `NoShading`.
└ @ Makie ~/.julia/packages/Makie/Y3ABD/src/lighting.jl:243
┌ Warning: `shading = false` is not valid. Use `Makie.automatic`, `NoShading`, `FastShading` or `MultiLightShading`. Defaulting to `NoShading`.
└ @ Makie ~/.julia/packages/Makie/Y3ABD/src/lighting.jl:243
┌ Warning: `shading = false` is not valid. Use `Makie.automatic`, `NoShading`, `FastShading` or `MultiLightShading`. Defaulting to `NoShading`.
└ @ Makie ~/.julia/packages/Makie/Y3ABD/src/lighting.jl:243
┌ Warning: `shading = false` is not valid. Use `Makie.automatic`, `NoShading`, `FastShading` or `MultiLightShading`. Defaulting to `NoShading`.
└ @ Makie ~/.julia/packages/Makie/Y3ABD/src/lighting.jl:243
┌ Warning: `shading = false` is not valid. Use `Makie.automatic`, `NoShading`, `FastShading` or `MultiLightShading`. Defaulting to `NoShading`.
└ @ Makie ~/.julia/packages/Makie/Y3ABD/src/lighting.jl:243
┌ Warning: `shading = false` is not valid. Use `Makie.automatic`, `NoShading`, `FastShading` or `MultiLightShading`. Defaulting to `NoShading`.
└ @ Makie ~/.julia/packages/Makie/Y3ABD/src/lighting.jl:243
┌ Warning: `shading = false` is not valid. Use `Makie.automatic`, `NoShading`, `FastShading` or `MultiLightShading`. Defaulting to `NoShading`.
└ @ Makie ~/.julia/packages/Makie/Y3ABD/src/lighting.jl:243
┌ Warning: `shading = false` is not valid. Use `Makie.automatic`, `NoShading`, `FastShading` or `MultiLightShading`. Defaulting to `NoShading`.
└ @ Makie ~/.julia/packages/Makie/Y3ABD/src/lighting.jl:243
┌ Warning: `shading = false` is not valid. Use `Makie.automatic`, `NoShading`, `FastShading` or `MultiLightShading`. Defaulting to `NoShading`.
└ @ Makie ~/.julia/packages/Makie/Y3ABD/src/lighting.jl:243
┌ Warning: `shading = false` is not valid. Use `Makie.automatic`, `NoShading`, `FastShading` or `MultiLightShading`. Defaulting to `NoShading`.
└ @ Makie ~/.julia/packages/Makie/Y3ABD/src/lighting.jl:243
┌ Warning: `shading = false` is not valid. Use `Makie.automatic`, `NoShading`, `FastShading` or `MultiLightShading`. Defaulting to `NoShading`.
└ @ Makie ~/.julia/packages/Makie/Y3ABD/src/lighting.jl:243
┌ Warning: `shading = false` is not valid. Use `Makie.automatic`, `NoShading`, `FastShading` or `MultiLightShading`. Defaulting to `NoShading`.
└ @ Makie ~/.julia/packages/Makie/Y3ABD/src/lighting.jl:243
┌ Warning: `shading = false` is not valid. Use `Makie.automatic`, `NoShading`, `FastShading` or `MultiLightShading`. Defaulting to `NoShading`.
└ @ Makie ~/.julia/packages/Makie/Y3ABD/src/lighting.jl:243
┌ Warning: `shading = false` is not valid. Use `Makie.automatic`, `NoShading`, `FastShading` or `MultiLightShading`. Defaulting to `NoShading`.
└ @ Makie ~/.julia/packages/Makie/Y3ABD/src/lighting.jl:243
┌ Warning: `shading = false` is not valid. Use `Makie.automatic`, `NoShading`, `FastShading` or `MultiLightShading`. Defaulting to `NoShading`.
└ @ Makie ~/.julia/packages/Makie/Y3ABD/src/lighting.jl:243
┌ Warning: `shading = false` is not valid. Use `Makie.automatic`, `NoShading`, `FastShading` or `MultiLightShading`. Defaulting to `NoShading`.
└ @ Makie ~/.julia/packages/Makie/Y3ABD/src/lighting.jl:243
┌ Warning: `shading = false` is not valid. Use `Makie.automatic`, `NoShading`, `FastShading` or `MultiLightShading`. Defaulting to `NoShading`.
└ @ Makie ~/.julia/packages/Makie/Y3ABD/src/lighting.jl:243
┌ Warning: `shading = false` is not valid. Use `Makie.automatic`, `NoShading`, `FastShading` or `MultiLightShading`. Defaulting to `NoShading`.
└ @ Makie ~/.julia/packages/Makie/Y3ABD/src/lighting.jl:243
┌ Warning: `shading = false` is not valid. Use `Makie.automatic`, `NoShading`, `FastShading` or `MultiLightShading`. Defaulting to `NoShading`.
└ @ Makie ~/.julia/packages/Makie/Y3ABD/src/lighting.jl:243
┌ Warning: `shading = false` is not valid. Use `Makie.automatic`, `NoShading`, `FastShading` or `MultiLightShading`. Defaulting to `NoShading`.
└ @ Makie ~/.julia/packages/Makie/Y3ABD/src/lighting.jl:243
┌ Warning: `shading = false` is not valid. Use `Makie.automatic`, `NoShading`, `FastShading` or `MultiLightShading`. Defaulting to `NoShading`.
└ @ Makie ~/.julia/packages/Makie/Y3ABD/src/lighting.jl:243
┌ Warning: `shading = false` is not valid. Use `Makie.automatic`, `NoShading`, `FastShading` or `MultiLightShading`. Defaulting to `NoShading`.
└ @ Makie ~/.julia/packages/Makie/Y3ABD/src/lighting.jl:243
┌ Warning: `shading = false` is not valid. Use `Makie.automatic`, `NoShading`, `FastShading` or `MultiLightShading`. Defaulting to `NoShading`.
└ @ Makie ~/.julia/packages/Makie/Y3ABD/src/lighting.jl:243
┌ Warning: `shading = false` is not valid. Use `Makie.automatic`, `NoShading`, `FastShading` or `MultiLightShading`. Defaulting to `NoShading`.
└ @ Makie ~/.julia/packages/Makie/Y3ABD/src/lighting.jl:243
┌ Warning: `shading = false` is not valid. Use `Makie.automatic`, `NoShading`, `FastShading` or `MultiLightShading`. Defaulting to `NoShading`.
└ @ Makie ~/.julia/packages/Makie/Y3ABD/src/lighting.jl:243
┌ Warning: `shading = false` is not valid. Use `Makie.automatic`, `NoShading`, `FastShading` or `MultiLightShading`. Defaulting to `NoShading`.
└ @ Makie ~/.julia/packages/Makie/Y3ABD/src/lighting.jl:243
┌ Warning: `shading = false` is not valid. Use `Makie.automatic`, `NoShading`, `FastShading` or `MultiLightShading`. Defaulting to `NoShading`.
└ @ Makie ~/.julia/packages/Makie/Y3ABD/src/lighting.jl:243
┌ Warning: `shading = false` is not valid. Use `Makie.automatic`, `NoShading`, `FastShading` or `MultiLightShading`. Defaulting to `NoShading`.
└ @ Makie ~/.julia/packages/Makie/Y3ABD/src/lighting.jl:243
┌ Warning: `shading = false` is not valid. Use `Makie.automatic`, `NoShading`, `FastShading` or `MultiLightShading`. Defaulting to `NoShading`.
└ @ Makie ~/.julia/packages/Makie/Y3ABD/src/lighting.jl:243
┌ Warning: No strict ticks found
└ @ PlotUtils ~/.julia/packages/PlotUtils/HX80C/src/ticks.jl:194
┌ Warning: No strict ticks found
└ @ PlotUtils ~/.julia/packages/PlotUtils/HX80C/src/ticks.jl:194
┌ Warning: No strict ticks found
└ @ PlotUtils ~/.julia/packages/PlotUtils/HX80C/src/ticks.jl:194
┌ Warning: No strict ticks found
└ @ PlotUtils ~/.julia/packages/PlotUtils/HX80C/src/ticks.jl:194
┌ Warning: No strict ticks found
└ @ PlotUtils ~/.julia/packages/PlotUtils/HX80C/src/ticks.jl:194
┌ Warning: `shading = false` is not valid. Use `Makie.automatic`, `NoShading`, `FastShading` or `MultiLightShading`. Defaulting to `NoShading`.
└ @ Makie ~/.julia/packages/Makie/Y3ABD/src/lighting.jl:243
┌ Warning: No strict ticks found
└ @ PlotUtils ~/.julia/packages/PlotUtils/HX80C/src/ticks.jl:194
┌ Warning: No strict ticks found
└ @ PlotUtils ~/.julia/packages/PlotUtils/HX80C/src/ticks.jl:194
┌ Warning: No strict ticks found
└ @ PlotUtils ~/.julia/packages/PlotUtils/HX80C/src/ticks.jl:194
┌ Warning: No strict ticks found
└ @ PlotUtils ~/.julia/packages/PlotUtils/HX80C/src/ticks.jl:194
┌ Warning: `shading = false` is not valid. Use `Makie.automatic`, `NoShading`, `FastShading` or `MultiLightShading`. Defaulting to `NoShading`.
└ @ Makie ~/.julia/packages/Makie/Y3ABD/src/lighting.jl:243
┌ Warning: `shading = false` is not valid. Use `Makie.automatic`, `NoShading`, `FastShading` or `MultiLightShading`. Defaulting to `NoShading`.
└ @ Makie ~/.julia/packages/Makie/Y3ABD/src/lighting.jl:243
┌ Warning: No strict ticks found
└ @ PlotUtils ~/.julia/packages/PlotUtils/HX80C/src/ticks.jl:194
┌ Warning: No strict ticks found
└ @ PlotUtils ~/.julia/packages/PlotUtils/HX80C/src/ticks.jl:194
┌ Warning: `shading = false` is not valid. Use `Makie.automatic`, `NoShading`, `FastShading` or `MultiLightShading`. Defaulting to `NoShading`.
└ @ Makie ~/.julia/packages/Makie/Y3ABD/src/lighting.jl:243
┌ Warning: `shading = false` is not valid. Use `Makie.automatic`, `NoShading`, `FastShading` or `MultiLightShading`. Defaulting to `NoShading`.
└ @ Makie ~/.julia/packages/Makie/Y3ABD/src/lighting.jl:243
┌ Warning: `shading = false` is not valid. Use `Makie.automatic`, `NoShading`, `FastShading` or `MultiLightShading`. Defaulting to `NoShading`.
└ @ Makie ~/.julia/packages/Makie/Y3ABD/src/lighting.jl:243
┌ Warning: `shading = false` is not valid. Use `Makie.automatic`, `NoShading`, `FastShading` or `MultiLightShading`. Defaulting to `NoShading`.
└ @ Makie ~/.julia/packages/Makie/Y3ABD/src/lighting.jl:243
┌ Warning: No strict ticks found
└ @ PlotUtils ~/.julia/packages/PlotUtils/HX80C/src/ticks.jl:194
┌ Warning: `shading = false` is not valid. Use `Makie.automatic`, `NoShading`, `FastShading` or `MultiLightShading`. Defaulting to `NoShading`.
└ @ Makie ~/.julia/packages/Makie/Y3ABD/src/lighting.jl:243
┌ Warning: No strict ticks found
└ @ PlotUtils ~/.julia/packages/PlotUtils/HX80C/src/ticks.jl:194
┌ Warning: No strict ticks found
└ @ PlotUtils ~/.julia/packages/PlotUtils/HX80C/src/ticks.jl:194
┌ Warning: `shading = false` is not valid. Use `Makie.automatic`, `NoShading`, `FastShading` or `MultiLightShading`. Defaulting to `NoShading`.
└ @ Makie ~/.julia/packages/Makie/Y3ABD/src/lighting.jl:243
┌ Warning: No strict ticks found
└ @ PlotUtils ~/.julia/packages/PlotUtils/HX80C/src/ticks.jl:194
┌ Warning: No strict ticks found
└ @ PlotUtils ~/.julia/packages/PlotUtils/HX80C/src/ticks.jl:194
┌ Warning: No strict ticks found
└ @ PlotUtils ~/.julia/packages/PlotUtils/HX80C/src/ticks.jl:194
┌ Warning: No strict ticks found
└ @ PlotUtils ~/.julia/packages/PlotUtils/HX80C/src/ticks.jl:194
┌ Warning: No strict ticks found
└ @ PlotUtils ~/.julia/packages/PlotUtils/HX80C/src/ticks.jl:194
┌ Warning: No strict ticks found
└ @ PlotUtils ~/.julia/packages/PlotUtils/HX80C/src/ticks.jl:194
2026-01-14 15:52:06 - Benchmark complete
