Loading climacommon/2025_05_15
  Loading requirement: climaauth/2025_05_15 openmpi/4.1.5-mpitrampoline
    julia/1.11.5 cuda/julia-pref
Using Python 3.14.2 environment at: .calkit/venvs/main/.venv
2026-01-14 18:51:17 - Running benchmark for date: 2025-11-03
2026-01-14 18:51:17 - Git revs:
2026-01-14 18:51:17 -   ClimaCoupler.jl: 39c9c8e3c2c29c2aaa53f7c9e623efb0c03de725
2026-01-14 18:51:17 -   ClimaAtmos.jl: 70399c9797c23a71cf36d0800509284f5d4c3dc6
2026-01-14 18:51:17 -   ClimaCore.jl: 82bec0bc1c5a6dbcc83c3175fe6ac8fcdb593649
2026-01-14 18:51:17 -   ClimaTimesteppers.jl: 47a52f332cb8cc2898d90a1c5b2b760ae0b6fbab
2026-01-14 18:51:17 -   Thermodynamics.jl: 9577fb1da33e52743cf915a3c1b24d8aa98780a3
2026-01-14 18:51:17 -   RRTMGP.jl: 90eadd1744d321a9e3fc600ef613ac2e4c42209a
2026-01-14 18:51:17 - Copying ClimaCoupler at rev: 39c9c8e3c2c29c2aaa53f7c9e623efb0c03de725
2026-01-14 18:51:17 - Instantiating ClimaEarth environment at: runs/amip/2025-11-03/ClimaCoupler.jl/experiments/ClimaEarth
Precompiling project...
   5511.4 ms  ✓ Thermodynamics
   5186.3 ms  ✓ Thermodynamics → CreateParametersExt
   5940.5 ms  ✓ SurfaceFluxes
   4651.5 ms  ✓ SurfaceFluxes → CreateParametersExt
  15877.9 ms  ✓ ClimaTimeSteppers
  10509.4 ms  ✓ CloudMicrophysics
  23121.8 ms  ✓ ClimaCore
  22225.6 ms  ✓ RRTMGP → RRTMGPCUDAExt
  14583.8 ms  ✓ ClimaUtilities → ClimaUtilitiesClimaCoreExt
  15606.6 ms  ✓ ClimaCore → KrylovExt
  38242.1 ms  ✓ ClimaTimeSteppers → ClimaTimeSteppersBenchmarkToolsExt
  22016.8 ms  ✓ ClimaUtilities → ClimaUtilitiesClimaCoreInterpolationsExt
  22059.2 ms  ✓ ClimaUtilities → ClimaUtilitiesClimaCoreNCDatasetsExt
  23883.8 ms  ✓ ClimaCoupler
  40435.8 ms  ✓ ClimaCore → ClimaCoreCUDAExt
  43795.7 ms  ✓ ClimaCoreMakie
ClimaDiagnostics Waiting for background task / IO / timer.
[pid 1761849] waiting for IO to finish:
 Handle type        uv_handle_t->data
 fs_event           0x1a0c570->0x7fcaa42d8b80
 timer              0x1759bd0->0x7fcaa42d8bb0
This means that a package has started a background task or event source that has not finished running. For precompilation to complete successfully, the event source needs to be closed explicitly. See the developer documentation on fixing precompilation hangs for more help.
  50243.2 ms  ✓ ClimaDiagnostics
  83674.0 ms  ✓ ClimaOcean
  13368.0 ms  ✓ ClimaLand
   8667.2 ms  ✓ ClimaLand → FluxnetSimulationsExt
  25442.1 ms  ✓ ClimaAtmos
  19245.0 ms  ✓ ClimaLand → LandSimulationVisualizationExt
  22 dependencies successfully precompiled in 130 seconds. 620 already precompiled.
  5 dependencies had output during precompilation:
┌ ClimaDiagnostics
│  [pid 1761849] waiting for IO to finish:
│   Handle type        uv_handle_t->data
│   fs_event           0x1a0c570->0x7fcaa42d8b80
│   timer              0x1759bd0->0x7fcaa42d8bb0
│  This means that a package has started a background task or event source that has not finished running. For precompilation to complete successfully, the event source needs to be closed explicitly. See the developer documentation on fixing precompilation hangs for more help.
└  
┌ ClimaOcean
│  ┌ Warning: You are using Julia v1.11 or later!"
│  │ Oceananigans is currently tested on Julia v1.10."
│  │ If you find issues with Julia v1.11 or later,"
│  │ please report at https://github.com/CliMA/Oceananigans.jl/issues/new
│  └ @ Oceananigans ~/.julia/packages/Oceananigans/6zzyB/src/Oceananigans.jl:125
│  ┌ Warning: CUDA runtime library `libcublasLt.so.13` was loaded from a system path, `/usr/local/cuda/lib64/libcublasLt.so.13`.
│  │ This may cause errors.
│  │ 
│  │ If you're running under a profiler, this situation is expected. Otherwise,
│  │ ensure that your library path environment variable (e.g., `PATH` on Windows
│  │ or `LD_LIBRARY_PATH` on Linux) does not include CUDA library paths.
│  │ 
│  │ In any other case, please file an issue.
│  └ @ CUDA ~/.julia/packages/CUDA/TPbi4/src/initialization.jl:218
│  ┌ Warning: CUDA runtime library `libnvJitLink.so.13` was loaded from a system path, `/usr/local/cuda/lib64/libnvJitLink.so.13`.
│  │ This may cause errors.
│  │ 
│  │ If you're running under a profiler, this situation is expected. Otherwise,
│  │ ensure that your library path environment variable (e.g., `PATH` on Windows
│  │ or `LD_LIBRARY_PATH` on Linux) does not include CUDA library paths.
│  │ 
│  │ In any other case, please file an issue.
│  └ @ CUDA ~/.julia/packages/CUDA/TPbi4/src/initialization.jl:218
│  ┌ Warning: CUDA runtime library `libcusparse.so.12` was loaded from a system path, `/usr/local/cuda/lib64/libcusparse.so.12`.
│  │ This may cause errors.
│  │ 
│  │ If you're running under a profiler, this situation is expected. Otherwise,
│  │ ensure that your library path environment variable (e.g., `PATH` on Windows
│  │ or `LD_LIBRARY_PATH` on Linux) does not include CUDA library paths.
│  │ 
│  │ In any other case, please file an issue.
│  └ @ CUDA ~/.julia/packages/CUDA/TPbi4/src/initialization.jl:218
└  
┌ ClimaTimeSteppers → ClimaTimeSteppersBenchmarkToolsExt
│  ┌ Warning: CUDA runtime library `libcublasLt.so.13` was loaded from a system path, `/usr/local/cuda/lib64/libcublasLt.so.13`.
│  │ This may cause errors.
│  │ 
│  │ If you're running under a profiler, this situation is expected. Otherwise,
│  │ ensure that your library path environment variable (e.g., `PATH` on Windows
│  │ or `LD_LIBRARY_PATH` on Linux) does not include CUDA library paths.
│  │ 
│  │ In any other case, please file an issue.
│  └ @ CUDA ~/.julia/packages/CUDA/TPbi4/src/initialization.jl:218
│  ┌ Warning: CUDA runtime library `libnvJitLink.so.13` was loaded from a system path, `/usr/local/cuda/lib64/libnvJitLink.so.13`.
│  │ This may cause errors.
│  │ 
│  │ If you're running under a profiler, this situation is expected. Otherwise,
│  │ ensure that your library path environment variable (e.g., `PATH` on Windows
│  │ or `LD_LIBRARY_PATH` on Linux) does not include CUDA library paths.
│  │ 
│  │ In any other case, please file an issue.
│  └ @ CUDA ~/.julia/packages/CUDA/TPbi4/src/initialization.jl:218
│  ┌ Warning: CUDA runtime library `libcusparse.so.12` was loaded from a system path, `/usr/local/cuda/lib64/libcusparse.so.12`.
│  │ This may cause errors.
│  │ 
│  │ If you're running under a profiler, this situation is expected. Otherwise,
│  │ ensure that your library path environment variable (e.g., `PATH` on Windows
│  │ or `LD_LIBRARY_PATH` on Linux) does not include CUDA library paths.
│  │ 
│  │ In any other case, please file an issue.
│  └ @ CUDA ~/.julia/packages/CUDA/TPbi4/src/initialization.jl:218
└  
┌ RRTMGP → RRTMGPCUDAExt
│  ┌ Warning: CUDA runtime library `libcublasLt.so.13` was loaded from a system path, `/usr/local/cuda/lib64/libcublasLt.so.13`.
│  │ This may cause errors.
│  │ 
│  │ If you're running under a profiler, this situation is expected. Otherwise,
│  │ ensure that your library path environment variable (e.g., `PATH` on Windows
│  │ or `LD_LIBRARY_PATH` on Linux) does not include CUDA library paths.
│  │ 
│  │ In any other case, please file an issue.
│  └ @ CUDA ~/.julia/packages/CUDA/TPbi4/src/initialization.jl:218
│  ┌ Warning: CUDA runtime library `libnvJitLink.so.13` was loaded from a system path, `/usr/local/cuda/lib64/libnvJitLink.so.13`.
│  │ This may cause errors.
│  │ 
│  │ If you're running under a profiler, this situation is expected. Otherwise,
│  │ ensure that your library path environment variable (e.g., `PATH` on Windows
│  │ or `LD_LIBRARY_PATH` on Linux) does not include CUDA library paths.
│  │ 
│  │ In any other case, please file an issue.
│  └ @ CUDA ~/.julia/packages/CUDA/TPbi4/src/initialization.jl:218
│  ┌ Warning: CUDA runtime library `libcusparse.so.12` was loaded from a system path, `/usr/local/cuda/lib64/libcusparse.so.12`.
│  │ This may cause errors.
│  │ 
│  │ If you're running under a profiler, this situation is expected. Otherwise,
│  │ ensure that your library path environment variable (e.g., `PATH` on Windows
│  │ or `LD_LIBRARY_PATH` on Linux) does not include CUDA library paths.
│  │ 
│  │ In any other case, please file an issue.
│  └ @ CUDA ~/.julia/packages/CUDA/TPbi4/src/initialization.jl:218
└  
┌ ClimaCore → ClimaCoreCUDAExt
│  ┌ Warning: CUDA runtime library `libcublasLt.so.13` was loaded from a system path, `/usr/local/cuda/lib64/libcublasLt.so.13`.
│  │ This may cause errors.
│  │ 
│  │ If you're running under a profiler, this situation is expected. Otherwise,
│  │ ensure that your library path environment variable (e.g., `PATH` on Windows
│  │ or `LD_LIBRARY_PATH` on Linux) does not include CUDA library paths.
│  │ 
│  │ In any other case, please file an issue.
│  └ @ CUDA ~/.julia/packages/CUDA/TPbi4/src/initialization.jl:218
│  ┌ Warning: CUDA runtime library `libnvJitLink.so.13` was loaded from a system path, `/usr/local/cuda/lib64/libnvJitLink.so.13`.
│  │ This may cause errors.
│  │ 
│  │ If you're running under a profiler, this situation is expected. Otherwise,
│  │ ensure that your library path environment variable (e.g., `PATH` on Windows
│  │ or `LD_LIBRARY_PATH` on Linux) does not include CUDA library paths.
│  │ 
│  │ In any other case, please file an issue.
│  └ @ CUDA ~/.julia/packages/CUDA/TPbi4/src/initialization.jl:218
│  ┌ Warning: CUDA runtime library `libcusparse.so.12` was loaded from a system path, `/usr/local/cuda/lib64/libcusparse.so.12`.
│  │ This may cause errors.
│  │ 
│  │ If you're running under a profiler, this situation is expected. Otherwise,
│  │ ensure that your library path environment variable (e.g., `PATH` on Windows
│  │ or `LD_LIBRARY_PATH` on Linux) does not include CUDA library paths.
│  │ 
│  │ In any other case, please file an issue.
│  └ @ CUDA ~/.julia/packages/CUDA/TPbi4/src/initialization.jl:218
└  
2026-01-14 18:53:39 - Adding package: ClimaAtmos.jl at rev: 70399c9797c23a71cf36d0800509284f5d4c3dc6
   Resolving package versions...
    Updating `~/calkit/clima-perf/runs/amip/2025-11-03/ClimaCoupler.jl/experiments/ClimaEarth/Project.toml`
  [b2c96348] ~ ClimaAtmos v0.31.6 ⇒ v0.31.7 `https://github.com/CliMA/ClimaAtmos.jl#70399c9`
    Updating `~/calkit/clima-perf/runs/amip/2025-11-03/ClimaCoupler.jl/experiments/ClimaEarth/Manifest-v1.11.toml`
  [b2c96348] ~ ClimaAtmos v0.31.6 ⇒ v0.31.7 `https://github.com/CliMA/ClimaAtmos.jl#70399c9`
Precompiling project...
  15507.6 ms  ✓ ClimaAtmos
  1 dependency successfully precompiled in 22 seconds. 641 already precompiled.
2026-01-14 18:54:26 - Adding package: ClimaCore.jl at rev: 82bec0bc1c5a6dbcc83c3175fe6ac8fcdb593649
   Resolving package versions...
    Updating `~/calkit/clima-perf/runs/amip/2025-11-03/ClimaCoupler.jl/experiments/ClimaEarth/Project.toml`
  [d414da3d] ~ ClimaCore v0.14.41 ⇒ v0.14.41 `https://github.com/CliMA/ClimaCore.jl#82bec0b`
    Updating `~/calkit/clima-perf/runs/amip/2025-11-03/ClimaCoupler.jl/experiments/ClimaEarth/Manifest-v1.11.toml`
  [d414da3d] ~ ClimaCore v0.14.41 ⇒ v0.14.41 `https://github.com/CliMA/ClimaCore.jl#82bec0b`
Precompiling project...
   7226.8 ms  ✓ ClimaCoupler
  13874.5 ms  ✓ ClimaLand
   9892.6 ms  ✓ ClimaLand → FluxnetSimulationsExt
  28045.8 ms  ✓ ClimaAtmos
  20163.3 ms  ✓ ClimaLand → LandSimulationVisualizationExt
  5 dependencies successfully precompiled in 40 seconds. 637 already precompiled.
2026-01-14 18:55:30 - Adding package: ClimaTimesteppers.jl at rev: 47a52f332cb8cc2898d90a1c5b2b760ae0b6fbab
   Resolving package versions...
    Updating `~/calkit/clima-perf/runs/amip/2025-11-03/ClimaCoupler.jl/experiments/ClimaEarth/Project.toml`
  [595c0a79] ~ ClimaTimeSteppers v0.8.5 ⇒ v0.8.5 `https://github.com/CliMA/ClimaTimesteppers.jl#47a52f3`
    Updating `~/calkit/clima-perf/runs/amip/2025-11-03/ClimaCoupler.jl/experiments/ClimaEarth/Manifest-v1.11.toml`
  [595c0a79] ~ ClimaTimeSteppers v0.8.5 ⇒ v0.8.5 `https://github.com/CliMA/ClimaTimesteppers.jl#47a52f3`
Precompiling project...
  12302.9 ms  ✓ ClimaLand
   9141.5 ms  ✓ ClimaLand → FluxnetSimulationsExt
  25475.0 ms  ✓ ClimaAtmos
  19496.9 ms  ✓ ClimaLand → LandSimulationVisualizationExt
  4 dependencies successfully precompiled in 38 seconds. 638 already precompiled.
2026-01-14 18:56:33 - Adding package: Thermodynamics.jl at rev: 9577fb1da33e52743cf915a3c1b24d8aa98780a3
   Resolving package versions...
    Updating `~/calkit/clima-perf/runs/amip/2025-11-03/ClimaCoupler.jl/experiments/ClimaEarth/Project.toml`
  [b60c26fb] ~ Thermodynamics v0.15.0 ⇒ v0.15.0 `https://github.com/CliMA/Thermodynamics.jl#9577fb1`
    Updating `~/calkit/clima-perf/runs/amip/2025-11-03/ClimaCoupler.jl/experiments/ClimaEarth/Manifest-v1.11.toml`
  [b60c26fb] ~ Thermodynamics v0.15.0 ⇒ v0.15.0 `https://github.com/CliMA/Thermodynamics.jl#9577fb1`
Precompiling project...
   6522.8 ms  ✓ ClimaCoupler
  17790.2 ms  ✓ ClimaAtmos
  2 dependencies successfully precompiled in 24 seconds. 640 already precompiled.
2026-01-14 18:57:23 - Adding package: RRTMGP.jl at rev: 90eadd1744d321a9e3fc600ef613ac2e4c42209a
   Resolving package versions...
    Updating `~/calkit/clima-perf/runs/amip/2025-11-03/ClimaCoupler.jl/experiments/ClimaEarth/Project.toml`
  [a01a1ee8] + RRTMGP v0.21.6 `https://github.com/CliMA/RRTMGP.jl#90eadd1`
    Updating `~/calkit/clima-perf/runs/amip/2025-11-03/ClimaCoupler.jl/experiments/ClimaEarth/Manifest-v1.11.toml`
  [a01a1ee8] ~ RRTMGP v0.21.6 ⇒ v0.21.6 `https://github.com/CliMA/RRTMGP.jl#90eadd1`
2026-01-14 18:57:56 - Resolving environment
  No Changes to `~/calkit/clima-perf/runs/amip/2025-11-03/ClimaCoupler.jl/experiments/ClimaEarth/Project.toml`
  No Changes to `~/calkit/clima-perf/runs/amip/2025-11-03/ClimaCoupler.jl/experiments/ClimaEarth/Manifest-v1.11.toml`
2026-01-14 18:58:11 - Adding MPI package
   Resolving package versions...
    Updating `~/calkit/clima-perf/runs/amip/2025-11-03/ClimaCoupler.jl/experiments/ClimaEarth/Project.toml`
  [da04e1cc] + MPI v0.20.23
  No Changes to `~/calkit/clima-perf/runs/amip/2025-11-03/ClimaCoupler.jl/experiments/ClimaEarth/Manifest-v1.11.toml`
2026-01-14 18:58:44 - Precompiling packages
Status `~/calkit/clima-perf/runs/amip/2025-11-03/ClimaCoupler.jl/experiments/ClimaEarth/Project.toml`
  [c7e460c6] ArgParse v1.2.0
⌃ [052768ef] CUDA v5.8.5
⌃ [13f3f980] CairoMakie v0.12.18
  [29b5916a] ClimaAnalysis v0.5.20
  [b2c96348] ClimaAtmos v0.31.7 `https://github.com/CliMA/ClimaAtmos.jl#70399c9`
⌅ [4347a170] ClimaCalibrate v0.1.4
  [3a4d1b5c] ClimaComms v0.6.10
  [d414da3d] ClimaCore v0.14.41 `https://github.com/CliMA/ClimaCore.jl#82bec0b`
  [908f55d8] ClimaCoreMakie v0.4.6
  [4ade58fe] ClimaCoupler v0.1.2 `../..`
⌅ [1ecacbb8] ClimaDiagnostics v0.2.15
⌃ [08f4d4ce] ClimaLand v1.0.0
⌃ [0376089a] ClimaOcean v0.8.7
⌃ [5c42b081] ClimaParams v1.0.2
⌃ [6ba0ff68] ClimaSeaIce v0.3.9
  [595c0a79] ClimaTimeSteppers v0.8.5 `https://github.com/CliMA/ClimaTimesteppers.jl#47a52f3`
⌃ [b3f4f4ca] ClimaUtilities v0.1.26
  [aa8a2aa5] EnsembleKalmanProcesses v2.6.0
⌃ [db073c08] GeoMakie v0.7.12
⌅ [e98cc03f] Insolation v0.10.2
⌅ [a98d9a8b] Interpolations v0.15.1
⌃ [033835bb] JLD2 v0.6.2
⌃ [63c18a36] KernelAbstractions v0.9.38
  [da04e1cc] MPI v0.20.23
⌅ [ee78f7c6] Makie v0.21.18
⌃ [85f8d34a] NCDatasets v0.14.9
⌅ [9e8cae18] Oceananigans v0.100.6
⌅ [08abe8d2] PrettyTables v2.4.0
  [a01a1ee8] RRTMGP v0.21.6 `https://github.com/CliMA/RRTMGP.jl#90eadd1`
  [1bc83da4] SafeTestsets v0.1.0
⌅ [0bca4576] SciMLBase v2.112.0
⌃ [90137ffa] StaticArrays v1.9.15
⌅ [49b00bb7] SurfaceFluxes v0.13.1
  [b60c26fb] Thermodynamics v0.15.0 `https://github.com/CliMA/Thermodynamics.jl#9577fb1`
⌃ [ddb6d928] YAML v0.4.14
⌃ [9c32591e] Poppler_jll v24.6.0+0
Info Packages marked with ⌃ and ⌅ have new versions available. Those with ⌃ may be upgradable, but those with ⌅ are restricted by compatibility constraints from upgrading. To see why use `status --outdated`
2026-01-14 18:59:06 - Environment setup complete
2026-01-14 18:59:06 - Copying ClimaCoupler configs
2026-01-14 18:59:06 -   ./repos/ClimaCoupler.jl/config/benchmark_configs/amip_progedmf_1m_land_he16.yml -> runs/amip/2025-11-03/ClimaCoupler.jl/config/benchmark_configs/amip_progedmf_1m_land_he16.yml
2026-01-14 18:59:06 -   ./repos/ClimaCoupler.jl/config/atmos_configs/climaatmos_progedmf_1m.yml -> runs/amip/2025-11-03/ClimaCoupler.jl/config/atmos_configs/climaatmos_progedmf_1m.yml
2026-01-14 18:59:06 - Copying ClimaCoupler TOML file
2026-01-14 18:59:06 - Starting benchmark
┌ Warning: CUDA runtime library `libcublasLt.so.13` was loaded from a system path, `/usr/local/cuda/lib64/libcublasLt.so.13`.
│ This may cause errors.
│ 
│ If you're running under a profiler, this situation is expected. Otherwise,
│ ensure that your library path environment variable (e.g., `PATH` on Windows
│ or `LD_LIBRARY_PATH` on Linux) does not include CUDA library paths.
│ 
│ In any other case, please file an issue.
└ @ CUDA ~/.julia/packages/CUDA/TPbi4/src/initialization.jl:218
┌ Warning: CUDA runtime library `libnvJitLink.so.13` was loaded from a system path, `/usr/local/cuda/lib64/libnvJitLink.so.13`.
│ This may cause errors.
│ 
│ If you're running under a profiler, this situation is expected. Otherwise,
│ ensure that your library path environment variable (e.g., `PATH` on Windows
│ or `LD_LIBRARY_PATH` on Linux) does not include CUDA library paths.
│ 
│ In any other case, please file an issue.
└ @ CUDA ~/.julia/packages/CUDA/TPbi4/src/initialization.jl:218
┌ Warning: CUDA runtime library `libcusparse.so.12` was loaded from a system path, `/usr/local/cuda/lib64/libcusparse.so.12`.
│ This may cause errors.
│ 
│ If you're running under a profiler, this situation is expected. Otherwise,
│ ensure that your library path environment variable (e.g., `PATH` on Windows
│ or `LD_LIBRARY_PATH` on Linux) does not include CUDA library paths.
│ 
│ In any other case, please file an issue.
└ @ CUDA ~/.julia/packages/CUDA/TPbi4/src/initialization.jl:218
┌ Warning: You are using Julia v1.11 or later!"
│ Oceananigans is currently tested on Julia v1.10."
│ If you find issues with Julia v1.11 or later,"
│ please report at https://github.com/CliMA/Oceananigans.jl/issues/new
└ @ Oceananigans ~/.julia/packages/Oceananigans/6zzyB/src/Oceananigans.jl:125
WARNING: using IntervalArithmetic.numtype in module TaylorSeries conflicts with an existing identifier.
┌ Warning: Error requiring `IntervalArithmetic` from `TaylorSeries`
│   exception =
│    LoadError: UndefVarError: `IntervalBox` not defined in `TaylorSeries`
│    Suggestion: check for spelling errors or missing imports.
│    Stacktrace:
│      [1] top-level scope
│        @ ~/.julia/packages/TaylorSeries/ZBRjU/src/intervals.jl:171
│      [2] include(mod::Module, _path::String)
│        @ Base ./Base.jl:557
│      [3] include(x::String)
│        @ TaylorSeries ~/.julia/packages/TaylorSeries/ZBRjU/src/TaylorSeries.jl:17
│      [4] top-level scope
│        @ ~/.julia/packages/Requires/1eCOK/src/Requires.jl:40
│      [5] eval
│        @ ./boot.jl:430 [inlined]
│      [6] eval
│        @ ~/.julia/packages/TaylorSeries/ZBRjU/src/TaylorSeries.jl:17 [inlined]
│      [7] (::TaylorSeries.var"#54#57")()
│        @ TaylorSeries ~/.julia/packages/Requires/1eCOK/src/require.jl:101
│      [8] macro expansion
│        @ timing.jl:421 [inlined]
│      [9] err(f::Any, listener::Module, modname::String, file::String, line::Any)
│        @ Requires ~/.julia/packages/Requires/1eCOK/src/require.jl:47
│     [10] (::TaylorSeries.var"#53#56")()
│        @ TaylorSeries ~/.julia/packages/Requires/1eCOK/src/require.jl:100
│     [11] withpath(f::Any, path::String)
│        @ Requires ~/.julia/packages/Requires/1eCOK/src/require.jl:37
│     [12] (::TaylorSeries.var"#52#55")()
│        @ TaylorSeries ~/.julia/packages/Requires/1eCOK/src/require.jl:99
│     [13] #invokelatest#2
│        @ ./essentials.jl:1055 [inlined]
│     [14] invokelatest
│        @ ./essentials.jl:1052 [inlined]
│     [15] foreach(f::typeof(invokelatest), itr::Vector{Function})
│        @ Base ./abstractarray.jl:3187
│     [16] loadpkg(pkg::Base.PkgId)
│        @ Requires ~/.julia/packages/Requires/1eCOK/src/require.jl:27
│     [17] #invokelatest#2
│        @ ./essentials.jl:1055 [inlined]
│     [18] invokelatest
│        @ ./essentials.jl:1052 [inlined]
│     [19] run_package_callbacks(modkey::Base.PkgId)
│        @ Base ./loading.jl:1401
│     [20] _require_search_from_serialized(pkg::Base.PkgId, sourcepath::String, build_id::UInt128, stalecheck::Bool; reasons::Dict{…}, DEPOT_PATH::Vector{…})
│        @ Base ./loading.jl:2065
│     [21] _require(pkg::Base.PkgId, env::String)
│        @ Base ./loading.jl:2527
│     [22] __require_prelocked(uuidkey::Base.PkgId, env::String)
│        @ Base ./loading.jl:2388
│     [23] #invoke_in_world#3
│        @ ./essentials.jl:1089 [inlined]
│     [24] invoke_in_world
│        @ ./essentials.jl:1086 [inlined]
│     [25] _require_prelocked(uuidkey::Base.PkgId, env::String)
│        @ Base ./loading.jl:2375
│     [26] macro expansion
│        @ ./loading.jl:2314 [inlined]
│     [27] macro expansion
│        @ ./lock.jl:273 [inlined]
│     [28] __require(into::Module, mod::Symbol)
│        @ Base ./loading.jl:2271
│     [29] #invoke_in_world#3
│        @ ./essentials.jl:1089 [inlined]
│     [30] invoke_in_world
│        @ ./essentials.jl:1086 [inlined]
│     [31] require(into::Module, mod::Symbol)
│        @ Base ./loading.jl:2260
│     [32] include(fname::String)
│        @ Main ./sysimg.jl:38
│     [33] top-level scope
│        @ ~/calkit/clima-perf/runs/amip/2025-11-03/ClimaCoupler.jl/experiments/ClimaEarth/user_io/postprocessing.jl:2
│     [34] include(fname::String)
│        @ Main ./sysimg.jl:38
│     [35] top-level scope
│        @ ~/calkit/clima-perf/runs/amip/2025-11-03/ClimaCoupler.jl/experiments/ClimaEarth/setup_run.jl:90
│     [36] include(fname::String)
│        @ Main ./sysimg.jl:38
│     [37] top-level scope
│        @ ~/calkit/clima-perf/runs/amip/2025-11-03/ClimaCoupler.jl/experiments/ClimaEarth/run_amip.jl:40
│     [38] include(mod::Module, _path::String)
│        @ Base ./Base.jl:557
│     [39] exec_options(opts::Base.JLOptions)
│        @ Base ./client.jl:323
│     [40] _start()
│        @ Base ./client.jl:531
│    in expression starting at /home/pbachant/.julia/packages/TaylorSeries/ZBRjU/src/intervals.jl:171
└ @ Requires ~/.julia/packages/Requires/1eCOK/src/require.jl:51
[ Info: Using Atmos configuration from ClimaCoupler in config/atmos_configs/climaatmos_progedmf_1m.yml
[ Info: Using default AMIP diagnostics
[ Info: Setting up single-process ClimaCoupler run on device: CUDADevice.
[ Info: Dict{Any, Any}("sleve_eta" => 0.7, "surface_thermo_state_type" => "GCMSurfaceThermoState", "use_coupler_diagnostics" => true, "era5_diurnal_warming" => nothing, "dt" => "30secs", "prognostic_tke" => true, "use_newton_rtol" => false, "netcdf_output_at_levels" => true, "output_dir_style" => "ActiveLink", "external_forcing" => nothing, "device" => "auto", "t_end" => "1200secs", "c_amd" => 0.29, "y_elem" => 6, "z_stretch" => true, "extra_atmos_diagnostics" => Dict{Any, Any}[Dict("reduction_time" => "average", "short_name" => ["toa_fluxes_net"], "period" => "1hours")], "forcing" => nothing, "edmfx_nh_pressure" => true, "era5_initial_condition_dir" => nothing, "conservation_softfail" => false, "check_steady_state" => false, "update_jacobian_every" => "solve", "test_dycore_consistency" => false, "add_isothermal_boundary_layer" => true, "use_itime" => true, "moist" => "nonequil", "rad" => "allskywithclear", "share_surface_space" => true, "cloud_model" => "quadrature", "initial_condition" => "DecayingProfile", "krylov_rtol" => 0.1, "eisenstat_walker_forcing_alpha" => 2.0, "dt_cloud_fraction" => "1hours", "surface_setup" => "PrescribedSurface", "jvp_step_adjustment" => 1.0, "insolation" => "timevarying", "log_progress" => true, "site_latitude" => 17.0, "h_elem" => 16, "implicit_sgs_nh_pressure" => true, "coupler_toml" => ["/home/pbachant/calkit/clima-perf/runs/amip/2025-11-03/ClimaCoupler.jl/toml/amip_progedmf_1m.toml"], "netcdf_interpolation_num_points" => nothing, "coupler_output_dir" => "experiments/ClimaEarth/output", "z_max" => 60000.0, "apply_limiter" => false, "precip_model" => "1M", "surface_temperature" => "ZonallySymmetric", "debug_jacobian" => false, "edmfx_filter" => true, "job_id" => "gpu_amip_progedmf_1M_land_he16", "log_to_file" => false, "orographic_gravity_wave" => nothing, "dt_rad" => "600secs", "edmfx_upwinding" => "first_order", "tracer_upwinding" => "vanleer_limiter", "nh_poly" => 3, "edmfx_sgs_diffusive_flux" => true, "y_max" => 300000.0, "non_orographic_gravity_wave" => false, "print_config_dict" => true, "topography_damping_factor" => 5, "config" => "sphere", "reproducibility_test" => false, "component_dt_dict" => Dict("dt_atmos" => 30.0, "dt_land" => 30.0, "dt_seaice" => 30.0, "dt_ocean" => 30.0), "check_conservation" => false, "rmse_check" => false, "land_spun_up_ic" => true, "auto_jacobian_padding_bands" => nothing, "implicit_diffusion" => true, "z_elem" => 63, "implicit_sgs_entr_detr" => true, "use_auto_jacobian" => false, "disable_surface_flux_tendency" => false, "cfsite_number" => "site23", "turbconv" => "prognostic_edmfx", "x_elem" => 6, "idealized_clouds" => false, "edmfx_mse_q_tot_upwinding" => "first_order", "check_nan_every" => 1024, "subsidence" => nothing, "use_dynamic_krylov_rtol" => false, "toml" => ["toml/longrun_aquaplanet_diagedmf.toml"], "mesh_warp_type" => "SLEVE", "edmfx_detr_model" => "Generalized", "external_forcing_file" => nothing, "topo_smoothing" => true, "hyperdiff" => "CAM_SE", "output_dir" => nothing, "diagnostics_dt" => Dates.Hour(1), "scm_coriolis" => nothing, "bubble" => false, "co2_model" => nothing, "ode_algo" => "ARS343", "max_newton_iters_ode" => 3, "start_date" => "20100101", "time_varying_trace_gases" => ["CO2", "O3"], "use_dense_jacobian" => false, "implicit_noneq_cloud_formation" => false, "scalar_hyperdiffusion_coefficient" => 0.929738, "prognostic_surface" => "false", "detect_restart_file" => false, "edmfx_vertical_diffusion" => true, "restart_file" => nothing, "unique_seed" => false, "rayleigh_sponge" => true, "edmfx_tracer_upwinding" => "first_order", "divergence_damping_factor" => 5.0, "edmfx_entr_model" => "Generalized", "energy_check" => false, "land_model" => "integrated", "use_land_diagnostics" => true, "idealized_h2o" => false, "perturb_initstate" => true, "implicit_sgs_advection" => true, "edmfx_scale_blending" => "SmoothMinimum", "discrete_hydrostatic_balance" => false, "t_start" => "0secs", "dz_bottom" => 30.0, "dt_save_state_to_disk" => "30days", "restart_t" => nothing, "advection_test" => false, "dt_cpl" => "30secs", "checkpoint_dt" => "366days", "topography" => "Earth", "aerosol_radiation" => true, "reference_job_id" => nothing, "perf_summary" => false, "vorticity_hyperdiffusion_coefficient" => 0.1857, "implicit_sgs_mass_flux" => true, "call_cloud_diagnostics_per_stage" => false, "viscous_sponge" => true, "config_file" => "runs/amip/2025-11-03/ClimaCoupler.jl/config/benchmark_configs/amip_progedmf_1m_land_he16.yml", "bucket_initial_condition" => "", "approximate_linear_solve_iters" => 2, "smagorinsky_lilly" => nothing, "enable_diagnostics" => true, "site_longitude" => -149.0, "evolving_ocean" => true, "implicit_sgs_vertdiff" => true, "prescribe_clouds_in_radiation" => false, "albedo_model" => "CouplerAlbedo", "FLOAT_TYPE" => "Float32", "deep_atmosphere" => true, "split_ode" => true, "amd_les" => false, "prescribe_ozone" => false, "updraft_number" => 1, "restart_dir" => nothing, "detect_restart_files" => false, "ls_adv" => nothing, "energy_q_tot_upwinding" => "vanleer_limiter", "prescribed_aerosols" => ["CB1", "CB2", "DST01", "DST02", "DST03", "DST04", "DST05", "OC1", "OC2", "SO4", "SSLT01", "SSLT02", "SSLT03", "SSLT04", "SSLT05"], "dt_nogw" => "1800secs", "output_default_diagnostics" => true, "edmfx_sgs_mass_flux" => true, "x_max" => 300000.0, "radiation_reset_rng_seed" => true, "newton_rtol" => 1.0e-5, "atmos_config_file" => "config/atmos_configs/climaatmos_progedmf_1m.yml", "edmfx_sgsflux_upwinding" => "none", "mode_name" => "amip", "land_temperature_anomaly" => "aquaplanet", "bucket_albedo_type" => "map_static", "vert_diff" => "false", "use_krylov_method" => false, "sleve_s" => 10.0)
[ Info: Output directories experiments/ClimaEarth/output/gpu_amip_progedmf_1M_land_he16/output_0005
[ Info: Coupler artifacts directory experiments/ClimaEarth/output/gpu_amip_progedmf_1M_land_he16/artifacts
[ Info: Coupler checkpoint directory experiments/ClimaEarth/output/gpu_amip_progedmf_1M_land_he16/checkpoints
[ Info: Overwriting Atmos parameters from input TOML file(s): ["/home/pbachant/calkit/clima-perf/runs/amip/2025-11-03/ClimaCoupler.jl/toml/amip_progedmf_1m.toml"]
┌ Warning: The configuration passed to ClimaAtmos contains unused keys: share_surface_space, use_coupler_diagnostics, bucket_initial_condition, energy_check, land_model, use_land_diagnostics, diagnostics_dt, edmfx_upwinding, atmos_config_file, mode_name, land_temperature_anomaly, evolving_ocean, bucket_albedo_type, print_config_dict, extra_atmos_diagnostics, coupler_toml, time_varying_trace_gases, restart_t, coupler_output_dir, dt_cpl, checkpoint_dt, component_dt_dict, conservation_softfail, restart_dir, rmse_check, detect_restart_files, land_spun_up_ic, config_file, unique_seed
└ @ ClimaAtmos ~/.julia/packages/ClimaAtmos/VhjcU/src/solver/yaml_helper.jl:89
┌ Warning: `job_id` is empty and likely not passed to AtmosConfig
└ @ ClimaAtmos ~/.julia/packages/ClimaAtmos/VhjcU/src/solver/types.jl:1251
┌ Info: Making AtmosConfig with config files: 
└    /home/pbachant/.julia/packages/ClimaAtmos/VhjcU/src/solver/../../config/default_configs/default_config.yml
[ Info: Random seed set to 1234
┌ Warning: Removing experiments/ClimaEarth/output/gpu_amip_progedmf_1M_land_he16/output_0005/clima_atmos
└ @ ClimaUtilities.OutputPathGenerator ~/.julia/packages/ClimaUtilities/gj63x/src/OutputPathGenerator.jl:157
[ Info: Running on CUDADevice
[ Info: Setting up single-process ClimaAtmos run
┌ Info: Time info:
│   dt = "30secs"
│   t_start = "0secs"
│   t_end = "1200secs"
└   floor_n_steps = 40
┌ Warning: co2_model set to nothing with an RRTMGP model. Resetting to FixedCO2
└ @ ClimaAtmos ~/.julia/packages/ClimaAtmos/VhjcU/src/solver/type_getters.jl:62
┌ Info: numerics 
│        `energy_q_tot_upwinding`::`Val{:vanleer_limiter}`
│              `tracer_upwinding`::`Val{:vanleer_limiter}`
│     `edmfx_mse_q_tot_upwinding`::`Val{:first_order}`
│       `edmfx_sgsflux_upwinding`::`Val{:none}`
│        `edmfx_tracer_upwinding`::`Val{:first_order}`
│       `test_dycore_consistency`::`Nothing`
│                       `limiter`::`Nothing`
│                     `diff_mode`::`ClimaAtmos.Implicit`
└                     `hyperdiff`::`ClimaAtmos.ClimaHyperdiffusion{Float32}`
┌ Info: AtmosModel: 
│ 
│                             `water`::`ClimaAtmos.AtmosWater{ClimaAtmos.NonEquilMoistModel, ClimaAtmos.Microphysics1Moment, ClimaAtmos.QuadratureCloud{ClimaAtmos.SGSQuadrature{3, StaticArraysCore.SVector{3, Float32}, StaticArraysCore.SVector{3, Float32}}}, ClimaAtmos.Explicit, Nothing}`
│                         `scm_setup`::`ClimaAtmos.SCMSetup{Nothing, Nothing, Nothing, Bool, Nothing}`
│                         `radiation`::`ClimaAtmos.AtmosRadiation{ClimaAtmos.RRTMGPInterface.AllSkyRadiationWithClearSkyDiagnostics{ClimaAtmos.InteractiveCloudInRadiation}, ClimaAtmos.IdealizedOzone, ClimaAtmos.FixedCO2{Float64}, ClimaAtmos.TimeVaryingInsolation}`
│                          `turbconv`::`ClimaAtmos.AtmosTurbconv{ClimaAtmos.EDMFXModel{ClimaAtmos.InvZEntrainment, ClimaAtmos.BuoyancyVelocityDetrainment, Val{true}, Val{true}, Val{true}, Val{true}, Val{true}, ClimaAtmos.SmoothMinimumBlending}, ClimaAtmos.PrognosticEDMFX{1, true, Float32}, ClimaAtmos.Implicit, ClimaAtmos.Implicit, ClimaAtmos.Implicit, ClimaAtmos.Implicit, ClimaAtmos.Implicit, Nothing, Nothing}`
│                      `gravity_wave`::`ClimaAtmos.AtmosGravityWave{Nothing, Nothing}`
│                `vertical_diffusion`::`Nothing`
│                            `sponge`::`ClimaAtmos.AtmosSponge{ClimaAtmos.ViscousSponge{Float32}, ClimaAtmos.RayleighSponge{Float32}}`
│                           `surface`::`ClimaAtmos.AtmosSurface{ClimaAtmos.ZonallySymmetricSST, ClimaAtmos.PrescribedSST, ClimaAtmos.CouplerAlbedo}`
└                          `numerics`::`ClimaAtmos.AtmosNumerics{Val{:vanleer_limiter}, Val{:vanleer_limiter}, Val{:first_order}, Val{:none}, Val{:first_order}, Nothing, Nothing, ClimaAtmos.Implicit, ClimaAtmos.ClimaHyperdiffusion{Float32}}`
┌ Info: Simulation info
│   job_id = ""
└   output_dir = "experiments/ClimaEarth/output/gpu_amip_progedmf_1M_land_he16/output_0005/clima_atmos"
┌ Info: z heights
│   z_mesh.faces =
│    64-element Vector{ClimaCore.Geometry.ZPoint{Float32}}:
│     ZPoint(0.0)
│     ZPoint(30.000004)
│     ZPoint(62.974285)
│     ZPoint(99.21583)
│     ⋮
│     ZPoint(54285.29)
│     ZPoint(57136.2)
└     ZPoint(60000.0)
[ Info: Remapping Earth orography from ETOPO2022 data onto horizontal space
[ Info: SLEVE mesh warp
┌ Info: Resolution stats: 
│   Nq = 4
│   h_elem = 16
│   z_elem = 63
│   ncols = 24576
└   ndofs_total = 1548288
[ Info: Allocating Y: 7.914 s (12183328 allocations: 579.84 MiB)
[ Info: using deep atmosphere
[ Info: Allocating cache (p): 177.716 s (412200567 allocations: 22.72 GiB)
[ Info: Using ODE config: `ClimaTimeSteppers.ARS343`
[ Info: ode_configuration: 577.703 ms (748517 allocations: 36.79 MiB)
[ Info: Progress logging enabled
[ Info: Checking NaNs in the state every 1024 steps
[ Info: get_callbacks: 612.99 ms (746635 allocations: 37.92 MiB)
[ Info: Saving accumulated diagnostics to disk with frequency: 1 hour
[ Info: DictWriter: String[]
[ Info: HDF5Writer: String[]
[ Info: NetCDFWriter: ["orog_inst", "ts_1h_min", "ts_1h_max", "toa_fluxes_net_1h_average"]
[ Info: initializing diagnostics: 7.4 s (14042216 allocations: 723.56 MiB)
[ Info: Prepared SciMLBase.CallbackSet callbacks: 17.501 ms (561 allocations: 27.51 KiB)
[ Info: n_steps_per_cycle_per_cb (non diagnostics): Real[1024, 1, 120//1, 20//1]
[ Info: n_steps_per_cycle (non diagnostics): 15360//1
┌ Info: Jacobian algorithm: ManualSparseJacobian(
│   topography_flag = ClimaAtmos.UseDerivative(),
│   diffusion_flag = ClimaAtmos.UseDerivative(),
│   sgs_advection_flag = ClimaAtmos.UseDerivative(),
│   sgs_entr_detr_flag = ClimaAtmos.UseDerivative(),
│   sgs_mass_flux_flag = ClimaAtmos.UseDerivative(),
│   sgs_nh_pressure_flag = ClimaAtmos.UseDerivative(),
│   sgs_vertdiff_flag = ClimaAtmos.UseDerivative(),
│   approximate_solve_iters = 2,
└ )
[ Info: Define ode function: 5.151 s (4433336 allocations: 167.54 MiB)
┌ Warning: Setting surface albedo to 0.38 at the beginning of the simulation
└ @ Main ~/calkit/clima-perf/runs/amip/2025-11-03/ClimaCoupler.jl/experiments/ClimaEarth/components/atmosphere/climaatmos.jl:111
[ Info: init integrator: 103.458 s (84947152 allocations: 5.21 GiB)
[ Info: Added diagnostics: 13.535 s (14546432 allocations: 706.23 MiB)
[ Info: AMIPMode
[ Info: AMIP/CMIP boundary conditions - do not expect energy conservation
┌ Info: ClimaLand: using land IC file
└   ic_path = "/net/sampo/data1/ClimaArtifacts/artifacts/soil_ic_2008_50m/soil_ic_2008_50m.nc"
┌ Info: PrescribedIce: using SIC file
└   sic_data = "/net/sampo/data1/ClimaArtifacts/artifacts/historical_sst_sic/MODEL.ICE.HAD187001-198110.OI198111-202206.nc"
┌ Info: PrescribedOcean: using SST file
└   sst_data = "/net/sampo/data1/ClimaArtifacts/artifacts/historical_sst_sic/MODEL.SST.HAD187001-198110.OI198111-202206.nc"
[ Info: Component models initialized: (:atmos_sim, :ice_sim, :land_sim, :ocean_sim)
[ Info: Using default coupler diagnostics
┌ Warning: `update_field!` is not extended for the `liquid_precipitation` field of PrescribedIceSimulation: skipping update.
└ @ ClimaCoupler.Interfacer ~/calkit/clima-perf/runs/amip/2025-11-03/ClimaCoupler.jl/src/Interfacer.jl:309
┌ Warning: Setting surface albedo to 0.38 at the beginning of the simulation
└ @ Main ~/calkit/clima-perf/runs/amip/2025-11-03/ClimaCoupler.jl/experiments/ClimaEarth/components/atmosphere/climaatmos.jl:111
[ Info: Memory in use: 11.934 GiB
┌ Info: Progress
│   simulation_time = "30 seconds"
│   n_steps_completed = 1
│   wall_time_per_step = "0 seconds"
│   wall_time_total = "0 seconds"
│   wall_time_remaining = "0 seconds"
│   wall_time_spent = "0 seconds"
│   percent_complete = "2.5%"
│   estimated_sypd = "Inf"
│   date_now = 2026-01-14T19:40:23.917
└   estimated_finish_date = 2026-01-14T19:40:23.917
┌ Info: Progress
│   simulation_time = "1 minute"
│   n_steps_completed = 2
│   wall_time_per_step = "0 seconds"
│   wall_time_total = "0 seconds"
│   wall_time_remaining = "0 seconds"
│   wall_time_spent = "0 seconds"
│   percent_complete = "5.0%"
│   estimated_sypd = "Inf"
│   date_now = 2026-01-14T19:40:56.139
└   estimated_finish_date = 2026-01-14T19:40:56.139
[ Info: Starting coupling loop
┌ Info: Progress
│   simulation_time = "2 minutes"
│   n_steps_completed = 4
│   wall_time_per_step = "3 seconds, 236 milliseconds"
│   wall_time_total = "2 minutes, 9 seconds"
│   wall_time_remaining = "1 minute, 56 seconds"
│   wall_time_spent = "12 seconds, 944 milliseconds"
│   percent_complete = "10.0%"
│   estimated_sypd = "0.025"
│   date_now = 2026-01-14T19:41:02.743
└   estimated_finish_date = 2026-01-14T19:42:59.743
┌ Info: Progress
│   simulation_time = "3 minutes, 30 seconds"
│   n_steps_completed = 7
│   wall_time_per_step = "2 seconds, 536 milliseconds"
│   wall_time_total = "1 minute, 41 seconds"
│   wall_time_remaining = "1 minute, 23 seconds"
│   wall_time_spent = "17 seconds, 756 milliseconds"
│   percent_complete = "17.5%"
│   estimated_sypd = "0.032"
│   date_now = 2026-01-14T19:41:07.377
└   estimated_finish_date = 2026-01-14T19:42:31.377
┌ Info: Progress
│   simulation_time = "4 minutes"
│   n_steps_completed = 8
│   wall_time_per_step = "2 seconds, 419 milliseconds"
│   wall_time_total = "1 minute, 36 seconds"
│   wall_time_remaining = "1 minute, 17 seconds"
│   wall_time_spent = "19 seconds, 354 milliseconds"
│   percent_complete = "20.0%"
│   estimated_sypd = "0.034"
│   date_now = 2026-01-14T19:41:08.976
└   estimated_finish_date = 2026-01-14T19:42:26.976
┌ Info: Progress
│   simulation_time = "5 minutes, 30 seconds"
│   n_steps_completed = 11
│   wall_time_per_step = "2 seconds, 179 milliseconds"
│   wall_time_total = "1 minute, 27 seconds"
│   wall_time_remaining = "1 minute, 3 seconds"
│   wall_time_spent = "23 seconds, 970 milliseconds"
│   percent_complete = "27.5%"
│   estimated_sypd = "0.038"
│   date_now = 2026-01-14T19:41:13.592
└   estimated_finish_date = 2026-01-14T19:42:17.592
┌ Info: Progress
│   simulation_time = "7 minutes"
│   n_steps_completed = 14
│   wall_time_per_step = "2 seconds, 33 milliseconds"
│   wall_time_total = "1 minute, 21 seconds"
│   wall_time_remaining = "52 seconds, 866 milliseconds"
│   wall_time_spent = "28 seconds, 466 milliseconds"
│   percent_complete = "35.0%"
│   estimated_sypd = "0.04"
│   date_now = 2026-01-14T19:41:18.088
└   estimated_finish_date = 2026-01-14T19:42:11.088
┌ Info: Progress
│   simulation_time = "8 minutes"
│   n_steps_completed = 16
│   wall_time_per_step = "1 second, 967 milliseconds"
│   wall_time_total = "1 minute, 18 seconds"
│   wall_time_remaining = "47 seconds, 227 milliseconds"
│   wall_time_spent = "31 seconds, 484 milliseconds"
│   percent_complete = "40.0%"
│   estimated_sypd = "0.042"
│   date_now = 2026-01-14T19:41:21.106
└   estimated_finish_date = 2026-01-14T19:42:09.106
┌ Info: Progress
│   simulation_time = "9 minutes, 30 seconds"
│   n_steps_completed = 19
│   wall_time_per_step = "1 second, 894 milliseconds"
│   wall_time_total = "1 minute, 15 seconds"
│   wall_time_remaining = "39 seconds, 792 milliseconds"
│   wall_time_spent = "36 seconds, 2 milliseconds"
│   percent_complete = "47.5%"
│   estimated_sypd = "0.043"
│   date_now = 2026-01-14T19:41:25.624
└   estimated_finish_date = 2026-01-14T19:42:05.624
┌ Info: Progress
│   simulation_time = "11 minutes"
│   n_steps_completed = 22
│   wall_time_per_step = "1 second, 875 milliseconds"
│   wall_time_total = "1 minute, 15 seconds"
│   wall_time_remaining = "33 seconds, 763 milliseconds"
│   wall_time_spent = "41 seconds, 267 milliseconds"
│   percent_complete = "55.0%"
│   estimated_sypd = "0.044"
│   date_now = 2026-01-14T19:41:30.888
└   estimated_finish_date = 2026-01-14T19:42:04.888
┌ Info: Progress
│   simulation_time = "12 minutes, 30 seconds"
│   n_steps_completed = 25
│   wall_time_per_step = "1 second, 830 milliseconds"
│   wall_time_total = "1 minute, 13 seconds"
│   wall_time_remaining = "27 seconds, 455 milliseconds"
│   wall_time_spent = "45 seconds, 758 milliseconds"
│   percent_complete = "62.5%"
│   estimated_sypd = "0.045"
│   date_now = 2026-01-14T19:41:35.380
└   estimated_finish_date = 2026-01-14T19:42:03.380
┌ Info: Progress
│   simulation_time = "14 minutes"
│   n_steps_completed = 28
│   wall_time_per_step = "1 second, 794 milliseconds"
│   wall_time_total = "1 minute, 11 seconds"
│   wall_time_remaining = "21 seconds, 529 milliseconds"
│   wall_time_spent = "50 seconds, 236 milliseconds"
│   percent_complete = "70.0%"
│   estimated_sypd = "0.046"
│   date_now = 2026-01-14T19:41:39.857
└   estimated_finish_date = 2026-01-14T19:42:01.857
┌ Info: Progress
│   simulation_time = "15 minutes, 30 seconds"
│   n_steps_completed = 31
│   wall_time_per_step = "1 second, 765 milliseconds"
│   wall_time_total = "1 minute, 10 seconds"
│   wall_time_remaining = "15 seconds, 887 milliseconds"
│   wall_time_spent = "54 seconds, 722 milliseconds"
│   percent_complete = "77.5%"
│   estimated_sypd = "0.047"
│   date_now = 2026-01-14T19:41:44.343
└   estimated_finish_date = 2026-01-14T19:42:00.343
┌ Info: Progress
│   simulation_time = "16 minutes"
│   n_steps_completed = 32
│   wall_time_per_step = "1 second, 756 milliseconds"
│   wall_time_total = "1 minute, 10 seconds"
│   wall_time_remaining = "14 seconds, 52 milliseconds"
│   wall_time_spent = "56 seconds, 209 milliseconds"
│   percent_complete = "80.0%"
│   estimated_sypd = "0.047"
│   date_now = 2026-01-14T19:41:45.831
└   estimated_finish_date = 2026-01-14T19:42:00.831
┌ Info: Progress
│   simulation_time = "17 minutes, 30 seconds"
│   n_steps_completed = 35
│   wall_time_per_step = "1 second, 734 milliseconds"
│   wall_time_total = "1 minute, 9 seconds"
│   wall_time_remaining = "8 seconds, 671 milliseconds"
│   wall_time_spent = "1 minute, 701 milliseconds"
│   percent_complete = "87.5%"
│   estimated_sypd = "0.047"
│   date_now = 2026-01-14T19:41:50.323
└   estimated_finish_date = 2026-01-14T19:41:59.323
┌ Info: Progress
│   simulation_time = "19 minutes"
│   n_steps_completed = 38
│   wall_time_per_step = "1 second, 719 milliseconds"
│   wall_time_total = "1 minute, 8 seconds"
│   wall_time_remaining = "3 seconds, 439 milliseconds"
│   wall_time_spent = "1 minute, 5 seconds"
│   percent_complete = "95.0%"
│   estimated_sypd = "0.048"
│   date_now = 2026-01-14T19:41:54.977
└   estimated_finish_date = 2026-01-14T19:41:58.976
┌ Info: Progress
│   simulation_time = "20 minutes, 30 seconds"
│   n_steps_completed = 41
│   wall_time_per_step = "1 second, 722 milliseconds"
│   wall_time_total = "1 minute, 8 seconds"
│   wall_time_remaining = "-1 second, -722 milliseconds"
│   wall_time_spent = "1 minute, 10 seconds"
│   percent_complete = "102.5%"
│   estimated_sypd = "0.048"
│   date_now = 2026-01-14T19:42:00.237
└   estimated_finish_date = 2026-01-14T19:41:59.237
[ Info: Simulation took 60.586617 seconds
[ Info: SYPD: 0.05422684304684268
[ Info: Walltime per coupling step: 1.5146654
[ Info: Memory in use: 20.665 GiB
[ Info: Using Atmos configuration from ClimaCoupler in config/atmos_configs/climaatmos_progedmf_1m.yml
[ Info: Using default AMIP diagnostics
[ Info: Using Atmos configuration from ClimaCoupler in config/atmos_configs/climaatmos_progedmf_1m.yml
[ Info: Using default AMIP diagnostics
[ Info: Plotting diagnostics for coupler, atmos, land, and ocean
[ Info: plotting debug in experiments/ClimaEarth/output/gpu_amip_progedmf_1M_land_he16/artifacts
┌ Warning: `shading = false` is not valid. Use `Makie.automatic`, `NoShading`, `FastShading` or `MultiLightShading`. Defaulting to `NoShading`.
└ @ Makie ~/.julia/packages/Makie/Y3ABD/src/lighting.jl:243
┌ Warning: `shading = false` is not valid. Use `Makie.automatic`, `NoShading`, `FastShading` or `MultiLightShading`. Defaulting to `NoShading`.
└ @ Makie ~/.julia/packages/Makie/Y3ABD/src/lighting.jl:243
┌ Warning: `shading = false` is not valid. Use `Makie.automatic`, `NoShading`, `FastShading` or `MultiLightShading`. Defaulting to `NoShading`.
└ @ Makie ~/.julia/packages/Makie/Y3ABD/src/lighting.jl:243
┌ Warning: `shading = false` is not valid. Use `Makie.automatic`, `NoShading`, `FastShading` or `MultiLightShading`. Defaulting to `NoShading`.
└ @ Makie ~/.julia/packages/Makie/Y3ABD/src/lighting.jl:243
┌ Warning: `shading = false` is not valid. Use `Makie.automatic`, `NoShading`, `FastShading` or `MultiLightShading`. Defaulting to `NoShading`.
└ @ Makie ~/.julia/packages/Makie/Y3ABD/src/lighting.jl:243
┌ Warning: `shading = false` is not valid. Use `Makie.automatic`, `NoShading`, `FastShading` or `MultiLightShading`. Defaulting to `NoShading`.
└ @ Makie ~/.julia/packages/Makie/Y3ABD/src/lighting.jl:243
┌ Warning: `shading = false` is not valid. Use `Makie.automatic`, `NoShading`, `FastShading` or `MultiLightShading`. Defaulting to `NoShading`.
└ @ Makie ~/.julia/packages/Makie/Y3ABD/src/lighting.jl:243
┌ Warning: `shading = false` is not valid. Use `Makie.automatic`, `NoShading`, `FastShading` or `MultiLightShading`. Defaulting to `NoShading`.
└ @ Makie ~/.julia/packages/Makie/Y3ABD/src/lighting.jl:243
┌ Warning: `shading = false` is not valid. Use `Makie.automatic`, `NoShading`, `FastShading` or `MultiLightShading`. Defaulting to `NoShading`.
└ @ Makie ~/.julia/packages/Makie/Y3ABD/src/lighting.jl:243
┌ Warning: `shading = false` is not valid. Use `Makie.automatic`, `NoShading`, `FastShading` or `MultiLightShading`. Defaulting to `NoShading`.
└ @ Makie ~/.julia/packages/Makie/Y3ABD/src/lighting.jl:243
┌ Warning: `shading = false` is not valid. Use `Makie.automatic`, `NoShading`, `FastShading` or `MultiLightShading`. Defaulting to `NoShading`.
└ @ Makie ~/.julia/packages/Makie/Y3ABD/src/lighting.jl:243
2026-01-14 19:43:02 - Benchmark complete
