Loading climacommon/2025_05_15
  Loading requirement: climaauth/2025_05_15 openmpi/4.1.5-mpitrampoline
    julia/1.11.5 cuda/julia-pref
Using Python 3.14.2 environment at: .calkit/venvs/main/.venv
2026-01-14 13:38:38 - Running benchmark for date: 2025-12-20
2026-01-14 13:38:38 - Git repo commits:
2026-01-14 13:38:38 -   ClimaCoupler.jl: 85214b9e15ee48f265b281562877975206cef286
2026-01-14 13:38:38 -   ClimaAtmos.jl: d4cb7519de4742c724e0e6d93e94f24ad2236cc4
2026-01-14 13:38:38 -   ClimaCore.jl: a72cc4d629e0ec4c1ca7c59cac9fb3673138eed0
2026-01-14 13:38:38 -   ClimaTimesteppers.jl: 47a52f332cb8cc2898d90a1c5b2b760ae0b6fbab
2026-01-14 13:38:38 -   Thermodynamics.jl: 609ecb405b823f2241f697ca10777ce16584623e
2026-01-14 13:38:38 -   RRTMGP.jl: 90eadd1744d321a9e3fc600ef613ac2e4c42209a
2026-01-14 13:38:38 - Copying ClimaCoupler at rev: 85214b9e15ee48f265b281562877975206cef286
2026-01-14 13:38:38 - Instantiating ClimaEarth environment at: runs/amip/2025-12-20/ClimaCoupler.jl/experiments/ClimaEarth
┌ Warning: The project dependencies or compat requirements have changed since the manifest was last resolved.
│ It is recommended to `Pkg.resolve()` or consider `Pkg.update()` if necessary.
└ @ Pkg.API /clima/software/julia/julia-1.11.5/share/julia/stdlib/v1.11/Pkg/src/API.jl:1206
Precompiling project...
    ClimaLand Being precompiled by another process (pid: 938496, pidfile: /home/pbachant/.julia/compiled/v1.11/ClimaLand/kHEOl_Z3CeL.ji.pidfile)
    ClimaAtmos Being precompiled by another process (pid: 938496, pidfile: /home/pbachant/.julia/compiled/v1.11/ClimaAtmos/4EXdy_Z3CeL.ji.pidfile)
  11697.7 ms  ✓ ClimaLand
    LandSimulationVisualizationExt Being precompiled by another process (pid: 938496, pidfile: /home/pbachant/.julia/compiled/v1.11/LandSimulationVisualizationExt/WIZwC_Z3CeL.ji.pidfile)
    FluxnetSimulationsExt Being precompiled by another process (pid: 938496, pidfile: /home/pbachant/.julia/compiled/v1.11/FluxnetSimulationsExt/ewKCW_Z3CeL.ji.pidfile)
  30069.6 ms  ✓ ClimaAtmos
   6362.4 ms  ✓ ClimaCoupler
  29877.2 ms  ✓ ClimaLand → FluxnetSimulationsExt
  41950.3 ms  ✓ ClimaLand → LandSimulationVisualizationExt
  5 dependencies successfully precompiled in 68 seconds. 643 already precompiled.
2026-01-14 13:39:59 - Adding package: ClimaAtmos.jl at rev: d4cb7519de4742c724e0e6d93e94f24ad2236cc4
   Resolving package versions...
    Updating `~/calkit/clima-perf/runs/amip/2025-12-20/ClimaCoupler.jl/experiments/ClimaEarth/Project.toml`
  [b2c96348] ~ ClimaAtmos v0.33.0 ⇒ v0.33.0 `https://github.com/CliMA/ClimaAtmos.jl#d4cb751`
    Updating `~/calkit/clima-perf/runs/amip/2025-12-20/ClimaCoupler.jl/experiments/ClimaEarth/Manifest-v1.11.toml`
  [b2c96348] ~ ClimaAtmos v0.33.0 ⇒ v0.33.0 `https://github.com/CliMA/ClimaAtmos.jl#d4cb751`
Precompiling project...
    ClimaAtmos Being precompiled by another process (pid: 949498, pidfile: /home/pbachant/.julia/compiled/v1.11/ClimaAtmos/4EXdy_Z3CeL.ji.pidfile)
  48875.1 ms  ✓ ClimaAtmos
   6113.9 ms  ✓ ClimaCoupler
  2 dependencies successfully precompiled in 66 seconds. 646 already precompiled.
2026-01-14 13:41:30 - Adding package: ClimaCore.jl at rev: a72cc4d629e0ec4c1ca7c59cac9fb3673138eed0
   Resolving package versions...
    Updating `~/calkit/clima-perf/runs/amip/2025-12-20/ClimaCoupler.jl/experiments/ClimaEarth/Project.toml`
  [d414da3d] ~ ClimaCore v0.14.44 ⇒ v0.14.44 `https://github.com/CliMA/ClimaCore.jl#a72cc4d`
    Updating `~/calkit/clima-perf/runs/amip/2025-12-20/ClimaCoupler.jl/experiments/ClimaEarth/Manifest-v1.11.toml`
  [d414da3d] ~ ClimaCore v0.14.44 ⇒ v0.14.44 `https://github.com/CliMA/ClimaCore.jl#a72cc4d`
Precompiling project...
  10390.0 ms  ✓ ClimaCore
   7621.1 ms  ✓ ClimaCore → KrylovExt
   7308.6 ms  ✓ ClimaUtilities → ClimaUtilitiesClimaCoreExt
  20462.6 ms  ✓ ClimaCore → ClimaCoreCUDAExt
  14740.0 ms  ✓ ClimaUtilities → ClimaUtilitiesClimaCoreNCDatasetsExt
  15324.9 ms  ✓ ClimaUtilities → ClimaUtilitiesClimaCoreInterpolationsExt
  17515.7 ms  ✓ ClimaDiagnostics
    ClimaAtmos Being precompiled by another process (pid: 958304, pidfile: /home/pbachant/.julia/compiled/v1.11/ClimaAtmos/4EXdy_Z3CeL.ji.pidfile)
  27282.5 ms  ✓ ClimaCoreMakie
   9437.6 ms  ✓ ClimaLand
    LandSimulationVisualizationExt Being precompiled by another process (pid: 958304, pidfile: /home/pbachant/.julia/compiled/v1.11/LandSimulationVisualizationExt/WIZwC_Z3CeL.ji.pidfile)
   5631.3 ms  ✓ ClimaLand → FluxnetSimulationsExt
  31794.3 ms  ✓ ClimaAtmos
   8053.6 ms  ✓ ClimaCoupler
  31548.7 ms  ✓ ClimaLand → LandSimulationVisualizationExt
  13 dependencies successfully precompiled in 85 seconds. 635 already precompiled.
  1 dependency had output during precompilation:
┌ ClimaCore → ClimaCoreCUDAExt
│  ┌ Warning: CUDA runtime library `libcublasLt.so.13` was loaded from a system path, `/usr/local/cuda/lib64/libcublasLt.so.13`.
│  │ This may cause errors.
│  │ 
│  │ If you're running under a profiler, this situation is expected. Otherwise,
│  │ ensure that your library path environment variable (e.g., `PATH` on Windows
│  │ or `LD_LIBRARY_PATH` on Linux) does not include CUDA library paths.
│  │ 
│  │ In any other case, please file an issue.
│  └ @ CUDA ~/.julia/packages/CUDA/TPbi4/src/initialization.jl:218
│  ┌ Warning: CUDA runtime library `libnvJitLink.so.13` was loaded from a system path, `/usr/local/cuda/lib64/libnvJitLink.so.13`.
│  │ This may cause errors.
│  │ 
│  │ If you're running under a profiler, this situation is expected. Otherwise,
│  │ ensure that your library path environment variable (e.g., `PATH` on Windows
│  │ or `LD_LIBRARY_PATH` on Linux) does not include CUDA library paths.
│  │ 
│  │ In any other case, please file an issue.
│  └ @ CUDA ~/.julia/packages/CUDA/TPbi4/src/initialization.jl:218
│  ┌ Warning: CUDA runtime library `libcusparse.so.12` was loaded from a system path, `/usr/local/cuda/lib64/libcusparse.so.12`.
│  │ This may cause errors.
│  │ 
│  │ If you're running under a profiler, this situation is expected. Otherwise,
│  │ ensure that your library path environment variable (e.g., `PATH` on Windows
│  │ or `LD_LIBRARY_PATH` on Linux) does not include CUDA library paths.
│  │ 
│  │ In any other case, please file an issue.
│  └ @ CUDA ~/.julia/packages/CUDA/TPbi4/src/initialization.jl:218
└  
2026-01-14 13:43:20 - Adding package: ClimaTimesteppers.jl at rev: 47a52f332cb8cc2898d90a1c5b2b760ae0b6fbab
   Resolving package versions...
    Updating `~/calkit/clima-perf/runs/amip/2025-12-20/ClimaCoupler.jl/experiments/ClimaEarth/Project.toml`
  [595c0a79] ~ ClimaTimeSteppers v0.8.5 ⇒ v0.8.5 `https://github.com/CliMA/ClimaTimesteppers.jl#47a52f3`
    Updating `~/calkit/clima-perf/runs/amip/2025-12-20/ClimaCoupler.jl/experiments/ClimaEarth/Manifest-v1.11.toml`
  [595c0a79] ~ ClimaTimeSteppers v0.8.5 ⇒ v0.8.5 `https://github.com/CliMA/ClimaTimesteppers.jl#47a52f3`
Precompiling project...
    ClimaAtmos Being precompiled by another process (pid: 968056, pidfile: /home/pbachant/.julia/compiled/v1.11/ClimaAtmos/4EXdy_Z3CeL.ji.pidfile)
  10263.3 ms  ✓ ClimaTimeSteppers → ClimaTimeSteppersBenchmarkToolsExt
  13032.8 ms  ✓ ClimaLand
    LandSimulationVisualizationExt Being precompiled by another process (pid: 968056, pidfile: /home/pbachant/.julia/compiled/v1.11/LandSimulationVisualizationExt/WIZwC_Z3CeL.ji.pidfile)
   5296.4 ms  ✓ ClimaLand → FluxnetSimulationsExt
  23923.5 ms  ✓ ClimaLand → LandSimulationVisualizationExt
  59891.9 ms  ✓ ClimaAtmos
    ClimaCoupler Being precompiled by another process (pid: 976284, pidfile: /home/pbachant/.julia/compiled/v1.11/ClimaCoupler/AAzYP_Z3CeL.ji.pidfile)
  19990.3 ms  ✓ ClimaCoupler
  6 dependencies successfully precompiled in 91 seconds. 642 already precompiled.
  1 dependency had output during precompilation:
┌ ClimaTimeSteppers → ClimaTimeSteppersBenchmarkToolsExt
│  ┌ Warning: CUDA runtime library `libcublasLt.so.13` was loaded from a system path, `/usr/local/cuda/lib64/libcublasLt.so.13`.
│  │ This may cause errors.
│  │ 
│  │ If you're running under a profiler, this situation is expected. Otherwise,
│  │ ensure that your library path environment variable (e.g., `PATH` on Windows
│  │ or `LD_LIBRARY_PATH` on Linux) does not include CUDA library paths.
│  │ 
│  │ In any other case, please file an issue.
│  └ @ CUDA ~/.julia/packages/CUDA/TPbi4/src/initialization.jl:218
│  ┌ Warning: CUDA runtime library `libnvJitLink.so.13` was loaded from a system path, `/usr/local/cuda/lib64/libnvJitLink.so.13`.
│  │ This may cause errors.
│  │ 
│  │ If you're running under a profiler, this situation is expected. Otherwise,
│  │ ensure that your library path environment variable (e.g., `PATH` on Windows
│  │ or `LD_LIBRARY_PATH` on Linux) does not include CUDA library paths.
│  │ 
│  │ In any other case, please file an issue.
│  └ @ CUDA ~/.julia/packages/CUDA/TPbi4/src/initialization.jl:218
│  ┌ Warning: CUDA runtime library `libcusparse.so.12` was loaded from a system path, `/usr/local/cuda/lib64/libcusparse.so.12`.
│  │ This may cause errors.
│  │ 
│  │ If you're running under a profiler, this situation is expected. Otherwise,
│  │ ensure that your library path environment variable (e.g., `PATH` on Windows
│  │ or `LD_LIBRARY_PATH` on Linux) does not include CUDA library paths.
│  │ 
│  │ In any other case, please file an issue.
│  └ @ CUDA ~/.julia/packages/CUDA/TPbi4/src/initialization.jl:218
└  
2026-01-14 13:45:15 - Adding package: Thermodynamics.jl at rev: 609ecb405b823f2241f697ca10777ce16584623e
   Resolving package versions...
    Updating `~/calkit/clima-perf/runs/amip/2025-12-20/ClimaCoupler.jl/experiments/ClimaEarth/Project.toml`
  [b60c26fb] ~ Thermodynamics v0.15.2 ⇒ v0.15.2 `https://github.com/CliMA/Thermodynamics.jl#609ecb4`
    Updating `~/calkit/clima-perf/runs/amip/2025-12-20/ClimaCoupler.jl/experiments/ClimaEarth/Manifest-v1.11.toml`
  [b60c26fb] ~ Thermodynamics v0.15.2 ⇒ v0.15.2 `https://github.com/CliMA/Thermodynamics.jl#609ecb4`
2026-01-14 13:45:51 - Adding package: RRTMGP.jl at rev: 90eadd1744d321a9e3fc600ef613ac2e4c42209a
   Resolving package versions...
    Updating `~/calkit/clima-perf/runs/amip/2025-12-20/ClimaCoupler.jl/experiments/ClimaEarth/Project.toml`
  [a01a1ee8] + RRTMGP v0.21.6 `https://github.com/CliMA/RRTMGP.jl#90eadd1`
    Updating `~/calkit/clima-perf/runs/amip/2025-12-20/ClimaCoupler.jl/experiments/ClimaEarth/Manifest-v1.11.toml`
  [a01a1ee8] ~ RRTMGP v0.21.6 ⇒ v0.21.6 `https://github.com/CliMA/RRTMGP.jl#90eadd1`
Precompiling project...
  16747.7 ms  ✓ ClimaAtmos
   5864.4 ms  ✓ ClimaCoupler
  2 dependencies successfully precompiled in 32 seconds. 646 already precompiled.
2026-01-14 13:46:48 - Resolving environment
  No Changes to `~/calkit/clima-perf/runs/amip/2025-12-20/ClimaCoupler.jl/experiments/ClimaEarth/Project.toml`
  No Changes to `~/calkit/clima-perf/runs/amip/2025-12-20/ClimaCoupler.jl/experiments/ClimaEarth/Manifest-v1.11.toml`
2026-01-14 13:47:12 - Adding MPI package
   Resolving package versions...
    Updating `~/calkit/clima-perf/runs/amip/2025-12-20/ClimaCoupler.jl/experiments/ClimaEarth/Project.toml`
  [da04e1cc] + MPI v0.20.23
  No Changes to `~/calkit/clima-perf/runs/amip/2025-12-20/ClimaCoupler.jl/experiments/ClimaEarth/Manifest-v1.11.toml`
2026-01-14 13:47:47 - Precompiling packages
Status `~/calkit/clima-perf/runs/amip/2025-12-20/ClimaCoupler.jl/experiments/ClimaEarth/Project.toml`
  [c7e460c6] ArgParse v1.2.0
⌃ [052768ef] CUDA v5.8.5
⌃ [13f3f980] CairoMakie v0.12.18
  [29b5916a] ClimaAnalysis v0.5.20
  [b2c96348] ClimaAtmos v0.33.0 `https://github.com/CliMA/ClimaAtmos.jl#d4cb751`
⌅ [4347a170] ClimaCalibrate v0.1.4
  [3a4d1b5c] ClimaComms v0.6.10
  [d414da3d] ClimaCore v0.14.44 `https://github.com/CliMA/ClimaCore.jl#a72cc4d`
  [908f55d8] ClimaCoreMakie v0.4.6
  [4ade58fe] ClimaCoupler v0.1.2 `../..`
⌅ [1ecacbb8] ClimaDiagnostics v0.2.15
⌃ [08f4d4ce] ClimaLand v1.2.1
⌃ [0376089a] ClimaOcean v0.8.7
⌃ [5c42b081] ClimaParams v1.0.7
⌃ [6ba0ff68] ClimaSeaIce v0.3.10
  [595c0a79] ClimaTimeSteppers v0.8.5 `https://github.com/CliMA/ClimaTimesteppers.jl#47a52f3`
  [b3f4f4ca] ClimaUtilities v0.1.27
  [aa8a2aa5] EnsembleKalmanProcesses v2.6.0
⌃ [db073c08] GeoMakie v0.7.12
⌅ [e98cc03f] Insolation v0.10.2
⌅ [a98d9a8b] Interpolations v0.15.1
  [033835bb] JLD2 v0.6.3
  [63c18a36] KernelAbstractions v0.9.39
  [da04e1cc] MPI v0.20.23
⌅ [ee78f7c6] Makie v0.21.18
  [85f8d34a] NCDatasets v0.14.10
⌅ [9e8cae18] Oceananigans v0.100.7
⌅ [08abe8d2] PrettyTables v2.4.0
  [a01a1ee8] RRTMGP v0.21.6 `https://github.com/CliMA/RRTMGP.jl#90eadd1`
  [1bc83da4] SafeTestsets v0.1.0
⌅ [0bca4576] SciMLBase v2.112.0
⌃ [90137ffa] StaticArrays v1.9.15
⌅ [49b00bb7] SurfaceFluxes v0.14.1
  [b60c26fb] Thermodynamics v0.15.2 `https://github.com/CliMA/Thermodynamics.jl#609ecb4`
  [ddb6d928] YAML v0.4.16
⌃ [9c32591e] Poppler_jll v24.6.0+0
Info Packages marked with ⌃ and ⌅ have new versions available. Those with ⌃ may be upgradable, but those with ⌅ are restricted by compatibility constraints from upgrading. To see why use `status --outdated`
2026-01-14 13:48:12 - Environment setup complete
2026-01-14 13:48:12 - Copying ClimaCoupler configs
2026-01-14 13:48:12 - Copying ClimaCoupler TOML file
2026-01-14 13:48:12 - Starting benchmark
┌ Warning: CUDA runtime library `libcublasLt.so.13` was loaded from a system path, `/usr/local/cuda/lib64/libcublasLt.so.13`.
│ This may cause errors.
│ 
│ If you're running under a profiler, this situation is expected. Otherwise,
│ ensure that your library path environment variable (e.g., `PATH` on Windows
│ or `LD_LIBRARY_PATH` on Linux) does not include CUDA library paths.
│ 
│ In any other case, please file an issue.
└ @ CUDA ~/.julia/packages/CUDA/TPbi4/src/initialization.jl:218
┌ Warning: CUDA runtime library `libnvJitLink.so.13` was loaded from a system path, `/usr/local/cuda/lib64/libnvJitLink.so.13`.
│ This may cause errors.
│ 
│ If you're running under a profiler, this situation is expected. Otherwise,
│ ensure that your library path environment variable (e.g., `PATH` on Windows
│ or `LD_LIBRARY_PATH` on Linux) does not include CUDA library paths.
│ 
│ In any other case, please file an issue.
└ @ CUDA ~/.julia/packages/CUDA/TPbi4/src/initialization.jl:218
┌ Warning: CUDA runtime library `libcusparse.so.12` was loaded from a system path, `/usr/local/cuda/lib64/libcusparse.so.12`.
│ This may cause errors.
│ 
│ If you're running under a profiler, this situation is expected. Otherwise,
│ ensure that your library path environment variable (e.g., `PATH` on Windows
│ or `LD_LIBRARY_PATH` on Linux) does not include CUDA library paths.
│ 
│ In any other case, please file an issue.
└ @ CUDA ~/.julia/packages/CUDA/TPbi4/src/initialization.jl:218
┌ Warning: You are using Julia v1.11 or later!"
│ Oceananigans is currently tested on Julia v1.10."
│ If you find issues with Julia v1.11 or later,"
│ please report at https://github.com/CliMA/Oceananigans.jl/issues/new
└ @ Oceananigans ~/.julia/packages/Oceananigans/A56vm/src/Oceananigans.jl:125
[ Info: Using Atmos configuration from ClimaCoupler in config/atmos_configs/climaatmos_progedmf_1m.yml
[ Info: Setting up single-process ClimaCoupler run on device: CUDADevice.
[ Info: Dict{Any, Any}("sleve_eta" => 0.7, "surface_thermo_state_type" => "GCMSurfaceThermoState", "use_coupler_diagnostics" => true, "era5_diurnal_warming" => nothing, "dt" => "30secs", "prognostic_tke" => true, "use_newton_rtol" => false, "netcdf_output_at_levels" => true, "output_dir_style" => "ActiveLink", "external_forcing" => nothing, "device" => "auto", "t_end" => "1200secs", "c_amd" => 0.29, "y_elem" => 6, "z_stretch" => true, "extra_atmos_diagnostics" => Dict{Any, Any}[], "forcing" => nothing, "edmfx_nh_pressure" => true, "era5_initial_condition_dir" => nothing, "conservation_softfail" => false, "check_steady_state" => false, "restart_cache" => true, "update_jacobian_every" => "solve", "test_dycore_consistency" => false, "add_isothermal_boundary_layer" => true, "use_itime" => true, "moist" => "nonequil", "rad" => "allskywithclear", "share_surface_space" => true, "cloud_model" => "quadrature", "initial_condition" => "DecayingProfile", "krylov_rtol" => 0.1, "eisenstat_walker_forcing_alpha" => 2.0, "dt_cloud_fraction" => "1hours", "surface_setup" => "PrescribedSurface", "jvp_step_adjustment" => 1.0, "insolation" => "timevarying", "log_progress" => true, "site_latitude" => 17.0, "h_elem" => 16, "implicit_sgs_nh_pressure" => true, "coupler_toml" => ["/home/pbachant/calkit/clima-perf/runs/amip/2025-12-20/ClimaCoupler.jl/toml/amip_progedmf_1m.toml"], "netcdf_interpolation_num_points" => nothing, "coupler_output_dir" => "experiments/ClimaEarth/output", "z_max" => 60000.0, "moisture_fixer" => false, "apply_limiter" => false, "precip_model" => "1M", "atmos_log_progress" => false, "surface_temperature" => "ZonallySymmetric", "debug_jacobian" => false, "edmfx_filter" => true, "job_id" => "gpu_amip_progedmf_1M_land_he16", "log_to_file" => false, "orographic_gravity_wave" => nothing, "dt_rad" => "600secs", "edmfx_upwinding" => "first_order", "tracer_upwinding" => "vanleer_limiter", "nh_poly" => 3, "edmfx_sgs_diffusive_flux" => true, "y_max" => 300000.0, "non_orographic_gravity_wave" => false, "print_config_dict" => true, "save_cache" => true, "topography_damping_factor" => 5, "config" => "sphere", "reproducibility_test" => false, "component_dt_dict" => Dict("dt_atmos" => 30.0, "dt_land" => 30.0, "dt_seaice" => 30.0, "dt_ocean" => 30.0), "check_conservation" => false, "rmse_check" => false, "land_spun_up_ic" => true, "auto_jacobian_padding_bands" => nothing, "implicit_diffusion" => true, "z_elem" => 63, "implicit_sgs_entr_detr" => true, "use_auto_jacobian" => false, "disable_surface_flux_tendency" => false, "cfsite_number" => "site23", "turbconv" => "prognostic_edmfx", "x_elem" => 6, "idealized_clouds" => false, "edmfx_mse_q_tot_upwinding" => "first_order", "check_nan_every" => 1024, "ice_model" => "prescribed", "subsidence" => nothing, "use_dynamic_krylov_rtol" => false, "reproducible_restart" => false, "toml" => ["toml/longrun_aquaplanet_diagedmf.toml"], "mesh_warp_type" => "SLEVE", "edmfx_detr_model" => "Generalized", "external_forcing_file" => nothing, "topo_smoothing" => true, "hyperdiff" => "CAM_SE", "output_dir" => nothing, "constant_horizontal_diffusion" => false, "scm_coriolis" => nothing, "bubble" => false, "ode_algo" => "ARS343", "max_newton_iters_ode" => 3, "start_date" => "20100101", "time_varying_trace_gases" => ["CO2", "O3"], "use_dense_jacobian" => false, "implicit_noneq_cloud_formation" => false, "scalar_hyperdiffusion_coefficient" => 0.929738, "prognostic_surface" => "false", "detect_restart_file" => false, "edmfx_vertical_diffusion" => true, "restart_file" => nothing, "unique_seed" => false, "rayleigh_sponge" => true, "edmfx_tracer_upwinding" => "first_order", "divergence_damping_factor" => 5.0, "edmfx_entr_model" => "Generalized", "energy_check" => false, "land_model" => "integrated", "use_land_diagnostics" => true, "idealized_h2o" => false, "perturb_initstate" => true, "implicit_sgs_advection" => true, "edmfx_scale_blending" => "SmoothMinimum", "discrete_hydrostatic_balance" => false, "t_start" => "0secs", "dz_bottom" => 30.0, "dt_save_state_to_disk" => "30days", "restart_t" => nothing, "advection_test" => false, "dt_cpl" => "30secs", "checkpoint_dt" => "366days", "topography" => "Earth", "aerosol_radiation" => true, "reference_job_id" => nothing, "perf_summary" => false, "vorticity_hyperdiffusion_coefficient" => 0.1857, "implicit_sgs_mass_flux" => true, "call_cloud_diagnostics_per_stage" => false, "viscous_sponge" => true, "strict_params" => true, "config_file" => "runs/amip/2025-12-20/ClimaCoupler.jl/config/benchmark_configs/amip_progedmf_1m_land_he16.yml", "bucket_initial_condition" => "", "approximate_linear_solve_iters" => 2, "smagorinsky_lilly" => nothing, "enable_diagnostics" => true, "site_longitude" => -149.0, "evolving_ocean" => true, "implicit_sgs_vertdiff" => true, "prescribe_clouds_in_radiation" => false, "albedo_model" => "CouplerAlbedo", "FLOAT_TYPE" => "Float32", "deep_atmosphere" => true, "split_ode" => true, "amd_les" => false, "updraft_number" => 1, "restart_dir" => nothing, "detect_restart_files" => false, "ls_adv" => nothing, "energy_q_tot_upwinding" => "vanleer_limiter", "prescribed_aerosols" => ["CB1", "CB2", "DST01", "DST02", "DST03", "DST04", "DST05", "OC1", "OC2", "SO4", "SSLT01", "SSLT02", "SSLT03", "SSLT04", "SSLT05"], "dt_nogw" => "1800secs", "output_default_diagnostics" => true, "edmfx_sgs_mass_flux" => true, "x_max" => 300000.0, "radiation_reset_rng_seed" => true, "newton_rtol" => 1.0e-5, "atmos_config_file" => "config/atmos_configs/climaatmos_progedmf_1m.yml", "edmfx_sgsflux_upwinding" => "none", "mode_name" => "amip", "land_temperature_anomaly" => "aquaplanet", "bucket_albedo_type" => "map_static", "vert_diff" => "false", "use_krylov_method" => false, "sleve_s" => 10.0, "prescribed_flow" => nothing)
[ Info: Output directories experiments/ClimaEarth/output/gpu_amip_progedmf_1M_land_he16/output_0000
[ Info: Coupler artifacts directory experiments/ClimaEarth/output/gpu_amip_progedmf_1M_land_he16/artifacts
[ Info: Coupler checkpoint directory experiments/ClimaEarth/output/gpu_amip_progedmf_1M_land_he16/checkpoints
[ Info: Overwriting Atmos parameters from input TOML file(s): ["/home/pbachant/calkit/clima-perf/runs/amip/2025-12-20/ClimaCoupler.jl/toml/amip_progedmf_1m.toml"]
┌ Warning: The configuration passed to ClimaAtmos contains unused keys: share_surface_space, use_coupler_diagnostics, bucket_initial_condition, energy_check, use_land_diagnostics, land_model, edmfx_upwinding, atmos_config_file, mode_name, land_temperature_anomaly, evolving_ocean, bucket_albedo_type, save_cache, print_config_dict, extra_atmos_diagnostics, ice_model, coupler_toml, restart_t, coupler_output_dir, dt_cpl, checkpoint_dt, component_dt_dict, atmos_log_progress, conservation_softfail, restart_dir, restart_cache, detect_restart_files, rmse_check, land_spun_up_ic, config_file, unique_seed
└ @ ClimaAtmos ~/.julia/packages/ClimaAtmos/aWjKP/src/solver/yaml_helper.jl:89
[ Info: Random seed set to 1234
┌ Warning: Removing experiments/ClimaEarth/output/gpu_amip_progedmf_1M_land_he16/output_0000/clima_atmos
└ @ ClimaUtilities.OutputPathGenerator ~/.julia/packages/ClimaUtilities/5ClV5/src/OutputPathGenerator.jl:157
[ Info: Running on CUDADevice
[ Info: Setting up single-process ClimaAtmos run
┌ Info: Time info:
│   dt = "30secs"
│   t_start = "0secs"
│   t_end = "1200secs"
└   floor_n_steps = 40
┌ Info: numerics 
│        `energy_q_tot_upwinding`::`Val{:vanleer_limiter}`
│              `tracer_upwinding`::`Val{:vanleer_limiter}`
│     `edmfx_mse_q_tot_upwinding`::`Val{:first_order}`
│       `edmfx_sgsflux_upwinding`::`Val{:none}`
│        `edmfx_tracer_upwinding`::`Val{:first_order}`
│       `test_dycore_consistency`::`Nothing`
│          `reproducible_restart`::`Nothing`
│                       `limiter`::`Nothing`
│                     `diff_mode`::`ClimaAtmos.Implicit`
└                     `hyperdiff`::`ClimaAtmos.ClimaHyperdiffusion{Float32}`
┌ Info: AtmosModel: 
│ 
│                             `water`::`ClimaAtmos.AtmosWater{ClimaAtmos.NonEquilMoistModel, ClimaAtmos.Microphysics1Moment, ClimaAtmos.QuadratureCloud{ClimaAtmos.SGSQuadrature{3, StaticArraysCore.SVector{3, Float32}, StaticArraysCore.SVector{3, Float32}}}, ClimaAtmos.Explicit, Nothing}`
│                         `scm_setup`::`ClimaAtmos.SCMSetup{Nothing, Nothing, Nothing, Bool, Nothing}`
│                         `radiation`::`ClimaAtmos.AtmosRadiation{ClimaAtmos.RRTMGPInterface.AllSkyRadiationWithClearSkyDiagnostics{ClimaAtmos.InteractiveCloudInRadiation}, ClimaAtmos.TimeVaryingInsolation}`
│                          `turbconv`::`ClimaAtmos.AtmosTurbconv{ClimaAtmos.EDMFXModel{ClimaAtmos.InvZEntrainment, ClimaAtmos.BuoyancyVelocityDetrainment, Val{true}, Val{true}, Val{true}, Val{true}, Val{true}, ClimaAtmos.SmoothMinimumBlending}, ClimaAtmos.PrognosticEDMFX{1, true, Float32}, ClimaAtmos.Implicit, ClimaAtmos.Implicit, ClimaAtmos.Implicit, ClimaAtmos.Implicit, ClimaAtmos.Implicit, Nothing, Nothing, Nothing}`
│                   `prescribed_flow`::`Nothing`
│                      `gravity_wave`::`ClimaAtmos.AtmosGravityWave{Nothing, Nothing}`
│                `vertical_diffusion`::`Nothing`
│                            `sponge`::`ClimaAtmos.AtmosSponge{ClimaAtmos.ViscousSponge{Float32}, ClimaAtmos.RayleighSponge{Float32}}`
│                           `surface`::`ClimaAtmos.AtmosSurface{ClimaAtmos.ZonallySymmetricSST, ClimaAtmos.PrescribedSST, ClimaAtmos.CouplerAlbedo}`
└                          `numerics`::`ClimaAtmos.AtmosNumerics{Val{:vanleer_limiter}, Val{:vanleer_limiter}, Val{:first_order}, Val{:none}, Val{:first_order}, Nothing, Nothing, Nothing, ClimaAtmos.Implicit, ClimaAtmos.ClimaHyperdiffusion{Float32}}`
[ Info: Remapping Earth orography from ETOPO2022 data onto horizontal space
[ Info: SLEVE mesh warp (eta=0.7, s=10.0)
┌ Info: Simulation info
│   job_id = "gpu_amip_progedmf_1M_land_he16"
└   output_dir = "experiments/ClimaEarth/output/gpu_amip_progedmf_1M_land_he16/output_0000/clima_atmos"
┌ Info: Simulation Grid: ExtrudedFiniteDifferenceGrid:
│   horizontal:
│     context: SingletonCommsContext using CUDADevice
│     mesh: 16×16×6-element EquiangularCubedSphere of SphereDomain: radius = 6.371e6
│     quadrature: 4-point Gauss-Legendre-Lobatto quadrature
│   vertical:
└     mesh: 63-element IntervalMesh of IntervalDomain: z ∈ [0.0,60000.0] (:bottom, :top)
[ Info: Allocating Y: 9.441 s (12488445 allocations: 595.54 MiB)
[ Info: using deep atmosphere
[ Info: Allocating cache (p): 176.31 s (407090759 allocations: 22.62 GiB)
[ Info: Using ODE config: `ClimaTimeSteppers.ARS343`
[ Info: ode_configuration: 498.432 ms (748508 allocations: 36.77 MiB)
[ Info: Checking NaNs in the state every 1024 steps
[ Info: get_callbacks: 471.844 ms (724219 allocations: 36.86 MiB)
[ Info: Saving accumulated diagnostics to disk with frequency: 1 hour
[ Info: DictWriter: String[]
[ Info: HDF5Writer: String[]
[ Info: NetCDFWriter: ["orog_inst", "ts_1h_min", "ts_1h_max"]
[ Info: initializing diagnostics: 5.845 s (14521016 allocations: 750.75 MiB)
[ Info: Prepared SciMLBase.CallbackSet callbacks: 11.691 ms (561 allocations: 27.46 KiB)
[ Info: n_steps_per_cycle_per_cb (non diagnostics): Real[1024, 1, 120//1, 20//1]
[ Info: n_steps_per_cycle (non diagnostics): 15360//1
┌ Info: Jacobian algorithm: ManualSparseJacobian(
│   topography_flag = ClimaAtmos.UseDerivative(),
│   diffusion_flag = ClimaAtmos.UseDerivative(),
│   sgs_advection_flag = ClimaAtmos.UseDerivative(),
│   sgs_entr_detr_flag = ClimaAtmos.UseDerivative(),
│   sgs_mass_flux_flag = ClimaAtmos.UseDerivative(),
│   sgs_nh_pressure_flag = ClimaAtmos.UseDerivative(),
│   sgs_vertdiff_flag = ClimaAtmos.UseDerivative(),
│   approximate_solve_iters = 2,
└ )
[ Info: Define ode function: 6.056 s (8860812 allocations: 321.09 MiB)
┌ Warning: Setting surface albedo to 0.38 at the beginning of the simulation
└ @ Main ~/calkit/clima-perf/runs/amip/2025-12-20/ClimaCoupler.jl/experiments/ClimaEarth/components/atmosphere/climaatmos.jl:109
[ Info: init integrator: 97.003 s (100934057 allocations: 6.23 GiB)
[ Info: Added diagnostics: 9.513 s (13007034 allocations: 631.0 MiB)
[ Info: AMIPMode
[ Info: AMIP/CMIP boundary conditions - do not expect energy conservation
┌ Info: ClimaLand: using land IC file
└   ic_path = "/net/sampo/data1/ClimaArtifacts/artifacts/soil_ic_2008_50m/soil_ic_2008_50m.nc"
┌ Info: PrescribedOcean: using SST file
└   sst_data = "/net/sampo/data1/ClimaArtifacts/artifacts/historical_sst_sic/MODEL.SST.HAD187001-198110.OI198111-202206.nc"
┌ Info: PrescribedIce: using SIC file
└   sic_data = "/net/sampo/data1/ClimaArtifacts/artifacts/historical_sst_sic/MODEL.ICE.HAD187001-198110.OI198111-202206.nc"
[ Info: Component models initialized: (:atmos_sim, :ice_sim, :land_sim, :ocean_sim)
[ Info: Using default coupler diagnostics
┌ Warning: `update_field!` is not extended for the `liquid_precipitation` field of PrescribedIceSimulation: skipping update.
└ @ ClimaCoupler.Interfacer ~/calkit/clima-perf/runs/amip/2025-12-20/ClimaCoupler.jl/src/Interfacer.jl:326
┌ Warning: Setting surface albedo to 0.38 at the beginning of the simulation
└ @ Main ~/calkit/clima-perf/runs/amip/2025-12-20/ClimaCoupler.jl/experiments/ClimaEarth/components/atmosphere/climaatmos.jl:109
[ Info: Memory in use: 11.784 GiB
[ Info: Starting coupling loop
┌ Info: Progress
│   simulation_time = "2 minutes"
│   n_steps_completed = 4
│   wall_time_per_step = "0 seconds"
│   wall_time_total = "0 seconds"
│   wall_time_remaining = "0 seconds"
│   wall_time_spent = "0 seconds"
│   percent_complete = "10.0%"
│   estimated_sypd = "Inf"
│   date_now = 2026-01-14T14:35:51.205
└   estimated_finish_date = 2026-01-14T14:35:51.205
┌ Info: Progress
│   simulation_time = "3 minutes"
│   n_steps_completed = 6
│   wall_time_per_step = "1 second, 7 milliseconds"
│   wall_time_total = "40 seconds, 292 milliseconds"
│   wall_time_remaining = "34 seconds, 248 milliseconds"
│   wall_time_spent = "6 seconds, 43 milliseconds"
│   percent_complete = "15.0%"
│   estimated_sypd = "0.082"
│   date_now = 2026-01-14T14:35:53.375
└   estimated_finish_date = 2026-01-14T14:36:28.375
┌ Info: Progress
│   simulation_time = "4 minutes"
│   n_steps_completed = 8
│   wall_time_per_step = "1 second, 24 milliseconds"
│   wall_time_total = "40 seconds, 975 milliseconds"
│   wall_time_remaining = "32 seconds, 780 milliseconds"
│   wall_time_spent = "8 seconds, 195 milliseconds"
│   percent_complete = "20.0%"
│   estimated_sypd = "0.08"
│   date_now = 2026-01-14T14:35:55.323
└   estimated_finish_date = 2026-01-14T14:36:28.323
┌ Info: Progress
│   simulation_time = "5 minutes"
│   n_steps_completed = 10
│   wall_time_per_step = "1 second, 19 milliseconds"
│   wall_time_total = "40 seconds, 792 milliseconds"
│   wall_time_remaining = "30 seconds, 594 milliseconds"
│   wall_time_spent = "10 seconds, 198 milliseconds"
│   percent_complete = "25.0%"
│   estimated_sypd = "0.081"
│   date_now = 2026-01-14T14:35:57.326
└   estimated_finish_date = 2026-01-14T14:36:28.326
┌ Info: Progress
│   simulation_time = "6 minutes"
│   n_steps_completed = 12
│   wall_time_per_step = "1 second, 9 milliseconds"
│   wall_time_total = "40 seconds, 393 milliseconds"
│   wall_time_remaining = "28 seconds, 275 milliseconds"
│   wall_time_spent = "12 seconds, 118 milliseconds"
│   percent_complete = "30.0%"
│   estimated_sypd = "0.081"
│   date_now = 2026-01-14T14:35:59.246
└   estimated_finish_date = 2026-01-14T14:36:28.246
┌ Info: Progress
│   simulation_time = "7 minutes"
│   n_steps_completed = 14
│   wall_time_per_step = "1 second, 2 milliseconds"
│   wall_time_total = "40 seconds, 104 milliseconds"
│   wall_time_remaining = "26 seconds, 67 milliseconds"
│   wall_time_spent = "14 seconds, 36 milliseconds"
│   percent_complete = "35.0%"
│   estimated_sypd = "0.082"
│   date_now = 2026-01-14T14:36:01.164
└   estimated_finish_date = 2026-01-14T14:36:28.164
┌ Info: Progress
│   simulation_time = "8 minutes"
│   n_steps_completed = 16
│   wall_time_per_step = "997 milliseconds, 227 microseconds"
│   wall_time_total = "39 seconds, 889 milliseconds"
│   wall_time_remaining = "23 seconds, 933 milliseconds"
│   wall_time_spent = "15 seconds, 955 milliseconds"
│   percent_complete = "40.0%"
│   estimated_sypd = "0.082"
│   date_now = 2026-01-14T14:36:03.083
└   estimated_finish_date = 2026-01-14T14:36:27.083
┌ Info: Progress
│   simulation_time = "9 minutes"
│   n_steps_completed = 18
│   wall_time_per_step = "993 milliseconds, 99 microseconds"
│   wall_time_total = "39 seconds, 723 milliseconds"
│   wall_time_remaining = "21 seconds, 848 milliseconds"
│   wall_time_spent = "17 seconds, 875 milliseconds"
│   percent_complete = "45.0%"
│   estimated_sypd = "0.083"
│   date_now = 2026-01-14T14:36:05.003
└   estimated_finish_date = 2026-01-14T14:36:27.003
┌ Info: Progress
│   simulation_time = "10 minutes"
│   n_steps_completed = 20
│   wall_time_per_step = "1 second, 84 milliseconds"
│   wall_time_total = "43 seconds, 391 milliseconds"
│   wall_time_remaining = "21 seconds, 695 milliseconds"
│   wall_time_spent = "21 seconds, 695 milliseconds"
│   percent_complete = "50.0%"
│   estimated_sypd = "0.076"
│   date_now = 2026-01-14T14:36:08.823
└   estimated_finish_date = 2026-01-14T14:36:30.823
┌ Info: Progress
│   simulation_time = "11 minutes"
│   n_steps_completed = 22
│   wall_time_per_step = "1 second, 77 milliseconds"
│   wall_time_total = "43 seconds, 98 milliseconds"
│   wall_time_remaining = "19 seconds, 394 milliseconds"
│   wall_time_spent = "23 seconds, 704 milliseconds"
│   percent_complete = "55.0%"
│   estimated_sypd = "0.076"
│   date_now = 2026-01-14T14:36:10.832
└   estimated_finish_date = 2026-01-14T14:36:30.832
┌ Info: Progress
│   simulation_time = "12 minutes"
│   n_steps_completed = 24
│   wall_time_per_step = "1 second, 67 milliseconds"
│   wall_time_total = "42 seconds, 717 milliseconds"
│   wall_time_remaining = "17 seconds, 87 milliseconds"
│   wall_time_spent = "25 seconds, 630 milliseconds"
│   percent_complete = "60.0%"
│   estimated_sypd = "0.077"
│   date_now = 2026-01-14T14:36:12.758
└   estimated_finish_date = 2026-01-14T14:36:30.758
┌ Info: Progress
│   simulation_time = "13 minutes"
│   n_steps_completed = 26
│   wall_time_per_step = "1 second, 61 milliseconds"
│   wall_time_total = "42 seconds, 469 milliseconds"
│   wall_time_remaining = "14 seconds, 864 milliseconds"
│   wall_time_spent = "27 seconds, 604 milliseconds"
│   percent_complete = "65.0%"
│   estimated_sypd = "0.077"
│   date_now = 2026-01-14T14:36:14.732
└   estimated_finish_date = 2026-01-14T14:36:29.732
┌ Info: Progress
│   simulation_time = "14 minutes"
│   n_steps_completed = 28
│   wall_time_per_step = "1 second, 58 milliseconds"
│   wall_time_total = "42 seconds, 347 milliseconds"
│   wall_time_remaining = "12 seconds, 704 milliseconds"
│   wall_time_spent = "29 seconds, 642 milliseconds"
│   percent_complete = "70.0%"
│   estimated_sypd = "0.078"
│   date_now = 2026-01-14T14:36:16.770
└   estimated_finish_date = 2026-01-14T14:36:29.770
┌ Info: Progress
│   simulation_time = "15 minutes"
│   n_steps_completed = 30
│   wall_time_per_step = "1 second, 53 milliseconds"
│   wall_time_total = "42 seconds, 120 milliseconds"
│   wall_time_remaining = "10 seconds, 530 milliseconds"
│   wall_time_spent = "31 seconds, 590 milliseconds"
│   percent_complete = "75.0%"
│   estimated_sypd = "0.078"
│   date_now = 2026-01-14T14:36:18.718
└   estimated_finish_date = 2026-01-14T14:36:29.718
┌ Info: Progress
│   simulation_time = "16 minutes"
│   n_steps_completed = 32
│   wall_time_per_step = "1 second, 47 milliseconds"
│   wall_time_total = "41 seconds, 897 milliseconds"
│   wall_time_remaining = "8 seconds, 379 milliseconds"
│   wall_time_spent = "33 seconds, 517 milliseconds"
│   percent_complete = "80.0%"
│   estimated_sypd = "0.078"
│   date_now = 2026-01-14T14:36:20.645
└   estimated_finish_date = 2026-01-14T14:36:29.645
┌ Info: Progress
│   simulation_time = "17 minutes"
│   n_steps_completed = 34
│   wall_time_per_step = "1 second, 45 milliseconds"
│   wall_time_total = "41 seconds, 837 milliseconds"
│   wall_time_remaining = "6 seconds, 275 milliseconds"
│   wall_time_spent = "35 seconds, 562 milliseconds"
│   percent_complete = "85.0%"
│   estimated_sypd = "0.079"
│   date_now = 2026-01-14T14:36:22.690
└   estimated_finish_date = 2026-01-14T14:36:29.690
┌ Info: Progress
│   simulation_time = "18 minutes"
│   n_steps_completed = 36
│   wall_time_per_step = "1 second, 42 milliseconds"
│   wall_time_total = "41 seconds, 692 milliseconds"
│   wall_time_remaining = "4 seconds, 169 milliseconds"
│   wall_time_spent = "37 seconds, 522 milliseconds"
│   percent_complete = "90.0%"
│   estimated_sypd = "0.079"
│   date_now = 2026-01-14T14:36:24.650
└   estimated_finish_date = 2026-01-14T14:36:29.650
┌ Info: Progress
│   simulation_time = "19 minutes"
│   n_steps_completed = 38
│   wall_time_per_step = "1 second, 38 milliseconds"
│   wall_time_total = "41 seconds, 527 milliseconds"
│   wall_time_remaining = "2 seconds, 76 milliseconds"
│   wall_time_spent = "39 seconds, 451 milliseconds"
│   percent_complete = "95.0%"
│   estimated_sypd = "0.079"
│   date_now = 2026-01-14T14:36:26.579
└   estimated_finish_date = 2026-01-14T14:36:29.579
┌ Info: Progress
│   simulation_time = "20 minutes"
│   n_steps_completed = 40
│   wall_time_per_step = "1 second, 82 milliseconds"
│   wall_time_total = "43 seconds, 293 milliseconds"
│   wall_time_remaining = "0 seconds"
│   wall_time_spent = "43 seconds, 293 milliseconds"
│   percent_complete = "100.0%"
│   estimated_sypd = "0.076"
│   date_now = 2026-01-14T14:36:30.421
└   estimated_finish_date = 2026-01-14T14:36:30.421
[ Info: Simulation took 41.199368 seconds
[ Info: SYPD: 0.07974445099694746
[ Info: Walltime per coupling step: 1.0299842
[ Info: Using Atmos configuration from ClimaCoupler in config/atmos_configs/climaatmos_progedmf_1m.yml
[ Info: Using Atmos configuration from ClimaCoupler in config/atmos_configs/climaatmos_progedmf_1m.yml
[ Info: Plotting diagnostics for coupler, atmos, land, and ocean
[ Info: plotting debug in experiments/ClimaEarth/output/gpu_amip_progedmf_1M_land_he16/artifacts
┌ Warning: `shading = false` is not valid. Use `Makie.automatic`, `NoShading`, `FastShading` or `MultiLightShading`. Defaulting to `NoShading`.
└ @ Makie ~/.julia/packages/Makie/Y3ABD/src/lighting.jl:243
┌ Warning: `shading = false` is not valid. Use `Makie.automatic`, `NoShading`, `FastShading` or `MultiLightShading`. Defaulting to `NoShading`.
└ @ Makie ~/.julia/packages/Makie/Y3ABD/src/lighting.jl:243
┌ Warning: `shading = false` is not valid. Use `Makie.automatic`, `NoShading`, `FastShading` or `MultiLightShading`. Defaulting to `NoShading`.
└ @ Makie ~/.julia/packages/Makie/Y3ABD/src/lighting.jl:243
┌ Warning: `shading = false` is not valid. Use `Makie.automatic`, `NoShading`, `FastShading` or `MultiLightShading`. Defaulting to `NoShading`.
└ @ Makie ~/.julia/packages/Makie/Y3ABD/src/lighting.jl:243
┌ Warning: No strict ticks found
└ @ PlotUtils ~/.julia/packages/PlotUtils/HX80C/src/ticks.jl:194
┌ Warning: No strict ticks found
└ @ PlotUtils ~/.julia/packages/PlotUtils/HX80C/src/ticks.jl:194
┌ Warning: No strict ticks found
└ @ PlotUtils ~/.julia/packages/PlotUtils/HX80C/src/ticks.jl:194
┌ Warning: No strict ticks found
└ @ PlotUtils ~/.julia/packages/PlotUtils/HX80C/src/ticks.jl:194
┌ Warning: `shading = false` is not valid. Use `Makie.automatic`, `NoShading`, `FastShading` or `MultiLightShading`. Defaulting to `NoShading`.
└ @ Makie ~/.julia/packages/Makie/Y3ABD/src/lighting.jl:243
┌ Warning: No strict ticks found
└ @ PlotUtils ~/.julia/packages/PlotUtils/HX80C/src/ticks.jl:194
┌ Warning: No strict ticks found
└ @ PlotUtils ~/.julia/packages/PlotUtils/HX80C/src/ticks.jl:194
┌ Warning: No strict ticks found
└ @ PlotUtils ~/.julia/packages/PlotUtils/HX80C/src/ticks.jl:194
┌ Warning: No strict ticks found
└ @ PlotUtils ~/.julia/packages/PlotUtils/HX80C/src/ticks.jl:194
┌ Warning: No strict ticks found
└ @ PlotUtils ~/.julia/packages/PlotUtils/HX80C/src/ticks.jl:194
┌ Warning: No strict ticks found
└ @ PlotUtils ~/.julia/packages/PlotUtils/HX80C/src/ticks.jl:194
┌ Warning: No strict ticks found
└ @ PlotUtils ~/.julia/packages/PlotUtils/HX80C/src/ticks.jl:194
┌ Warning: No strict ticks found
└ @ PlotUtils ~/.julia/packages/PlotUtils/HX80C/src/ticks.jl:194
┌ Warning: No strict ticks found
└ @ PlotUtils ~/.julia/packages/PlotUtils/HX80C/src/ticks.jl:194
┌ Warning: No strict ticks found
└ @ PlotUtils ~/.julia/packages/PlotUtils/HX80C/src/ticks.jl:194
┌ Warning: No strict ticks found
└ @ PlotUtils ~/.julia/packages/PlotUtils/HX80C/src/ticks.jl:194
┌ Warning: `shading = false` is not valid. Use `Makie.automatic`, `NoShading`, `FastShading` or `MultiLightShading`. Defaulting to `NoShading`.
└ @ Makie ~/.julia/packages/Makie/Y3ABD/src/lighting.jl:243
┌ Warning: `shading = false` is not valid. Use `Makie.automatic`, `NoShading`, `FastShading` or `MultiLightShading`. Defaulting to `NoShading`.
└ @ Makie ~/.julia/packages/Makie/Y3ABD/src/lighting.jl:243
┌ Warning: `shading = false` is not valid. Use `Makie.automatic`, `NoShading`, `FastShading` or `MultiLightShading`. Defaulting to `NoShading`.
└ @ Makie ~/.julia/packages/Makie/Y3ABD/src/lighting.jl:243
┌ Warning: `shading = false` is not valid. Use `Makie.automatic`, `NoShading`, `FastShading` or `MultiLightShading`. Defaulting to `NoShading`.
└ @ Makie ~/.julia/packages/Makie/Y3ABD/src/lighting.jl:243
┌ Warning: `shading = false` is not valid. Use `Makie.automatic`, `NoShading`, `FastShading` or `MultiLightShading`. Defaulting to `NoShading`.
└ @ Makie ~/.julia/packages/Makie/Y3ABD/src/lighting.jl:243
┌ Warning: `shading = false` is not valid. Use `Makie.automatic`, `NoShading`, `FastShading` or `MultiLightShading`. Defaulting to `NoShading`.
└ @ Makie ~/.julia/packages/Makie/Y3ABD/src/lighting.jl:243
┌ Warning: `shading = false` is not valid. Use `Makie.automatic`, `NoShading`, `FastShading` or `MultiLightShading`. Defaulting to `NoShading`.
└ @ Makie ~/.julia/packages/Makie/Y3ABD/src/lighting.jl:243
┌ Warning: `shading = false` is not valid. Use `Makie.automatic`, `NoShading`, `FastShading` or `MultiLightShading`. Defaulting to `NoShading`.
└ @ Makie ~/.julia/packages/Makie/Y3ABD/src/lighting.jl:243
┌ Warning: `shading = false` is not valid. Use `Makie.automatic`, `NoShading`, `FastShading` or `MultiLightShading`. Defaulting to `NoShading`.
└ @ Makie ~/.julia/packages/Makie/Y3ABD/src/lighting.jl:243
┌ Warning: `shading = false` is not valid. Use `Makie.automatic`, `NoShading`, `FastShading` or `MultiLightShading`. Defaulting to `NoShading`.
└ @ Makie ~/.julia/packages/Makie/Y3ABD/src/lighting.jl:243
┌ Warning: `shading = false` is not valid. Use `Makie.automatic`, `NoShading`, `FastShading` or `MultiLightShading`. Defaulting to `NoShading`.
└ @ Makie ~/.julia/packages/Makie/Y3ABD/src/lighting.jl:243
┌ Warning: `shading = false` is not valid. Use `Makie.automatic`, `NoShading`, `FastShading` or `MultiLightShading`. Defaulting to `NoShading`.
└ @ Makie ~/.julia/packages/Makie/Y3ABD/src/lighting.jl:243
┌ Warning: `shading = false` is not valid. Use `Makie.automatic`, `NoShading`, `FastShading` or `MultiLightShading`. Defaulting to `NoShading`.
└ @ Makie ~/.julia/packages/Makie/Y3ABD/src/lighting.jl:243
┌ Warning: `shading = false` is not valid. Use `Makie.automatic`, `NoShading`, `FastShading` or `MultiLightShading`. Defaulting to `NoShading`.
└ @ Makie ~/.julia/packages/Makie/Y3ABD/src/lighting.jl:243
┌ Warning: `shading = false` is not valid. Use `Makie.automatic`, `NoShading`, `FastShading` or `MultiLightShading`. Defaulting to `NoShading`.
└ @ Makie ~/.julia/packages/Makie/Y3ABD/src/lighting.jl:243
┌ Warning: `shading = false` is not valid. Use `Makie.automatic`, `NoShading`, `FastShading` or `MultiLightShading`. Defaulting to `NoShading`.
└ @ Makie ~/.julia/packages/Makie/Y3ABD/src/lighting.jl:243
┌ Warning: `shading = false` is not valid. Use `Makie.automatic`, `NoShading`, `FastShading` or `MultiLightShading`. Defaulting to `NoShading`.
└ @ Makie ~/.julia/packages/Makie/Y3ABD/src/lighting.jl:243
┌ Warning: `shading = false` is not valid. Use `Makie.automatic`, `NoShading`, `FastShading` or `MultiLightShading`. Defaulting to `NoShading`.
└ @ Makie ~/.julia/packages/Makie/Y3ABD/src/lighting.jl:243
┌ Warning: `shading = false` is not valid. Use `Makie.automatic`, `NoShading`, `FastShading` or `MultiLightShading`. Defaulting to `NoShading`.
└ @ Makie ~/.julia/packages/Makie/Y3ABD/src/lighting.jl:243
┌ Warning: `shading = false` is not valid. Use `Makie.automatic`, `NoShading`, `FastShading` or `MultiLightShading`. Defaulting to `NoShading`.
└ @ Makie ~/.julia/packages/Makie/Y3ABD/src/lighting.jl:243
┌ Warning: `shading = false` is not valid. Use `Makie.automatic`, `NoShading`, `FastShading` or `MultiLightShading`. Defaulting to `NoShading`.
└ @ Makie ~/.julia/packages/Makie/Y3ABD/src/lighting.jl:243
┌ Warning: `shading = false` is not valid. Use `Makie.automatic`, `NoShading`, `FastShading` or `MultiLightShading`. Defaulting to `NoShading`.
└ @ Makie ~/.julia/packages/Makie/Y3ABD/src/lighting.jl:243
┌ Warning: `shading = false` is not valid. Use `Makie.automatic`, `NoShading`, `FastShading` or `MultiLightShading`. Defaulting to `NoShading`.
└ @ Makie ~/.julia/packages/Makie/Y3ABD/src/lighting.jl:243
┌ Warning: `shading = false` is not valid. Use `Makie.automatic`, `NoShading`, `FastShading` or `MultiLightShading`. Defaulting to `NoShading`.
└ @ Makie ~/.julia/packages/Makie/Y3ABD/src/lighting.jl:243
┌ Warning: `shading = false` is not valid. Use `Makie.automatic`, `NoShading`, `FastShading` or `MultiLightShading`. Defaulting to `NoShading`.
└ @ Makie ~/.julia/packages/Makie/Y3ABD/src/lighting.jl:243
┌ Warning: `shading = false` is not valid. Use `Makie.automatic`, `NoShading`, `FastShading` or `MultiLightShading`. Defaulting to `NoShading`.
└ @ Makie ~/.julia/packages/Makie/Y3ABD/src/lighting.jl:243
┌ Warning: `shading = false` is not valid. Use `Makie.automatic`, `NoShading`, `FastShading` or `MultiLightShading`. Defaulting to `NoShading`.
└ @ Makie ~/.julia/packages/Makie/Y3ABD/src/lighting.jl:243
┌ Warning: `shading = false` is not valid. Use `Makie.automatic`, `NoShading`, `FastShading` or `MultiLightShading`. Defaulting to `NoShading`.
└ @ Makie ~/.julia/packages/Makie/Y3ABD/src/lighting.jl:243
┌ Warning: `shading = false` is not valid. Use `Makie.automatic`, `NoShading`, `FastShading` or `MultiLightShading`. Defaulting to `NoShading`.
└ @ Makie ~/.julia/packages/Makie/Y3ABD/src/lighting.jl:243
┌ Warning: `shading = false` is not valid. Use `Makie.automatic`, `NoShading`, `FastShading` or `MultiLightShading`. Defaulting to `NoShading`.
└ @ Makie ~/.julia/packages/Makie/Y3ABD/src/lighting.jl:243
┌ Warning: `shading = false` is not valid. Use `Makie.automatic`, `NoShading`, `FastShading` or `MultiLightShading`. Defaulting to `NoShading`.
└ @ Makie ~/.julia/packages/Makie/Y3ABD/src/lighting.jl:243
┌ Warning: `shading = false` is not valid. Use `Makie.automatic`, `NoShading`, `FastShading` or `MultiLightShading`. Defaulting to `NoShading`.
└ @ Makie ~/.julia/packages/Makie/Y3ABD/src/lighting.jl:243
┌ Warning: `shading = false` is not valid. Use `Makie.automatic`, `NoShading`, `FastShading` or `MultiLightShading`. Defaulting to `NoShading`.
└ @ Makie ~/.julia/packages/Makie/Y3ABD/src/lighting.jl:243
┌ Warning: No strict ticks found
└ @ PlotUtils ~/.julia/packages/PlotUtils/HX80C/src/ticks.jl:194
┌ Warning: No strict ticks found
└ @ PlotUtils ~/.julia/packages/PlotUtils/HX80C/src/ticks.jl:194
┌ Warning: No strict ticks found
└ @ PlotUtils ~/.julia/packages/PlotUtils/HX80C/src/ticks.jl:194
┌ Warning: No strict ticks found
└ @ PlotUtils ~/.julia/packages/PlotUtils/HX80C/src/ticks.jl:194
┌ Warning: No strict ticks found
└ @ PlotUtils ~/.julia/packages/PlotUtils/HX80C/src/ticks.jl:194
┌ Warning: `shading = false` is not valid. Use `Makie.automatic`, `NoShading`, `FastShading` or `MultiLightShading`. Defaulting to `NoShading`.
└ @ Makie ~/.julia/packages/Makie/Y3ABD/src/lighting.jl:243
┌ Warning: No strict ticks found
└ @ PlotUtils ~/.julia/packages/PlotUtils/HX80C/src/ticks.jl:194
┌ Warning: No strict ticks found
└ @ PlotUtils ~/.julia/packages/PlotUtils/HX80C/src/ticks.jl:194
┌ Warning: No strict ticks found
└ @ PlotUtils ~/.julia/packages/PlotUtils/HX80C/src/ticks.jl:194
┌ Warning: No strict ticks found
└ @ PlotUtils ~/.julia/packages/PlotUtils/HX80C/src/ticks.jl:194
┌ Warning: `shading = false` is not valid. Use `Makie.automatic`, `NoShading`, `FastShading` or `MultiLightShading`. Defaulting to `NoShading`.
└ @ Makie ~/.julia/packages/Makie/Y3ABD/src/lighting.jl:243
┌ Warning: `shading = false` is not valid. Use `Makie.automatic`, `NoShading`, `FastShading` or `MultiLightShading`. Defaulting to `NoShading`.
└ @ Makie ~/.julia/packages/Makie/Y3ABD/src/lighting.jl:243
┌ Warning: No strict ticks found
└ @ PlotUtils ~/.julia/packages/PlotUtils/HX80C/src/ticks.jl:194
┌ Warning: No strict ticks found
└ @ PlotUtils ~/.julia/packages/PlotUtils/HX80C/src/ticks.jl:194
┌ Warning: `shading = false` is not valid. Use `Makie.automatic`, `NoShading`, `FastShading` or `MultiLightShading`. Defaulting to `NoShading`.
└ @ Makie ~/.julia/packages/Makie/Y3ABD/src/lighting.jl:243
┌ Warning: `shading = false` is not valid. Use `Makie.automatic`, `NoShading`, `FastShading` or `MultiLightShading`. Defaulting to `NoShading`.
└ @ Makie ~/.julia/packages/Makie/Y3ABD/src/lighting.jl:243
┌ Warning: `shading = false` is not valid. Use `Makie.automatic`, `NoShading`, `FastShading` or `MultiLightShading`. Defaulting to `NoShading`.
└ @ Makie ~/.julia/packages/Makie/Y3ABD/src/lighting.jl:243
┌ Warning: No strict ticks found
└ @ PlotUtils ~/.julia/packages/PlotUtils/HX80C/src/ticks.jl:194
┌ Warning: `shading = false` is not valid. Use `Makie.automatic`, `NoShading`, `FastShading` or `MultiLightShading`. Defaulting to `NoShading`.
└ @ Makie ~/.julia/packages/Makie/Y3ABD/src/lighting.jl:243
┌ Warning: No strict ticks found
└ @ PlotUtils ~/.julia/packages/PlotUtils/HX80C/src/ticks.jl:194
┌ Warning: `shading = false` is not valid. Use `Makie.automatic`, `NoShading`, `FastShading` or `MultiLightShading`. Defaulting to `NoShading`.
└ @ Makie ~/.julia/packages/Makie/Y3ABD/src/lighting.jl:243
┌ Warning: No strict ticks found
└ @ PlotUtils ~/.julia/packages/PlotUtils/HX80C/src/ticks.jl:194
┌ Warning: No strict ticks found
└ @ PlotUtils ~/.julia/packages/PlotUtils/HX80C/src/ticks.jl:194
┌ Warning: `shading = false` is not valid. Use `Makie.automatic`, `NoShading`, `FastShading` or `MultiLightShading`. Defaulting to `NoShading`.
└ @ Makie ~/.julia/packages/Makie/Y3ABD/src/lighting.jl:243
┌ Warning: No strict ticks found
└ @ PlotUtils ~/.julia/packages/PlotUtils/HX80C/src/ticks.jl:194
┌ Warning: No strict ticks found
└ @ PlotUtils ~/.julia/packages/PlotUtils/HX80C/src/ticks.jl:194
┌ Warning: No strict ticks found
└ @ PlotUtils ~/.julia/packages/PlotUtils/HX80C/src/ticks.jl:194
┌ Warning: No strict ticks found
└ @ PlotUtils ~/.julia/packages/PlotUtils/HX80C/src/ticks.jl:194
┌ Warning: No strict ticks found
└ @ PlotUtils ~/.julia/packages/PlotUtils/HX80C/src/ticks.jl:194
┌ Warning: No strict ticks found
└ @ PlotUtils ~/.julia/packages/PlotUtils/HX80C/src/ticks.jl:194
2026-01-14 14:37:42 - Benchmark complete
2026-01-14 14:37:42 - Warning: Multiple artifacts directories found
