Loading climacommon/2025_05_15
  Loading requirement: climaauth/2025_05_15 openmpi/4.1.5-mpitrampoline
    julia/1.11.5 cuda/julia-pref
Using Python 3.14.2 environment at: .calkit/venvs/main/.venv
2026-01-14 13:36:05 - Running benchmark for date: 2026-01-13
2026-01-14 13:36:05 - Git repo commits:
2026-01-14 13:36:05 -   ClimaCoupler.jl: c1c1665b1d87d782c885365981ba26692c5c660b
2026-01-14 13:36:05 -   ClimaAtmos.jl: 7906709059bed6039447e7e261aecf68b57b6731
2026-01-14 13:36:05 -   ClimaCore.jl: 6693590b2977ace9f799dbedf87cc0eef0171414
2026-01-14 13:36:05 -   ClimaTimesteppers.jl: 47a52f332cb8cc2898d90a1c5b2b760ae0b6fbab
2026-01-14 13:36:05 -   Thermodynamics.jl: 0b5ee762315de8ecec03e4e2e0a729881611dca6
2026-01-14 13:36:05 -   RRTMGP.jl: 0e174b1b925196204ba59b98bf867ecf31e0e000
2026-01-14 13:36:05 - Copying ClimaCoupler at rev: c1c1665b1d87d782c885365981ba26692c5c660b
2026-01-14 13:36:06 - Instantiating ClimaEarth environment at: runs/amip/2026-01-13/ClimaCoupler.jl/experiments/ClimaEarth
Precompiling project...
  13212.2 ms  ✓ ClimaLand
   8425.6 ms  ✓ ClimaLand → FluxnetSimulationsExt
  28636.1 ms  ✓ ClimaAtmos
  21519.0 ms  ✓ ClimaLand → LandSimulationVisualizationExt
   9370.6 ms  ✓ ClimaCoupler
  15260.4 ms  ✓ ClimaCoupler → ClimaCouplerMakieExt
  15730.8 ms  ✓ ClimaCoupler → ClimaCouplerOceananigansMakieExt
  7 dependencies successfully precompiled in 84 seconds. 710 already precompiled.
  1 dependency had output during precompilation:
┌ ClimaCoupler → ClimaCouplerOceananigansMakieExt
│  ┌ Warning: You are using Julia v1.11 or later!"
│  │ Oceananigans is currently tested on Julia v1.10."
│  │ If you find issues with Julia v1.11 or later,"
│  │ please report at https://github.com/CliMA/Oceananigans.jl/issues/new
│  └ @ Oceananigans ~/.julia/packages/Oceananigans/A56vm/src/Oceananigans.jl:125
└  
2026-01-14 13:37:42 - Adding package: ClimaAtmos.jl at rev: 7906709059bed6039447e7e261aecf68b57b6731
   Resolving package versions...
    Updating `~/calkit/clima-perf/runs/amip/2026-01-13/ClimaCoupler.jl/experiments/ClimaEarth/Project.toml`
  [b2c96348] ~ ClimaAtmos v0.33.1 ⇒ v0.33.1 `https://github.com/CliMA/ClimaAtmos.jl#7906709`
    Updating `~/calkit/clima-perf/runs/amip/2026-01-13/ClimaCoupler.jl/experiments/ClimaEarth/Manifest-v1.11.toml`
  [b2c96348] ~ ClimaAtmos v0.33.1 ⇒ v0.33.1 `https://github.com/CliMA/ClimaAtmos.jl#7906709`
Precompiling project...
  18909.9 ms  ✓ ClimaAtmos
    ClimaCoupler Being precompiled by another process (pid: 938496, pidfile: /home/pbachant/.julia/compiled/v1.11/ClimaCoupler/AAzYP_Z3CeL.ji.pidfile)
  21626.4 ms  ✓ ClimaCoupler
  15286.3 ms  ✓ ClimaCoupler → ClimaCouplerMakieExt
  16061.5 ms  ✓ ClimaCoupler → ClimaCouplerOceananigansMakieExt
  4 dependencies successfully precompiled in 83 seconds. 713 already precompiled.
  1 dependency had output during precompilation:
┌ ClimaCoupler → ClimaCouplerOceananigansMakieExt
│  ┌ Warning: You are using Julia v1.11 or later!"
│  │ Oceananigans is currently tested on Julia v1.10."
│  │ If you find issues with Julia v1.11 or later,"
│  │ please report at https://github.com/CliMA/Oceananigans.jl/issues/new
│  └ @ Oceananigans ~/.julia/packages/Oceananigans/A56vm/src/Oceananigans.jl:125
└  
2026-01-14 13:39:30 - Adding package: ClimaCore.jl at rev: 6693590b2977ace9f799dbedf87cc0eef0171414
   Resolving package versions...
    Updating `~/calkit/clima-perf/runs/amip/2026-01-13/ClimaCoupler.jl/experiments/ClimaEarth/Project.toml`
  [d414da3d] ~ ClimaCore v0.14.45 ⇒ v0.14.45 `https://github.com/CliMA/ClimaCore.jl#6693590`
    Updating `~/calkit/clima-perf/runs/amip/2026-01-13/ClimaCoupler.jl/experiments/ClimaEarth/Manifest-v1.11.toml`
  [d414da3d] ~ ClimaCore v0.14.45 ⇒ v0.14.45 `https://github.com/CliMA/ClimaCore.jl#6693590`
Precompiling project...
  13105.3 ms  ✓ ClimaLand
   8381.5 ms  ✓ ClimaLand → FluxnetSimulationsExt
  28782.0 ms  ✓ ClimaAtmos
  21473.9 ms  ✓ ClimaLand → LandSimulationVisualizationExt
   9093.5 ms  ✓ ClimaCoupler
  14638.1 ms  ✓ ClimaCoupler → ClimaCouplerMakieExt
  15765.2 ms  ✓ ClimaCoupler → ClimaCouplerOceananigansMakieExt
  7 dependencies successfully precompiled in 80 seconds. 710 already precompiled.
  1 dependency had output during precompilation:
┌ ClimaCoupler → ClimaCouplerOceananigansMakieExt
│  ┌ Warning: You are using Julia v1.11 or later!"
│  │ Oceananigans is currently tested on Julia v1.10."
│  │ If you find issues with Julia v1.11 or later,"
│  │ please report at https://github.com/CliMA/Oceananigans.jl/issues/new
│  └ @ Oceananigans ~/.julia/packages/Oceananigans/A56vm/src/Oceananigans.jl:125
└  
2026-01-14 13:41:15 - Adding package: ClimaTimesteppers.jl at rev: 47a52f332cb8cc2898d90a1c5b2b760ae0b6fbab
   Resolving package versions...
    Updating `~/calkit/clima-perf/runs/amip/2026-01-13/ClimaCoupler.jl/experiments/ClimaEarth/Project.toml`
  [595c0a79] ~ ClimaTimeSteppers v0.8.5 ⇒ v0.8.5 `https://github.com/CliMA/ClimaTimesteppers.jl#47a52f3`
    Updating `~/calkit/clima-perf/runs/amip/2026-01-13/ClimaCoupler.jl/experiments/ClimaEarth/Manifest-v1.11.toml`
  [595c0a79] ~ ClimaTimeSteppers v0.8.5 ⇒ v0.8.5 `https://github.com/CliMA/ClimaTimesteppers.jl#47a52f3`
Precompiling project...
  13376.7 ms  ✓ ClimaLand
   8443.7 ms  ✓ ClimaLand → FluxnetSimulationsExt
  28892.3 ms  ✓ ClimaAtmos
  21830.1 ms  ✓ ClimaLand → LandSimulationVisualizationExt
   9499.7 ms  ✓ ClimaCoupler
  14840.0 ms  ✓ ClimaCoupler → ClimaCouplerMakieExt
  15386.9 ms  ✓ ClimaCoupler → ClimaCouplerOceananigansMakieExt
  7 dependencies successfully precompiled in 80 seconds. 710 already precompiled.
  1 dependency had output during precompilation:
┌ ClimaCoupler → ClimaCouplerOceananigansMakieExt
│  ┌ Warning: You are using Julia v1.11 or later!"
│  │ Oceananigans is currently tested on Julia v1.10."
│  │ If you find issues with Julia v1.11 or later,"
│  │ please report at https://github.com/CliMA/Oceananigans.jl/issues/new
│  └ @ Oceananigans ~/.julia/packages/Oceananigans/A56vm/src/Oceananigans.jl:125
└  
2026-01-14 13:43:00 - Adding package: Thermodynamics.jl at rev: 0b5ee762315de8ecec03e4e2e0a729881611dca6
   Resolving package versions...
┌ Warning: attempting to remove probably stale pidfile
│   path = "/home/pbachant/.julia/logs/artifact_usage.toml.pid"
└ @ FileWatching.Pidfile /clima/software/julia/julia-1.11.5/share/julia/stdlib/v1.11/FileWatching/src/pidfile.jl:278
    Updating `~/calkit/clima-perf/runs/amip/2026-01-13/ClimaCoupler.jl/experiments/ClimaEarth/Project.toml`
  [b60c26fb] ~ Thermodynamics v0.15.3 ⇒ v0.15.4 `https://github.com/CliMA/Thermodynamics.jl#0b5ee76`
    Updating `~/calkit/clima-perf/runs/amip/2026-01-13/ClimaCoupler.jl/experiments/ClimaEarth/Manifest-v1.11.toml`
  [b60c26fb] ~ Thermodynamics v0.15.3 ⇒ v0.15.4 `https://github.com/CliMA/Thermodynamics.jl#0b5ee76`
Precompiling project...
    ClimaLand Being precompiled by another process (pid: 968056, pidfile: /home/pbachant/.julia/compiled/v1.11/ClimaLand/kHEOl_Z3CeL.ji.pidfile)
    ClimaAtmos Being precompiled by another process (pid: 968056, pidfile: /home/pbachant/.julia/compiled/v1.11/ClimaAtmos/4EXdy_Z3CeL.ji.pidfile)
  50499.7 ms  ✓ ClimaAtmos
  52942.6 ms  ✓ ClimaLand
    LandSimulationVisualizationExt Being precompiled by another process (pid: 972159, pidfile: /home/pbachant/.julia/compiled/v1.11/LandSimulationVisualizationExt/WIZwC_Z3CeL.ji.pidfile)
   6764.0 ms  ✓ ClimaLand → FluxnetSimulationsExt
   9753.2 ms  ✓ ClimaCoupler
  19358.7 ms  ✓ ClimaCoupler → ClimaCouplerMakieExt
  28408.2 ms  ✓ ClimaLand → LandSimulationVisualizationExt
  15883.6 ms  ✓ ClimaCoupler → ClimaCouplerOceananigansMakieExt
  7 dependencies successfully precompiled in 107 seconds. 710 already precompiled.
  1 dependency had output during precompilation:
┌ ClimaCoupler → ClimaCouplerOceananigansMakieExt
│  ┌ Warning: You are using Julia v1.11 or later!"
│  │ Oceananigans is currently tested on Julia v1.10."
│  │ If you find issues with Julia v1.11 or later,"
│  │ please report at https://github.com/CliMA/Oceananigans.jl/issues/new
│  └ @ Oceananigans ~/.julia/packages/Oceananigans/A56vm/src/Oceananigans.jl:125
└  
2026-01-14 13:45:13 - Adding package: RRTMGP.jl at rev: 0e174b1b925196204ba59b98bf867ecf31e0e000
   Resolving package versions...
    Updating `~/calkit/clima-perf/runs/amip/2026-01-13/ClimaCoupler.jl/experiments/ClimaEarth/Project.toml`
  [a01a1ee8] + RRTMGP v0.21.6 `https://github.com/CliMA/RRTMGP.jl#0e174b1`
    Updating `~/calkit/clima-perf/runs/amip/2026-01-13/ClimaCoupler.jl/experiments/ClimaEarth/Manifest-v1.11.toml`
  [a01a1ee8] ~ RRTMGP v0.21.6 ⇒ v0.21.6 `https://github.com/CliMA/RRTMGP.jl#0e174b1`
Precompiling project...
  18100.3 ms  ✓ ClimaAtmos
   7540.1 ms  ✓ ClimaCoupler
  14766.0 ms  ✓ ClimaCoupler → ClimaCouplerMakieExt
  15370.1 ms  ✓ ClimaCoupler → ClimaCouplerOceananigansMakieExt
  4 dependencies successfully precompiled in 67 seconds. 713 already precompiled.
  1 dependency had output during precompilation:
┌ ClimaCoupler → ClimaCouplerOceananigansMakieExt
│  ┌ Warning: You are using Julia v1.11 or later!"
│  │ Oceananigans is currently tested on Julia v1.10."
│  │ If you find issues with Julia v1.11 or later,"
│  │ please report at https://github.com/CliMA/Oceananigans.jl/issues/new
│  └ @ Oceananigans ~/.julia/packages/Oceananigans/A56vm/src/Oceananigans.jl:125
└  
2026-01-14 13:46:55 - Resolving environment
  No Changes to `~/calkit/clima-perf/runs/amip/2026-01-13/ClimaCoupler.jl/experiments/ClimaEarth/Project.toml`
  No Changes to `~/calkit/clima-perf/runs/amip/2026-01-13/ClimaCoupler.jl/experiments/ClimaEarth/Manifest-v1.11.toml`
2026-01-14 13:47:10 - Adding MPI package
   Resolving package versions...
    Updating `~/calkit/clima-perf/runs/amip/2026-01-13/ClimaCoupler.jl/experiments/ClimaEarth/Project.toml`
  [da04e1cc] + MPI v0.20.23
  No Changes to `~/calkit/clima-perf/runs/amip/2026-01-13/ClimaCoupler.jl/experiments/ClimaEarth/Manifest-v1.11.toml`
2026-01-14 13:47:58 - Precompiling packages
Status `~/calkit/clima-perf/runs/amip/2026-01-13/ClimaCoupler.jl/experiments/ClimaEarth/Project.toml`
  [c7e460c6] ArgParse v1.2.0
⌃ [052768ef] CUDA v5.8.5
  [159f3aea] Cairo v1.1.1
⌃ [13f3f980] CairoMakie v0.12.18
  [29b5916a] ClimaAnalysis v0.5.20
  [b2c96348] ClimaAtmos v0.33.1 `https://github.com/CliMA/ClimaAtmos.jl#7906709`
⌅ [4347a170] ClimaCalibrate v0.1.4
  [3a4d1b5c] ClimaComms v0.6.10
  [d414da3d] ClimaCore v0.14.45 `https://github.com/CliMA/ClimaCore.jl#6693590`
  [908f55d8] ClimaCoreMakie v0.4.6
  [4ade58fe] ClimaCoupler v0.1.2 `../..`
⌅ [1ecacbb8] ClimaDiagnostics v0.2.15
  [08f4d4ce] ClimaLand v1.3.0
⌃ [0376089a] ClimaOcean v0.8.7
  [5c42b081] ClimaParams v1.0.9
⌃ [6ba0ff68] ClimaSeaIce v0.3.10
  [595c0a79] ClimaTimeSteppers v0.8.5 `https://github.com/CliMA/ClimaTimesteppers.jl#47a52f3`
  [b3f4f4ca] ClimaUtilities v0.1.27
  [aa8a2aa5] EnsembleKalmanProcesses v2.6.0
⌃ [db073c08] GeoMakie v0.7.12
⌅ [e98cc03f] Insolation v0.10.2
⌅ [a98d9a8b] Interpolations v0.15.1
  [033835bb] JLD2 v0.6.3
  [63c18a36] KernelAbstractions v0.9.39
  [da04e1cc] MPI v0.20.23
⌅ [ee78f7c6] Makie v0.21.18
  [85f8d34a] NCDatasets v0.14.10
⌅ [9e8cae18] Oceananigans v0.100.7
⌅ [08abe8d2] PrettyTables v2.4.0
  [a01a1ee8] RRTMGP v0.21.6 `https://github.com/CliMA/RRTMGP.jl#0e174b1`
  [1bc83da4] SafeTestsets v0.1.0
⌅ [0bca4576] SciMLBase v2.112.0
  [90137ffa] StaticArrays v1.9.16
  [49b00bb7] SurfaceFluxes v0.14.2
  [b60c26fb] Thermodynamics v0.15.4 `https://github.com/CliMA/Thermodynamics.jl#0b5ee76`
  [ddb6d928] YAML v0.4.16
⌅ [9c32591e] Poppler_jll v24.6.0+0
Info Packages marked with ⌃ and ⌅ have new versions available. Those with ⌃ may be upgradable, but those with ⌅ are restricted by compatibility constraints from upgrading. To see why use `status --outdated`
2026-01-14 13:48:24 - Environment setup complete
2026-01-14 13:48:24 - Copying ClimaCoupler configs
2026-01-14 13:48:24 - Copying ClimaCoupler TOML file
2026-01-14 13:48:24 - Starting benchmark
┌ Warning: CUDA runtime library `libcublasLt.so.13` was loaded from a system path, `/usr/local/cuda/lib64/libcublasLt.so.13`.
│ This may cause errors.
│ 
│ If you're running under a profiler, this situation is expected. Otherwise,
│ ensure that your library path environment variable (e.g., `PATH` on Windows
│ or `LD_LIBRARY_PATH` on Linux) does not include CUDA library paths.
│ 
│ In any other case, please file an issue.
└ @ CUDA ~/.julia/packages/CUDA/TPbi4/src/initialization.jl:218
┌ Warning: CUDA runtime library `libnvJitLink.so.13` was loaded from a system path, `/usr/local/cuda/lib64/libnvJitLink.so.13`.
│ This may cause errors.
│ 
│ If you're running under a profiler, this situation is expected. Otherwise,
│ ensure that your library path environment variable (e.g., `PATH` on Windows
│ or `LD_LIBRARY_PATH` on Linux) does not include CUDA library paths.
│ 
│ In any other case, please file an issue.
└ @ CUDA ~/.julia/packages/CUDA/TPbi4/src/initialization.jl:218
┌ Warning: CUDA runtime library `libcusparse.so.12` was loaded from a system path, `/usr/local/cuda/lib64/libcusparse.so.12`.
│ This may cause errors.
│ 
│ If you're running under a profiler, this situation is expected. Otherwise,
│ ensure that your library path environment variable (e.g., `PATH` on Windows
│ or `LD_LIBRARY_PATH` on Linux) does not include CUDA library paths.
│ 
│ In any other case, please file an issue.
└ @ CUDA ~/.julia/packages/CUDA/TPbi4/src/initialization.jl:218
┌ Warning: You are using Julia v1.11 or later!"
│ Oceananigans is currently tested on Julia v1.10."
│ If you find issues with Julia v1.11 or later,"
│ please report at https://github.com/CliMA/Oceananigans.jl/issues/new
└ @ Oceananigans ~/.julia/packages/Oceananigans/A56vm/src/Oceananigans.jl:125
[ Info: Using Atmos configuration from ClimaCoupler in config/atmos_configs/climaatmos_progedmf_1m.yml
[ Info: Setting up single-process ClimaCoupler run on device: CUDADevice.
[ Info: Dict{Any, Any}("sleve_eta" => 0.7, "surface_thermo_state_type" => "GCMSurfaceThermoState", "use_coupler_diagnostics" => true, "era5_diurnal_warming" => nothing, "dt" => "30secs", "prognostic_tke" => true, "use_newton_rtol" => false, "netcdf_output_at_levels" => true, "output_dir_style" => "ActiveLink", "external_forcing" => nothing, "device" => "auto", "t_end" => "1200secs", "c_amd" => 0.29, "y_elem" => 6, "z_stretch" => true, "extra_atmos_diagnostics" => Dict{Any, Any}[], "forcing" => nothing, "edmfx_nh_pressure" => true, "era5_initial_condition_dir" => nothing, "conservation_softfail" => false, "check_steady_state" => false, "restart_cache" => true, "update_jacobian_every" => "solve", "test_dycore_consistency" => false, "add_isothermal_boundary_layer" => true, "use_itime" => true, "moist" => "nonequil", "rad" => "allskywithclear", "share_surface_space" => true, "binary_area_fraction" => true, "cloud_model" => "quadrature", "initial_condition" => "DecayingProfile", "krylov_rtol" => 0.1, "eisenstat_walker_forcing_alpha" => 2.0, "dt_cloud_fraction" => "1hours", "surface_setup" => "PrescribedSurface", "jvp_step_adjustment" => 1.0, "insolation" => "timevarying", "log_progress" => true, "site_latitude" => 17.0, "h_elem" => 16, "implicit_sgs_nh_pressure" => true, "coupler_toml" => ["/home/pbachant/calkit/clima-perf/runs/amip/2026-01-13/ClimaCoupler.jl/toml/amip_progedmf_1m.toml"], "netcdf_interpolation_num_points" => nothing, "coupler_output_dir" => "output", "z_max" => 60000.0, "moisture_fixer" => false, "apply_limiter" => false, "precip_model" => "1M", "atmos_log_progress" => false, "surface_temperature" => "ZonallySymmetric", "debug_jacobian" => false, "edmfx_filter" => true, "job_id" => "gpu_amip_progedmf_1M_land_he16", "log_to_file" => false, "orographic_gravity_wave" => nothing, "dt_rad" => "600secs", "edmfx_upwinding" => "first_order", "tracer_upwinding" => "vanleer_limiter", "nh_poly" => 3, "edmfx_sgs_diffusive_flux" => true, "y_max" => 300000.0, "non_orographic_gravity_wave" => false, "print_config_dict" => true, "save_cache" => true, "topography_damping_factor" => 5, "config" => "sphere", "reproducibility_test" => false, "component_dt_dict" => Dict("dt_atmos" => 30.0, "dt_land" => 30.0, "dt_seaice" => 30.0, "dt_ocean" => 30.0), "check_conservation" => false, "rmse_check" => false, "land_spun_up_ic" => true, "auto_jacobian_padding_bands" => nothing, "implicit_diffusion" => true, "z_elem" => 63, "implicit_sgs_entr_detr" => true, "use_auto_jacobian" => false, "disable_surface_flux_tendency" => false, "cfsite_number" => "site23", "turbconv" => "prognostic_edmfx", "x_elem" => 6, "idealized_clouds" => false, "edmfx_mse_q_tot_upwinding" => "first_order", "check_nan_every" => 1024, "ice_model" => "prescribed", "subsidence" => nothing, "use_dynamic_krylov_rtol" => false, "reproducible_restart" => false, "toml" => ["toml/longrun_aquaplanet_diagedmf.toml"], "mesh_warp_type" => "SLEVE", "edmfx_detr_model" => "Generalized", "external_forcing_file" => nothing, "cloud_nn_architecture" => "arch_2layers_8nodes.jld2", "topo_smoothing" => true, "hyperdiff" => "CAM_SE", "output_dir" => nothing, "constant_horizontal_diffusion" => false, "scm_coriolis" => nothing, "bubble" => false, "ode_algo" => "ARS343", "max_newton_iters_ode" => 3, "start_date" => "20100101", "time_varying_trace_gases" => ["CO2", "O3"], "use_dense_jacobian" => false, "implicit_noneq_cloud_formation" => false, "scalar_hyperdiffusion_coefficient" => 0.929738, "prognostic_surface" => "false", "detect_restart_file" => false, "edmfx_vertical_diffusion" => true, "restart_file" => nothing, "unique_seed" => false, "rayleigh_sponge" => true, "edmfx_tracer_upwinding" => "first_order", "divergence_damping_factor" => 5.0, "edmfx_entr_model" => "Generalized", "energy_check" => false, "land_model" => "integrated", "use_land_diagnostics" => true, "idealized_h2o" => false, "perturb_initstate" => true, "implicit_sgs_advection" => true, "edmfx_scale_blending" => "SmoothMinimum", "discrete_hydrostatic_balance" => false, "t_start" => "0secs", "land_fraction_source" => "etopo", "dz_bottom" => 30.0, "dt_save_state_to_disk" => "30days", "restart_t" => nothing, "advection_test" => false, "dt_cpl" => "30secs", "checkpoint_dt" => "366days", "topography" => "Earth", "aerosol_radiation" => true, "reference_job_id" => nothing, "perf_summary" => false, "vorticity_hyperdiffusion_coefficient" => 0.1857, "implicit_sgs_mass_flux" => true, "call_cloud_diagnostics_per_stage" => false, "viscous_sponge" => true, "strict_params" => true, "config_file" => "runs/amip/2026-01-13/ClimaCoupler.jl/config/benchmark_configs/amip_progedmf_1m_land_he16.yml", "bucket_initial_condition" => "", "approximate_linear_solve_iters" => 2, "smagorinsky_lilly" => nothing, "enable_diagnostics" => true, "site_longitude" => -149.0, "evolving_ocean" => true, "implicit_sgs_vertdiff" => true, "prescribe_clouds_in_radiation" => false, "albedo_model" => "CouplerAlbedo", "FLOAT_TYPE" => "Float32", "deep_atmosphere" => true, "split_ode" => true, "amd_les" => false, "updraft_number" => 1, "restart_dir" => nothing, "detect_restart_files" => false, "ls_adv" => nothing, "energy_q_tot_upwinding" => "vanleer_limiter", "prescribed_aerosols" => ["CB1", "CB2", "DST01", "DST02", "DST03", "DST04", "DST05", "OC1", "OC2", "SO4", "SSLT01", "SSLT02", "SSLT03", "SSLT04", "SSLT05"], "dt_nogw" => "1800secs", "output_default_diagnostics" => true, "edmfx_sgs_mass_flux" => true, "x_max" => 300000.0, "radiation_reset_rng_seed" => true, "newton_rtol" => 1.0e-5, "atmos_config_file" => "config/atmos_configs/climaatmos_progedmf_1m.yml", "edmfx_sgsflux_upwinding" => "none", "mode_name" => "amip", "land_temperature_anomaly" => "aquaplanet", "bucket_albedo_type" => "map_static", "vert_diff" => "false", "use_krylov_method" => false, "sleve_s" => 10.0, "prescribed_flow" => nothing)
[ Info: Output directories output/gpu_amip_progedmf_1M_land_he16/output_0000
[ Info: Coupler artifacts directory output/gpu_amip_progedmf_1M_land_he16/artifacts
[ Info: Coupler checkpoint directory output/gpu_amip_progedmf_1M_land_he16/checkpoints
[ Info: Overwriting Atmos parameters from input TOML file(s): ["/home/pbachant/calkit/clima-perf/runs/amip/2026-01-13/ClimaCoupler.jl/toml/amip_progedmf_1m.toml"]
┌ Warning: The configuration passed to ClimaAtmos contains unused keys: share_surface_space, binary_area_fraction, use_coupler_diagnostics, bucket_initial_condition, energy_check, use_land_diagnostics, land_model, edmfx_upwinding, atmos_config_file, mode_name, land_temperature_anomaly, evolving_ocean, bucket_albedo_type, save_cache, print_config_dict, land_fraction_source, extra_atmos_diagnostics, ice_model, coupler_toml, restart_t, coupler_output_dir, dt_cpl, checkpoint_dt, component_dt_dict, atmos_log_progress, conservation_softfail, restart_dir, restart_cache, detect_restart_files, rmse_check, land_spun_up_ic, config_file, unique_seed
└ @ ClimaAtmos ~/.julia/packages/ClimaAtmos/zl4zk/src/solver/yaml_helper.jl:89
[ Info: Random seed set to 1234
┌ Warning: Removing output/gpu_amip_progedmf_1M_land_he16/output_0000/clima_atmos
└ @ ClimaUtilities.OutputPathGenerator ~/.julia/packages/ClimaUtilities/5ClV5/src/OutputPathGenerator.jl:157
[ Info: Running on CUDADevice
[ Info: Setting up single-process ClimaAtmos run
┌ Info: Time info:
│   dt = "30secs"
│   t_start = "0secs"
│   t_end = "1200secs"
└   floor_n_steps = 40
┌ Info: numerics 
│        `energy_q_tot_upwinding`::`Val{:vanleer_limiter}`
│              `tracer_upwinding`::`Val{:vanleer_limiter}`
│     `edmfx_mse_q_tot_upwinding`::`Val{:first_order}`
│       `edmfx_sgsflux_upwinding`::`Val{:none}`
│        `edmfx_tracer_upwinding`::`Val{:first_order}`
│       `test_dycore_consistency`::`Nothing`
│          `reproducible_restart`::`Nothing`
│                       `limiter`::`Nothing`
│                     `diff_mode`::`ClimaAtmos.Implicit`
└                     `hyperdiff`::`ClimaAtmos.ClimaHyperdiffusion{Float32}`
┌ Info: AtmosModel: 
│ 
│                             `water`::`ClimaAtmos.AtmosWater{ClimaAtmos.NonEquilMoistModel, ClimaAtmos.Microphysics1Moment, ClimaAtmos.QuadratureCloud{ClimaAtmos.SGSQuadrature{3, StaticArraysCore.SVector{3, Float32}, StaticArraysCore.SVector{3, Float32}}}, ClimaAtmos.Explicit, Nothing}`
│                         `scm_setup`::`ClimaAtmos.SCMSetup{Nothing, Nothing, Nothing, Bool, Nothing}`
│                         `radiation`::`ClimaAtmos.AtmosRadiation{ClimaAtmos.RRTMGPInterface.AllSkyRadiationWithClearSkyDiagnostics{ClimaAtmos.InteractiveCloudInRadiation}, ClimaAtmos.TimeVaryingInsolation}`
│                          `turbconv`::`ClimaAtmos.AtmosTurbconv{ClimaAtmos.EDMFXModel{ClimaAtmos.InvZEntrainment, ClimaAtmos.BuoyancyVelocityDetrainment, Val{true}, Val{true}, Val{true}, Val{true}, Val{true}, ClimaAtmos.SmoothMinimumBlending}, ClimaAtmos.PrognosticEDMFX{1, true, Float32}, ClimaAtmos.Implicit, ClimaAtmos.Implicit, ClimaAtmos.Implicit, ClimaAtmos.Implicit, ClimaAtmos.Implicit, Nothing, Nothing, Nothing}`
│                   `prescribed_flow`::`Nothing`
│                      `gravity_wave`::`ClimaAtmos.AtmosGravityWave{Nothing, Nothing}`
│                `vertical_diffusion`::`Nothing`
│                            `sponge`::`ClimaAtmos.AtmosSponge{ClimaAtmos.ViscousSponge{Float32}, ClimaAtmos.RayleighSponge{Float32}}`
│                           `surface`::`ClimaAtmos.AtmosSurface{ClimaAtmos.ZonallySymmetricSST, ClimaAtmos.PrescribedSST, ClimaAtmos.CouplerAlbedo}`
└                          `numerics`::`ClimaAtmos.AtmosNumerics{Val{:vanleer_limiter}, Val{:vanleer_limiter}, Val{:first_order}, Val{:none}, Val{:first_order}, Nothing, Nothing, Nothing, ClimaAtmos.Implicit, ClimaAtmos.ClimaHyperdiffusion{Float32}}`
[ Info: Remapping Earth orography from ETOPO2022 data onto horizontal space
[ Info: SLEVE mesh warp (eta=0.7, s=10.0)
┌ Info: Simulation info
│   job_id = "gpu_amip_progedmf_1M_land_he16"
└   output_dir = "output/gpu_amip_progedmf_1M_land_he16/output_0000/clima_atmos"
┌ Info: Simulation Grid: ExtrudedFiniteDifferenceGrid:
│   horizontal:
│     context: SingletonCommsContext using CUDADevice
│     mesh: 16×16×6-element EquiangularCubedSphere of SphereDomain: radius = 6.371e6
│     quadrature: 4-point Gauss-Legendre-Lobatto quadrature
│   vertical:
└     mesh: 63-element IntervalMesh of IntervalDomain: z ∈ [0.0,60000.0] (:bottom, :top)
[ Info: Allocating Y: 9.647 s (12283546 allocations: 585.4 MiB)
[ Info: using deep atmosphere
[ Info: Allocating cache (p): 179.148 s (405093042 allocations: 22.53 GiB)
[ Info: Using ODE config: `ClimaTimeSteppers.ARS343`
[ Info: ode_configuration: 510.128 ms (748561 allocations: 37.02 MiB)
[ Info: Checking NaNs in the state every 1024 steps
[ Info: get_callbacks: 505.588 ms (724168 allocations: 36.86 MiB)
[ Info: Saving accumulated diagnostics to disk with frequency: 1 hour
[ Info: DictWriter: String[]
[ Info: HDF5Writer: String[]
[ Info: NetCDFWriter: ["orog_inst", "ts_1h_min", "ts_1h_max"]
[ Info: initializing diagnostics: 6.107 s (14222879 allocations: 736.24 MiB)
[ Info: Prepared SciMLBase.CallbackSet callbacks: 12.111 ms (561 allocations: 27.46 KiB)
[ Info: n_steps_per_cycle_per_cb (non diagnostics): Real[1024, 1, 120//1, 20//1]
[ Info: n_steps_per_cycle (non diagnostics): 15360//1
┌ Info: Jacobian algorithm: ManualSparseJacobian(
│   topography_flag = ClimaAtmos.UseDerivative(),
│   diffusion_flag = ClimaAtmos.UseDerivative(),
│   sgs_advection_flag = ClimaAtmos.UseDerivative(),
│   sgs_entr_detr_flag = ClimaAtmos.UseDerivative(),
│   sgs_mass_flux_flag = ClimaAtmos.UseDerivative(),
│   sgs_nh_pressure_flag = ClimaAtmos.UseDerivative(),
│   sgs_vertdiff_flag = ClimaAtmos.UseDerivative(),
│   approximate_solve_iters = 2,
└ )
[ Info: Define ode function: 6.64 s (8852787 allocations: 320.79 MiB)
┌ Warning: Setting surface albedo to 0.38 at the beginning of the simulation
└ @ Main ~/calkit/clima-perf/runs/amip/2026-01-13/ClimaCoupler.jl/experiments/ClimaEarth/components/atmosphere/climaatmos.jl:110
[ Info: init integrator: 94.521 s (99280288 allocations: 6.12 GiB)
[ Info: Added diagnostics: 9.256 s (12785160 allocations: 619.59 MiB)
[ Info: AMIPMode
[ Info: AMIP/CMIP boundary conditions - do not expect energy conservation
┌ Info: ClimaLand: using land IC file
└   ic_path = "/home/pbachant/.julia/artifacts/cc2888b590f5158113b54c75eee3e2f797be8956/saturated_land_ic.nc"
┌ Info: PrescribedOcean: using SST file
└   sst_data = "/net/sampo/data1/ClimaArtifacts/artifacts/historical_sst_sic/MODEL.SST.HAD187001-198110.OI198111-202206.nc"
┌ Info: PrescribedIce: using SIC file
└   sic_data = "/net/sampo/data1/ClimaArtifacts/artifacts/historical_sst_sic/MODEL.ICE.HAD187001-198110.OI198111-202206.nc"
[ Info: Component models initialized: (:atmos_sim, :ice_sim, :land_sim, :ocean_sim)
[ Info: Using default coupler diagnostics
┌ Warning: `update_field!` is not extended for the `liquid_precipitation` field of PrescribedIceSimulation: skipping update.
└ @ ClimaCoupler.Interfacer ~/calkit/clima-perf/runs/amip/2026-01-13/ClimaCoupler.jl/src/Interfacer.jl:326
┌ Warning: Setting surface albedo to 0.38 at the beginning of the simulation
└ @ Main ~/calkit/clima-perf/runs/amip/2026-01-13/ClimaCoupler.jl/experiments/ClimaEarth/components/atmosphere/climaatmos.jl:110
[ Info: Memory in use: 11.886 GiB
[ Info: Starting coupling loop
┌ Info: Progress
│   simulation_time = "2 minutes"
│   n_steps_completed = 4
│   wall_time_per_step = "0 seconds"
│   wall_time_total = "0 seconds"
│   wall_time_remaining = "0 seconds"
│   wall_time_spent = "0 seconds"
│   percent_complete = "10.0%"
│   estimated_sypd = "Inf"
│   date_now = 2026-01-14T14:36:07.786
└   estimated_finish_date = 2026-01-14T14:36:07.786
┌ Info: Progress
│   simulation_time = "3 minutes"
│   n_steps_completed = 6
│   wall_time_per_step = "1 second, 54 milliseconds"
│   wall_time_total = "42 seconds, 171 milliseconds"
│   wall_time_remaining = "35 seconds, 845 milliseconds"
│   wall_time_spent = "6 seconds, 325 milliseconds"
│   percent_complete = "15.0%"
│   estimated_sypd = "0.078"
│   date_now = 2026-01-14T14:36:10.070
└   estimated_finish_date = 2026-01-14T14:36:46.070
┌ Info: Progress
│   simulation_time = "4 minutes"
│   n_steps_completed = 8
│   wall_time_per_step = "1 second, 68 milliseconds"
│   wall_time_total = "42 seconds, 735 milliseconds"
│   wall_time_remaining = "34 seconds, 188 milliseconds"
│   wall_time_spent = "8 seconds, 547 milliseconds"
│   percent_complete = "20.0%"
│   estimated_sypd = "0.077"
│   date_now = 2026-01-14T14:36:12.065
└   estimated_finish_date = 2026-01-14T14:36:47.065
┌ Info: Progress
│   simulation_time = "5 minutes"
│   n_steps_completed = 10
│   wall_time_per_step = "1 second, 53 milliseconds"
│   wall_time_total = "42 seconds, 126 milliseconds"
│   wall_time_remaining = "31 seconds, 594 milliseconds"
│   wall_time_spent = "10 seconds, 531 milliseconds"
│   percent_complete = "25.0%"
│   estimated_sypd = "0.078"
│   date_now = 2026-01-14T14:36:14.049
└   estimated_finish_date = 2026-01-14T14:36:46.049
┌ Info: Progress
│   simulation_time = "6 minutes"
│   n_steps_completed = 12
│   wall_time_per_step = "1 second, 52 milliseconds"
│   wall_time_total = "42 seconds, 118 milliseconds"
│   wall_time_remaining = "29 seconds, 482 milliseconds"
│   wall_time_spent = "12 seconds, 635 milliseconds"
│   percent_complete = "30.0%"
│   estimated_sypd = "0.078"
│   date_now = 2026-01-14T14:36:16.153
└   estimated_finish_date = 2026-01-14T14:36:46.153
┌ Info: Progress
│   simulation_time = "7 minutes"
│   n_steps_completed = 14
│   wall_time_per_step = "1 second, 46 milliseconds"
│   wall_time_total = "41 seconds, 849 milliseconds"
│   wall_time_remaining = "27 seconds, 202 milliseconds"
│   wall_time_spent = "14 seconds, 647 milliseconds"
│   percent_complete = "35.0%"
│   estimated_sypd = "0.079"
│   date_now = 2026-01-14T14:36:18.165
└   estimated_finish_date = 2026-01-14T14:36:46.165
┌ Info: Progress
│   simulation_time = "8 minutes"
│   n_steps_completed = 16
│   wall_time_per_step = "1 second, 40 milliseconds"
│   wall_time_total = "41 seconds, 612 milliseconds"
│   wall_time_remaining = "24 seconds, 967 milliseconds"
│   wall_time_spent = "16 seconds, 645 milliseconds"
│   percent_complete = "40.0%"
│   estimated_sypd = "0.079"
│   date_now = 2026-01-14T14:36:20.163
└   estimated_finish_date = 2026-01-14T14:36:45.163
┌ Info: Progress
│   simulation_time = "9 minutes"
│   n_steps_completed = 18
│   wall_time_per_step = "1 second, 39 milliseconds"
│   wall_time_total = "41 seconds, 582 milliseconds"
│   wall_time_remaining = "22 seconds, 870 milliseconds"
│   wall_time_spent = "18 seconds, 712 milliseconds"
│   percent_complete = "45.0%"
│   estimated_sypd = "0.079"
│   date_now = 2026-01-14T14:36:22.229
└   estimated_finish_date = 2026-01-14T14:36:45.229
┌ Info: Progress
│   simulation_time = "10 minutes"
│   n_steps_completed = 20
│   wall_time_per_step = "1 second, 75 milliseconds"
│   wall_time_total = "43 seconds, 8 milliseconds"
│   wall_time_remaining = "21 seconds, 504 milliseconds"
│   wall_time_spent = "21 seconds, 504 milliseconds"
│   percent_complete = "50.0%"
│   estimated_sypd = "0.076"
│   date_now = 2026-01-14T14:36:25.022
└   estimated_finish_date = 2026-01-14T14:36:47.022
┌ Info: Progress
│   simulation_time = "11 minutes"
│   n_steps_completed = 22
│   wall_time_per_step = "1 second, 67 milliseconds"
│   wall_time_total = "42 seconds, 692 milliseconds"
│   wall_time_remaining = "19 seconds, 211 milliseconds"
│   wall_time_spent = "23 seconds, 481 milliseconds"
│   percent_complete = "55.0%"
│   estimated_sypd = "0.077"
│   date_now = 2026-01-14T14:36:26.999
└   estimated_finish_date = 2026-01-14T14:36:46.998
┌ Info: Progress
│   simulation_time = "12 minutes"
│   n_steps_completed = 24
│   wall_time_per_step = "1 second, 61 milliseconds"
│   wall_time_total = "42 seconds, 449 milliseconds"
│   wall_time_remaining = "16 seconds, 979 milliseconds"
│   wall_time_spent = "25 seconds, 469 milliseconds"
│   percent_complete = "60.0%"
│   estimated_sypd = "0.077"
│   date_now = 2026-01-14T14:36:28.987
└   estimated_finish_date = 2026-01-14T14:36:45.987
┌ Info: Progress
│   simulation_time = "13 minutes"
│   n_steps_completed = 26
│   wall_time_per_step = "1 second, 59 milliseconds"
│   wall_time_total = "42 seconds, 362 milliseconds"
│   wall_time_remaining = "14 seconds, 826 milliseconds"
│   wall_time_spent = "27 seconds, 535 milliseconds"
│   percent_complete = "65.0%"
│   estimated_sypd = "0.078"
│   date_now = 2026-01-14T14:36:31.053
└   estimated_finish_date = 2026-01-14T14:36:46.053
┌ Info: Progress
│   simulation_time = "14 minutes"
│   n_steps_completed = 28
│   wall_time_per_step = "1 second, 55 milliseconds"
│   wall_time_total = "42 seconds, 216 milliseconds"
│   wall_time_remaining = "12 seconds, 664 milliseconds"
│   wall_time_spent = "29 seconds, 551 milliseconds"
│   percent_complete = "70.0%"
│   estimated_sypd = "0.078"
│   date_now = 2026-01-14T14:36:33.069
└   estimated_finish_date = 2026-01-14T14:36:46.069
┌ Info: Progress
│   simulation_time = "15 minutes"
│   n_steps_completed = 30
│   wall_time_per_step = "1 second, 51 milliseconds"
│   wall_time_total = "42 seconds, 42 milliseconds"
│   wall_time_remaining = "10 seconds, 510 milliseconds"
│   wall_time_spent = "31 seconds, 531 milliseconds"
│   percent_complete = "75.0%"
│   estimated_sypd = "0.078"
│   date_now = 2026-01-14T14:36:35.049
└   estimated_finish_date = 2026-01-14T14:36:46.049
┌ Info: Progress
│   simulation_time = "16 minutes"
│   n_steps_completed = 32
│   wall_time_per_step = "1 second, 47 milliseconds"
│   wall_time_total = "41 seconds, 889 milliseconds"
│   wall_time_remaining = "8 seconds, 377 milliseconds"
│   wall_time_spent = "33 seconds, 511 milliseconds"
│   percent_complete = "80.0%"
│   estimated_sypd = "0.078"
│   date_now = 2026-01-14T14:36:37.029
└   estimated_finish_date = 2026-01-14T14:36:46.029
┌ Info: Progress
│   simulation_time = "17 minutes"
│   n_steps_completed = 34
│   wall_time_per_step = "1 second, 43 milliseconds"
│   wall_time_total = "41 seconds, 755 milliseconds"
│   wall_time_remaining = "6 seconds, 263 milliseconds"
│   wall_time_spent = "35 seconds, 491 milliseconds"
│   percent_complete = "85.0%"
│   estimated_sypd = "0.079"
│   date_now = 2026-01-14T14:36:39.009
└   estimated_finish_date = 2026-01-14T14:36:46.009
┌ Info: Progress
│   simulation_time = "18 minutes"
│   n_steps_completed = 36
│   wall_time_per_step = "1 second, 42 milliseconds"
│   wall_time_total = "41 seconds, 686 milliseconds"
│   wall_time_remaining = "4 seconds, 168 milliseconds"
│   wall_time_spent = "37 seconds, 518 milliseconds"
│   percent_complete = "90.0%"
│   estimated_sypd = "0.079"
│   date_now = 2026-01-14T14:36:41.035
└   estimated_finish_date = 2026-01-14T14:36:46.035
┌ Info: Progress
│   simulation_time = "19 minutes"
│   n_steps_completed = 38
│   wall_time_per_step = "1 second, 41 milliseconds"
│   wall_time_total = "41 seconds, 674 milliseconds"
│   wall_time_remaining = "2 seconds, 83 milliseconds"
│   wall_time_spent = "39 seconds, 591 milliseconds"
│   percent_complete = "95.0%"
│   estimated_sypd = "0.079"
│   date_now = 2026-01-14T14:36:43.108
└   estimated_finish_date = 2026-01-14T14:36:46.108
┌ Info: Progress
│   simulation_time = "20 minutes"
│   n_steps_completed = 40
│   wall_time_per_step = "1 second, 58 milliseconds"
│   wall_time_total = "42 seconds, 346 milliseconds"
│   wall_time_remaining = "0 seconds"
│   wall_time_spent = "42 seconds, 346 milliseconds"
│   percent_complete = "100.0%"
│   estimated_sypd = "0.078"
│   date_now = 2026-01-14T14:36:45.864
└   estimated_finish_date = 2026-01-14T14:36:45.864
[ Info: Simulation took 40.09063 seconds
[ Info: SYPD: 0.08194984661431182
[ Info: Walltime per coupling step: 1.0022657
[ Info: Using Atmos configuration from ClimaCoupler in config/atmos_configs/climaatmos_progedmf_1m.yml
[ Info: Using Atmos configuration from ClimaCoupler in config/atmos_configs/climaatmos_progedmf_1m.yml
[ Info: Plotting diagnostics for coupler, atmos, land, and ocean
[ Info: plotting debug in output/gpu_amip_progedmf_1M_land_he16/artifacts
┌ Warning: `shading = false` is not valid. Use `Makie.automatic`, `NoShading`, `FastShading` or `MultiLightShading`. Defaulting to `NoShading`.
└ @ Makie ~/.julia/packages/Makie/Y3ABD/src/lighting.jl:243
┌ Warning: `shading = false` is not valid. Use `Makie.automatic`, `NoShading`, `FastShading` or `MultiLightShading`. Defaulting to `NoShading`.
└ @ Makie ~/.julia/packages/Makie/Y3ABD/src/lighting.jl:243
┌ Warning: `shading = false` is not valid. Use `Makie.automatic`, `NoShading`, `FastShading` or `MultiLightShading`. Defaulting to `NoShading`.
└ @ Makie ~/.julia/packages/Makie/Y3ABD/src/lighting.jl:243
┌ Warning: `shading = false` is not valid. Use `Makie.automatic`, `NoShading`, `FastShading` or `MultiLightShading`. Defaulting to `NoShading`.
└ @ Makie ~/.julia/packages/Makie/Y3ABD/src/lighting.jl:243
┌ Warning: `shading = false` is not valid. Use `Makie.automatic`, `NoShading`, `FastShading` or `MultiLightShading`. Defaulting to `NoShading`.
└ @ Makie ~/.julia/packages/Makie/Y3ABD/src/lighting.jl:243
┌ Warning: `shading = false` is not valid. Use `Makie.automatic`, `NoShading`, `FastShading` or `MultiLightShading`. Defaulting to `NoShading`.
└ @ Makie ~/.julia/packages/Makie/Y3ABD/src/lighting.jl:243
┌ Warning: `shading = false` is not valid. Use `Makie.automatic`, `NoShading`, `FastShading` or `MultiLightShading`. Defaulting to `NoShading`.
└ @ Makie ~/.julia/packages/Makie/Y3ABD/src/lighting.jl:243
┌ Warning: `shading = false` is not valid. Use `Makie.automatic`, `NoShading`, `FastShading` or `MultiLightShading`. Defaulting to `NoShading`.
└ @ Makie ~/.julia/packages/Makie/Y3ABD/src/lighting.jl:243
┌ Warning: `shading = false` is not valid. Use `Makie.automatic`, `NoShading`, `FastShading` or `MultiLightShading`. Defaulting to `NoShading`.
└ @ Makie ~/.julia/packages/Makie/Y3ABD/src/lighting.jl:243
┌ Warning: `shading = false` is not valid. Use `Makie.automatic`, `NoShading`, `FastShading` or `MultiLightShading`. Defaulting to `NoShading`.
└ @ Makie ~/.julia/packages/Makie/Y3ABD/src/lighting.jl:243
┌ Warning: `shading = false` is not valid. Use `Makie.automatic`, `NoShading`, `FastShading` or `MultiLightShading`. Defaulting to `NoShading`.
└ @ Makie ~/.julia/packages/Makie/Y3ABD/src/lighting.jl:243
┌ Warning: `shading = false` is not valid. Use `Makie.automatic`, `NoShading`, `FastShading` or `MultiLightShading`. Defaulting to `NoShading`.
└ @ Makie ~/.julia/packages/Makie/Y3ABD/src/lighting.jl:243
2026-01-14 14:37:46 - Benchmark complete
2026-01-14 14:37:46 - Warning: Multiple artifacts directories found
